CRITICAL - 2026-06-06 08:30:29 --> CodeIgniter\View\Exceptions\ViewException: Invalid file: "admin/dashboard.php"
[Method: GET, Route: admin]
in SYSTEMPATH\Exceptions\FrameworkException.php on line 39.
 1 SYSTEMPATH\View\View.php(228): CodeIgniter\Exceptions\FrameworkException::forInvalidFile('admin/dashboard.php')
 2 SYSTEMPATH\Common.php(1254): CodeIgniter\View\View->render('admin/dashboard', [], true)
 3 APPPATH\Controllers\Admin.php(11): view('admin/dashboard')
 4 SYSTEMPATH\CodeIgniter.php(974): App\Controllers\Admin->index()
 5 SYSTEMPATH\CodeIgniter.php(520): CodeIgniter\CodeIgniter->runController(Object(App\Controllers\Admin))
 6 SYSTEMPATH\CodeIgniter.php(363): CodeIgniter\CodeIgniter->handleRequest(null, Object(Config\Cache), false)
 7 SYSTEMPATH\Boot.php(417): CodeIgniter\CodeIgniter->run()
 8 SYSTEMPATH\Boot.php(68): CodeIgniter\Boot::runCodeIgniter(Object(CodeIgniter\CodeIgniter))
 9 FCPATH\index.php(59): CodeIgniter\Boot::bootWeb(Object(Config\Paths))
CRITICAL - 2026-06-06 08:30:31 --> CodeIgniter\View\Exceptions\ViewException: Invalid file: "admin/dashboard.php"
[Method: GET, Route: admin]
in SYSTEMPATH\Exceptions\FrameworkException.php on line 39.
 1 SYSTEMPATH\View\View.php(228): CodeIgniter\Exceptions\FrameworkException::forInvalidFile('admin/dashboard.php')
 2 SYSTEMPATH\Common.php(1254): CodeIgniter\View\View->render('admin/dashboard', [], true)
 3 APPPATH\Controllers\Admin.php(11): view('admin/dashboard')
 4 SYSTEMPATH\CodeIgniter.php(974): App\Controllers\Admin->index()
 5 SYSTEMPATH\CodeIgniter.php(520): CodeIgniter\CodeIgniter->runController(Object(App\Controllers\Admin))
 6 SYSTEMPATH\CodeIgniter.php(363): CodeIgniter\CodeIgniter->handleRequest(null, Object(Config\Cache), false)
 7 SYSTEMPATH\Boot.php(417): CodeIgniter\CodeIgniter->run()
 8 SYSTEMPATH\Boot.php(68): CodeIgniter\Boot::runCodeIgniter(Object(CodeIgniter\CodeIgniter))
 9 FCPATH\index.php(59): CodeIgniter\Boot::bootWeb(Object(Config\Paths))
CRITICAL - 2026-06-06 08:32:26 --> CodeIgniter\View\Exceptions\ViewException: Invalid file: "admin/dashboard.php"
[Method: GET, Route: admin]
in SYSTEMPATH\Exceptions\FrameworkException.php on line 39.
 1 SYSTEMPATH\View\View.php(228): CodeIgniter\Exceptions\FrameworkException::forInvalidFile('admin/dashboard.php')
 2 SYSTEMPATH\Common.php(1254): CodeIgniter\View\View->render('admin/dashboard', [], true)
 3 APPPATH\Controllers\Admin.php(11): view('admin/dashboard')
 4 SYSTEMPATH\CodeIgniter.php(974): App\Controllers\Admin->index()
 5 SYSTEMPATH\CodeIgniter.php(520): CodeIgniter\CodeIgniter->runController(Object(App\Controllers\Admin))
 6 SYSTEMPATH\CodeIgniter.php(363): CodeIgniter\CodeIgniter->handleRequest(null, Object(Config\Cache), false)
 7 SYSTEMPATH\Boot.php(417): CodeIgniter\CodeIgniter->run()
 8 SYSTEMPATH\Boot.php(68): CodeIgniter\Boot::runCodeIgniter(Object(CodeIgniter\CodeIgniter))
 9 FCPATH\index.php(59): CodeIgniter\Boot::bootWeb(Object(Config\Paths))
CRITICAL - 2026-06-06 08:32:28 --> CodeIgniter\View\Exceptions\ViewException: Invalid file: "admin/dashboard.php"
[Method: GET, Route: admin]
in SYSTEMPATH\Exceptions\FrameworkException.php on line 39.
 1 SYSTEMPATH\View\View.php(228): CodeIgniter\Exceptions\FrameworkException::forInvalidFile('admin/dashboard.php')
 2 SYSTEMPATH\Common.php(1254): CodeIgniter\View\View->render('admin/dashboard', [], true)
 3 APPPATH\Controllers\Admin.php(11): view('admin/dashboard')
 4 SYSTEMPATH\CodeIgniter.php(974): App\Controllers\Admin->index()
 5 SYSTEMPATH\CodeIgniter.php(520): CodeIgniter\CodeIgniter->runController(Object(App\Controllers\Admin))
 6 SYSTEMPATH\CodeIgniter.php(363): CodeIgniter\CodeIgniter->handleRequest(null, Object(Config\Cache), false)
 7 SYSTEMPATH\Boot.php(417): CodeIgniter\CodeIgniter->run()
 8 SYSTEMPATH\Boot.php(68): CodeIgniter\Boot::runCodeIgniter(Object(CodeIgniter\CodeIgniter))
 9 FCPATH\index.php(59): CodeIgniter\Boot::bootWeb(Object(Config\Paths))
CRITICAL - 2026-06-06 08:32:59 --> CodeIgniter\View\Exceptions\ViewException: Invalid file: "admin/dashboard.php"
[Method: GET, Route: admin]
in SYSTEMPATH\Exceptions\FrameworkException.php on line 39.
 1 SYSTEMPATH\View\View.php(228): CodeIgniter\Exceptions\FrameworkException::forInvalidFile('admin/dashboard.php')
 2 SYSTEMPATH\Common.php(1254): CodeIgniter\View\View->render('admin/dashboard', [], true)
 3 APPPATH\Controllers\Admin.php(12): view('admin/dashboard')
 4 SYSTEMPATH\CodeIgniter.php(974): App\Controllers\Admin->index()
 5 SYSTEMPATH\CodeIgniter.php(520): CodeIgniter\CodeIgniter->runController(Object(App\Controllers\Admin))
 6 SYSTEMPATH\CodeIgniter.php(363): CodeIgniter\CodeIgniter->handleRequest(null, Object(Config\Cache), false)
 7 SYSTEMPATH\Boot.php(417): CodeIgniter\CodeIgniter->run()
 8 SYSTEMPATH\Boot.php(68): CodeIgniter\Boot::runCodeIgniter(Object(CodeIgniter\CodeIgniter))
 9 FCPATH\index.php(59): CodeIgniter\Boot::bootWeb(Object(Config\Paths))
CRITICAL - 2026-06-06 08:33:00 --> CodeIgniter\View\Exceptions\ViewException: Invalid file: "admin/dashboard.php"
[Method: GET, Route: admin]
in SYSTEMPATH\Exceptions\FrameworkException.php on line 39.
 1 SYSTEMPATH\View\View.php(228): CodeIgniter\Exceptions\FrameworkException::forInvalidFile('admin/dashboard.php')
 2 SYSTEMPATH\Common.php(1254): CodeIgniter\View\View->render('admin/dashboard', [], true)
 3 APPPATH\Controllers\Admin.php(12): view('admin/dashboard')
 4 SYSTEMPATH\CodeIgniter.php(974): App\Controllers\Admin->index()
 5 SYSTEMPATH\CodeIgniter.php(520): CodeIgniter\CodeIgniter->runController(Object(App\Controllers\Admin))
 6 SYSTEMPATH\CodeIgniter.php(363): CodeIgniter\CodeIgniter->handleRequest(null, Object(Config\Cache), false)
 7 SYSTEMPATH\Boot.php(417): CodeIgniter\CodeIgniter->run()
 8 SYSTEMPATH\Boot.php(68): CodeIgniter\Boot::runCodeIgniter(Object(CodeIgniter\CodeIgniter))
 9 FCPATH\index.php(59): CodeIgniter\Boot::bootWeb(Object(Config\Paths))
CRITICAL - 2026-06-06 08:34:14 --> CodeIgniter\View\Exceptions\ViewException: Invalid file: "admin/dashboard.php"
[Method: GET, Route: admin]
in SYSTEMPATH\Exceptions\FrameworkException.php on line 39.
 1 SYSTEMPATH\View\View.php(228): CodeIgniter\Exceptions\FrameworkException::forInvalidFile('admin/dashboard.php')
 2 SYSTEMPATH\Common.php(1254): CodeIgniter\View\View->render('admin/dashboard', [], true)
 3 APPPATH\Controllers\Admin.php(12): view('admin/dashboard')
 4 SYSTEMPATH\CodeIgniter.php(974): App\Controllers\Admin->index()
 5 SYSTEMPATH\CodeIgniter.php(520): CodeIgniter\CodeIgniter->runController(Object(App\Controllers\Admin))
 6 SYSTEMPATH\CodeIgniter.php(363): CodeIgniter\CodeIgniter->handleRequest(null, Object(Config\Cache), false)
 7 SYSTEMPATH\Boot.php(417): CodeIgniter\CodeIgniter->run()
 8 SYSTEMPATH\Boot.php(68): CodeIgniter\Boot::runCodeIgniter(Object(CodeIgniter\CodeIgniter))
 9 FCPATH\index.php(59): CodeIgniter\Boot::bootWeb(Object(Config\Paths))
CRITICAL - 2026-06-06 08:34:52 --> CodeIgniter\View\Exceptions\ViewException: Invalid file: "admin/dashboard.php"
[Method: GET, Route: admin]
in SYSTEMPATH\Exceptions\FrameworkException.php on line 39.
 1 SYSTEMPATH\View\View.php(228): CodeIgniter\Exceptions\FrameworkException::forInvalidFile('admin/dashboard.php')
 2 SYSTEMPATH\Common.php(1254): CodeIgniter\View\View->render('admin/dashboard', [], true)
 3 APPPATH\Controllers\Admin.php(12): view('admin/dashboard')
 4 SYSTEMPATH\CodeIgniter.php(974): App\Controllers\Admin->index()
 5 SYSTEMPATH\CodeIgniter.php(520): CodeIgniter\CodeIgniter->runController(Object(App\Controllers\Admin))
 6 SYSTEMPATH\CodeIgniter.php(363): CodeIgniter\CodeIgniter->handleRequest(null, Object(Config\Cache), false)
 7 SYSTEMPATH\Boot.php(417): CodeIgniter\CodeIgniter->run()
 8 SYSTEMPATH\Boot.php(68): CodeIgniter\Boot::runCodeIgniter(Object(CodeIgniter\CodeIgniter))
 9 FCPATH\index.php(59): CodeIgniter\Boot::bootWeb(Object(Config\Paths))
CRITICAL - 2026-06-06 08:35:41 --> CodeIgniter\View\Exceptions\ViewException: Invalid file: "admin/dashboard.php"
[Method: GET, Route: admin]
in SYSTEMPATH\Exceptions\FrameworkException.php on line 39.
 1 SYSTEMPATH\View\View.php(228): CodeIgniter\Exceptions\FrameworkException::forInvalidFile('admin/dashboard.php')
 2 SYSTEMPATH\Common.php(1254): CodeIgniter\View\View->render('admin/dashboard', [], true)
 3 APPPATH\Controllers\Admin.php(9): view('admin/dashboard')
 4 SYSTEMPATH\CodeIgniter.php(974): App\Controllers\Admin->index()
 5 SYSTEMPATH\CodeIgniter.php(520): CodeIgniter\CodeIgniter->runController(Object(App\Controllers\Admin))
 6 SYSTEMPATH\CodeIgniter.php(363): CodeIgniter\CodeIgniter->handleRequest(null, Object(Config\Cache), false)
 7 SYSTEMPATH\Boot.php(417): CodeIgniter\CodeIgniter->run()
 8 SYSTEMPATH\Boot.php(68): CodeIgniter\Boot::runCodeIgniter(Object(CodeIgniter\CodeIgniter))
 9 FCPATH\index.php(59): CodeIgniter\Boot::bootWeb(Object(Config\Paths))
CRITICAL - 2026-06-06 08:35:43 --> CodeIgniter\View\Exceptions\ViewException: Invalid file: "admin/dashboard.php"
[Method: GET, Route: admin]
in SYSTEMPATH\Exceptions\FrameworkException.php on line 39.
 1 SYSTEMPATH\View\View.php(228): CodeIgniter\Exceptions\FrameworkException::forInvalidFile('admin/dashboard.php')
 2 SYSTEMPATH\Common.php(1254): CodeIgniter\View\View->render('admin/dashboard', [], true)
 3 APPPATH\Controllers\Admin.php(9): view('admin/dashboard')
 4 SYSTEMPATH\CodeIgniter.php(974): App\Controllers\Admin->index()
 5 SYSTEMPATH\CodeIgniter.php(520): CodeIgniter\CodeIgniter->runController(Object(App\Controllers\Admin))
 6 SYSTEMPATH\CodeIgniter.php(363): CodeIgniter\CodeIgniter->handleRequest(null, Object(Config\Cache), false)
 7 SYSTEMPATH\Boot.php(417): CodeIgniter\CodeIgniter->run()
 8 SYSTEMPATH\Boot.php(68): CodeIgniter\Boot::runCodeIgniter(Object(CodeIgniter\CodeIgniter))
 9 FCPATH\index.php(59): CodeIgniter\Boot::bootWeb(Object(Config\Paths))
CRITICAL - 2026-06-06 08:35:45 --> CodeIgniter\View\Exceptions\ViewException: Invalid file: "admin/dashboard.php"
[Method: GET, Route: admin]
in SYSTEMPATH\Exceptions\FrameworkException.php on line 39.
 1 SYSTEMPATH\View\View.php(228): CodeIgniter\Exceptions\FrameworkException::forInvalidFile('admin/dashboard.php')
 2 SYSTEMPATH\Common.php(1254): CodeIgniter\View\View->render('admin/dashboard', [], true)
 3 APPPATH\Controllers\Admin.php(9): view('admin/dashboard')
 4 SYSTEMPATH\CodeIgniter.php(974): App\Controllers\Admin->index()
 5 SYSTEMPATH\CodeIgniter.php(520): CodeIgniter\CodeIgniter->runController(Object(App\Controllers\Admin))
 6 SYSTEMPATH\CodeIgniter.php(363): CodeIgniter\CodeIgniter->handleRequest(null, Object(Config\Cache), false)
 7 SYSTEMPATH\Boot.php(417): CodeIgniter\CodeIgniter->run()
 8 SYSTEMPATH\Boot.php(68): CodeIgniter\Boot::runCodeIgniter(Object(CodeIgniter\CodeIgniter))
 9 FCPATH\index.php(59): CodeIgniter\Boot::bootWeb(Object(Config\Paths))
CRITICAL - 2026-06-06 08:35:58 --> CodeIgniter\View\Exceptions\ViewException: Invalid file: "admin/dashboard.php"
[Method: GET, Route: admin]
in SYSTEMPATH\Exceptions\FrameworkException.php on line 39.
 1 SYSTEMPATH\View\View.php(228): CodeIgniter\Exceptions\FrameworkException::forInvalidFile('admin/dashboard.php')
 2 SYSTEMPATH\Common.php(1254): CodeIgniter\View\View->render('admin/dashboard', [], true)
 3 APPPATH\Controllers\Admin.php(10): view('admin/dashboard')
 4 SYSTEMPATH\CodeIgniter.php(974): App\Controllers\Admin->index()
 5 SYSTEMPATH\CodeIgniter.php(520): CodeIgniter\CodeIgniter->runController(Object(App\Controllers\Admin))
 6 SYSTEMPATH\CodeIgniter.php(363): CodeIgniter\CodeIgniter->handleRequest(null, Object(Config\Cache), false)
 7 SYSTEMPATH\Boot.php(417): CodeIgniter\CodeIgniter->run()
 8 SYSTEMPATH\Boot.php(68): CodeIgniter\Boot::runCodeIgniter(Object(CodeIgniter\CodeIgniter))
 9 FCPATH\index.php(59): CodeIgniter\Boot::bootWeb(Object(Config\Paths))
CRITICAL - 2026-06-06 08:36:09 --> CodeIgniter\View\Exceptions\ViewException: Invalid file: "admin/dashboard.php"
[Method: GET, Route: admin]
in SYSTEMPATH\Exceptions\FrameworkException.php on line 39.
 1 SYSTEMPATH\View\View.php(228): CodeIgniter\Exceptions\FrameworkException::forInvalidFile('admin/dashboard.php')
 2 SYSTEMPATH\Common.php(1254): CodeIgniter\View\View->render('admin/dashboard', [], true)
 3 APPPATH\Controllers\Admin.php(10): view('admin/dashboard')
 4 SYSTEMPATH\CodeIgniter.php(974): App\Controllers\Admin->index()
 5 SYSTEMPATH\CodeIgniter.php(520): CodeIgniter\CodeIgniter->runController(Object(App\Controllers\Admin))
 6 SYSTEMPATH\CodeIgniter.php(363): CodeIgniter\CodeIgniter->handleRequest(null, Object(Config\Cache), false)
 7 SYSTEMPATH\Boot.php(417): CodeIgniter\CodeIgniter->run()
 8 SYSTEMPATH\Boot.php(68): CodeIgniter\Boot::runCodeIgniter(Object(CodeIgniter\CodeIgniter))
 9 FCPATH\index.php(59): CodeIgniter\Boot::bootWeb(Object(Config\Paths))
ERROR - 2026-06-06 09:00:03 --> Error connecting to the database: mysqli_sql_exception: No connection could be made because the target machine actively refused it in D:\xampp\htdocs\gbinsurance\system\Database\MySQLi\Connection.php:201
Stack trace:
#0 D:\xampp\htdocs\gbinsurance\system\Database\MySQLi\Connection.php(201): mysqli->real_connect('localhost', '', Object(SensitiveParameterValue), '', 3306, '', 0)
#1 D:\xampp\htdocs\gbinsurance\system\Database\BaseConnection.php(555): CodeIgniter\Database\MySQLi\Connection->connect(false)
#2 D:\xampp\htdocs\gbinsurance\system\Database\BaseConnection.php(795): CodeIgniter\Database\BaseConnection->initialize()
#3 D:\xampp\htdocs\gbinsurance\system\Database\BaseBuilder.php(1676): CodeIgniter\Database\BaseConnection->query('SELECT COUNT(*)...', NULL, false)
#4 D:\xampp\htdocs\gbinsurance\system\Model.php(761): CodeIgniter\Database\BaseBuilder->countAll()
#5 D:\xampp\htdocs\gbinsurance\app\Controllers\Admin.php(99): CodeIgniter\Model->__call('countAll', Array)
#6 D:\xampp\htdocs\gbinsurance\system\CodeIgniter.php(974): App\Controllers\Admin->searchPolicy()
#7 D:\xampp\htdocs\gbinsurance\system\CodeIgniter.php(520): CodeIgniter\CodeIgniter->runController(Object(App\Controllers\Admin))
#8 D:\xampp\htdocs\gbinsurance\system\CodeIgniter.php(363): CodeIgniter\CodeIgniter->handleRequest(NULL, Object(Config\Cache), false)
#9 D:\xampp\htdocs\gbinsurance\system\Boot.php(417): CodeIgniter\CodeIgniter->run()
#10 D:\xampp\htdocs\gbinsurance\system\Boot.php(68): CodeIgniter\Boot::runCodeIgniter(Object(CodeIgniter\CodeIgniter))
#11 D:\xampp\htdocs\gbinsurance\public\index.php(59): CodeIgniter\Boot::bootWeb(Object(Config\Paths))
#12 {main}

Next CodeIgniter\Database\Exceptions\DatabaseException: No connection could be made because the target machine actively refused it in D:\xampp\htdocs\gbinsurance\system\Database\MySQLi\Connection.php:231
Stack trace:
#0 D:\xampp\htdocs\gbinsurance\system\Database\BaseConnection.php(555): CodeIgniter\Database\MySQLi\Connection->connect(false)
#1 D:\xampp\htdocs\gbinsurance\system\Database\BaseConnection.php(795): CodeIgniter\Database\BaseConnection->initialize()
#2 D:\xampp\htdocs\gbinsurance\system\Database\BaseBuilder.php(1676): CodeIgniter\Database\BaseConnection->query('SELECT COUNT(*)...', NULL, false)
#3 D:\xampp\htdocs\gbinsurance\system\Model.php(761): CodeIgniter\Database\BaseBuilder->countAll()
#4 D:\xampp\htdocs\gbinsurance\app\Controllers\Admin.php(99): CodeIgniter\Model->__call('countAll', Array)
#5 D:\xampp\htdocs\gbinsurance\system\CodeIgniter.php(974): App\Controllers\Admin->searchPolicy()
#6 D:\xampp\htdocs\gbinsurance\system\CodeIgniter.php(520): CodeIgniter\CodeIgniter->runController(Object(App\Controllers\Admin))
#7 D:\xampp\htdocs\gbinsurance\system\CodeIgniter.php(363): CodeIgniter\CodeIgniter->handleRequest(NULL, Object(Config\Cache), false)
#8 D:\xampp\htdocs\gbinsurance\system\Boot.php(417): CodeIgniter\CodeIgniter->run()
#9 D:\xampp\htdocs\gbinsurance\system\Boot.php(68): CodeIgniter\Boot::runCodeIgniter(Object(CodeIgniter\CodeIgniter))
#10 D:\xampp\htdocs\gbinsurance\public\index.php(59): CodeIgniter\Boot::bootWeb(Object(Config\Paths))
#11 {main}
CRITICAL - 2026-06-06 09:00:03 --> CodeIgniter\Database\Exceptions\DatabaseException: Unable to connect to the database.
Main connection [MySQLi]: No connection could be made because the target machine actively refused it
[Method: GET, Route: admin/search]
in SYSTEMPATH\Database\BaseConnection.php on line 606.
 1 SYSTEMPATH\Database\BaseConnection.php(795): CodeIgniter\Database\BaseConnection->initialize()
 2 SYSTEMPATH\Database\BaseBuilder.php(1676): CodeIgniter\Database\BaseConnection->query('SELECT COUNT(*) AS `numrows` FROM `policies`', null, false)
 3 SYSTEMPATH\Model.php(761): CodeIgniter\Database\BaseBuilder->countAll()
 4 APPPATH\Controllers\Admin.php(99): CodeIgniter\Model->__call('countAll', [])
 5 SYSTEMPATH\CodeIgniter.php(974): App\Controllers\Admin->searchPolicy()
 6 SYSTEMPATH\CodeIgniter.php(520): CodeIgniter\CodeIgniter->runController(Object(App\Controllers\Admin))
 7 SYSTEMPATH\CodeIgniter.php(363): CodeIgniter\CodeIgniter->handleRequest(null, Object(Config\Cache), false)
 8 SYSTEMPATH\Boot.php(417): CodeIgniter\CodeIgniter->run()
 9 SYSTEMPATH\Boot.php(68): CodeIgniter\Boot::runCodeIgniter(Object(CodeIgniter\CodeIgniter))
10 FCPATH\index.php(59): CodeIgniter\Boot::bootWeb(Object(Config\Paths))
ERROR - 2026-06-06 09:00:16 --> Error connecting to the database: mysqli_sql_exception: No connection could be made because the target machine actively refused it in D:\xampp\htdocs\gbinsurance\system\Database\MySQLi\Connection.php:201
Stack trace:
#0 D:\xampp\htdocs\gbinsurance\system\Database\MySQLi\Connection.php(201): mysqli->real_connect('localhost', '', Object(SensitiveParameterValue), '', 3306, '', 0)
#1 D:\xampp\htdocs\gbinsurance\system\Database\BaseConnection.php(555): CodeIgniter\Database\MySQLi\Connection->connect(false)
#2 D:\xampp\htdocs\gbinsurance\system\Database\BaseConnection.php(795): CodeIgniter\Database\BaseConnection->initialize()
#3 D:\xampp\htdocs\gbinsurance\system\Database\BaseBuilder.php(1676): CodeIgniter\Database\BaseConnection->query('SELECT COUNT(*)...', NULL, false)
#4 D:\xampp\htdocs\gbinsurance\system\Model.php(761): CodeIgniter\Database\BaseBuilder->countAll()
#5 D:\xampp\htdocs\gbinsurance\app\Controllers\Admin.php(99): CodeIgniter\Model->__call('countAll', Array)
#6 D:\xampp\htdocs\gbinsurance\system\CodeIgniter.php(974): App\Controllers\Admin->searchPolicy()
#7 D:\xampp\htdocs\gbinsurance\system\CodeIgniter.php(520): CodeIgniter\CodeIgniter->runController(Object(App\Controllers\Admin))
#8 D:\xampp\htdocs\gbinsurance\system\CodeIgniter.php(363): CodeIgniter\CodeIgniter->handleRequest(NULL, Object(Config\Cache), false)
#9 D:\xampp\htdocs\gbinsurance\system\Boot.php(417): CodeIgniter\CodeIgniter->run()
#10 D:\xampp\htdocs\gbinsurance\system\Boot.php(68): CodeIgniter\Boot::runCodeIgniter(Object(CodeIgniter\CodeIgniter))
#11 D:\xampp\htdocs\gbinsurance\public\index.php(59): CodeIgniter\Boot::bootWeb(Object(Config\Paths))
#12 {main}

Next CodeIgniter\Database\Exceptions\DatabaseException: No connection could be made because the target machine actively refused it in D:\xampp\htdocs\gbinsurance\system\Database\MySQLi\Connection.php:231
Stack trace:
#0 D:\xampp\htdocs\gbinsurance\system\Database\BaseConnection.php(555): CodeIgniter\Database\MySQLi\Connection->connect(false)
#1 D:\xampp\htdocs\gbinsurance\system\Database\BaseConnection.php(795): CodeIgniter\Database\BaseConnection->initialize()
#2 D:\xampp\htdocs\gbinsurance\system\Database\BaseBuilder.php(1676): CodeIgniter\Database\BaseConnection->query('SELECT COUNT(*)...', NULL, false)
#3 D:\xampp\htdocs\gbinsurance\system\Model.php(761): CodeIgniter\Database\BaseBuilder->countAll()
#4 D:\xampp\htdocs\gbinsurance\app\Controllers\Admin.php(99): CodeIgniter\Model->__call('countAll', Array)
#5 D:\xampp\htdocs\gbinsurance\system\CodeIgniter.php(974): App\Controllers\Admin->searchPolicy()
#6 D:\xampp\htdocs\gbinsurance\system\CodeIgniter.php(520): CodeIgniter\CodeIgniter->runController(Object(App\Controllers\Admin))
#7 D:\xampp\htdocs\gbinsurance\system\CodeIgniter.php(363): CodeIgniter\CodeIgniter->handleRequest(NULL, Object(Config\Cache), false)
#8 D:\xampp\htdocs\gbinsurance\system\Boot.php(417): CodeIgniter\CodeIgniter->run()
#9 D:\xampp\htdocs\gbinsurance\system\Boot.php(68): CodeIgniter\Boot::runCodeIgniter(Object(CodeIgniter\CodeIgniter))
#10 D:\xampp\htdocs\gbinsurance\public\index.php(59): CodeIgniter\Boot::bootWeb(Object(Config\Paths))
#11 {main}
CRITICAL - 2026-06-06 09:00:16 --> CodeIgniter\Database\Exceptions\DatabaseException: Unable to connect to the database.
Main connection [MySQLi]: No connection could be made because the target machine actively refused it
[Method: GET, Route: admin/search]
in SYSTEMPATH\Database\BaseConnection.php on line 606.
 1 SYSTEMPATH\Database\BaseConnection.php(795): CodeIgniter\Database\BaseConnection->initialize()
 2 SYSTEMPATH\Database\BaseBuilder.php(1676): CodeIgniter\Database\BaseConnection->query('SELECT COUNT(*) AS `numrows` FROM `policies`', null, false)
 3 SYSTEMPATH\Model.php(761): CodeIgniter\Database\BaseBuilder->countAll()
 4 APPPATH\Controllers\Admin.php(99): CodeIgniter\Model->__call('countAll', [])
 5 SYSTEMPATH\CodeIgniter.php(974): App\Controllers\Admin->searchPolicy()
 6 SYSTEMPATH\CodeIgniter.php(520): CodeIgniter\CodeIgniter->runController(Object(App\Controllers\Admin))
 7 SYSTEMPATH\CodeIgniter.php(363): CodeIgniter\CodeIgniter->handleRequest(null, Object(Config\Cache), false)
 8 SYSTEMPATH\Boot.php(417): CodeIgniter\CodeIgniter->run()
 9 SYSTEMPATH\Boot.php(68): CodeIgniter\Boot::runCodeIgniter(Object(CodeIgniter\CodeIgniter))
10 FCPATH\index.php(59): CodeIgniter\Boot::bootWeb(Object(Config\Paths))
ERROR - 2026-06-06 09:00:26 --> Error connecting to the database: mysqli_sql_exception: No connection could be made because the target machine actively refused it in D:\xampp\htdocs\gbinsurance\system\Database\MySQLi\Connection.php:201
Stack trace:
#0 D:\xampp\htdocs\gbinsurance\system\Database\MySQLi\Connection.php(201): mysqli->real_connect('localhost', '', Object(SensitiveParameterValue), '', 3306, '', 0)
#1 D:\xampp\htdocs\gbinsurance\system\Database\BaseConnection.php(555): CodeIgniter\Database\MySQLi\Connection->connect(false)
#2 D:\xampp\htdocs\gbinsurance\system\Database\BaseConnection.php(795): CodeIgniter\Database\BaseConnection->initialize()
#3 D:\xampp\htdocs\gbinsurance\system\Database\BaseBuilder.php(1647): CodeIgniter\Database\BaseConnection->query('SELECT *\nFROM `...', Array, false)
#4 D:\xampp\htdocs\gbinsurance\system\Model.php(255): CodeIgniter\Database\BaseBuilder->get()
#5 D:\xampp\htdocs\gbinsurance\system\BaseModel.php(676): CodeIgniter\Model->doFindAll(0, 0)
#6 D:\xampp\htdocs\gbinsurance\app\Models\PolicyModel.php(79): CodeIgniter\BaseModel->findAll()
#7 D:\xampp\htdocs\gbinsurance\app\Controllers\Admin.php(166): App\Models\PolicyModel->getExpiredCurrentMonth(25, 0)
#8 D:\xampp\htdocs\gbinsurance\system\CodeIgniter.php(974): App\Controllers\Admin->expiredCurrentMonthApi()
#9 D:\xampp\htdocs\gbinsurance\system\CodeIgniter.php(520): CodeIgniter\CodeIgniter->runController(Object(App\Controllers\Admin))
#10 D:\xampp\htdocs\gbinsurance\system\CodeIgniter.php(363): CodeIgniter\CodeIgniter->handleRequest(NULL, Object(Config\Cache), false)
#11 D:\xampp\htdocs\gbinsurance\system\Boot.php(417): CodeIgniter\CodeIgniter->run()
#12 D:\xampp\htdocs\gbinsurance\system\Boot.php(68): CodeIgniter\Boot::runCodeIgniter(Object(CodeIgniter\CodeIgniter))
#13 D:\xampp\htdocs\gbinsurance\public\index.php(59): CodeIgniter\Boot::bootWeb(Object(Config\Paths))
#14 {main}

Next CodeIgniter\Database\Exceptions\DatabaseException: No connection could be made because the target machine actively refused it in D:\xampp\htdocs\gbinsurance\system\Database\MySQLi\Connection.php:231
Stack trace:
#0 D:\xampp\htdocs\gbinsurance\system\Database\BaseConnection.php(555): CodeIgniter\Database\MySQLi\Connection->connect(false)
#1 D:\xampp\htdocs\gbinsurance\system\Database\BaseConnection.php(795): CodeIgniter\Database\BaseConnection->initialize()
#2 D:\xampp\htdocs\gbinsurance\system\Database\BaseBuilder.php(1647): CodeIgniter\Database\BaseConnection->query('SELECT *\nFROM `...', Array, false)
#3 D:\xampp\htdocs\gbinsurance\system\Model.php(255): CodeIgniter\Database\BaseBuilder->get()
#4 D:\xampp\htdocs\gbinsurance\system\BaseModel.php(676): CodeIgniter\Model->doFindAll(0, 0)
#5 D:\xampp\htdocs\gbinsurance\app\Models\PolicyModel.php(79): CodeIgniter\BaseModel->findAll()
#6 D:\xampp\htdocs\gbinsurance\app\Controllers\Admin.php(166): App\Models\PolicyModel->getExpiredCurrentMonth(25, 0)
#7 D:\xampp\htdocs\gbinsurance\system\CodeIgniter.php(974): App\Controllers\Admin->expiredCurrentMonthApi()
#8 D:\xampp\htdocs\gbinsurance\system\CodeIgniter.php(520): CodeIgniter\CodeIgniter->runController(Object(App\Controllers\Admin))
#9 D:\xampp\htdocs\gbinsurance\system\CodeIgniter.php(363): CodeIgniter\CodeIgniter->handleRequest(NULL, Object(Config\Cache), false)
#10 D:\xampp\htdocs\gbinsurance\system\Boot.php(417): CodeIgniter\CodeIgniter->run()
#11 D:\xampp\htdocs\gbinsurance\system\Boot.php(68): CodeIgniter\Boot::runCodeIgniter(Object(CodeIgniter\CodeIgniter))
#12 D:\xampp\htdocs\gbinsurance\public\index.php(59): CodeIgniter\Boot::bootWeb(Object(Config\Paths))
#13 {main}
CRITICAL - 2026-06-06 09:00:26 --> CodeIgniter\Database\Exceptions\DatabaseException: Unable to connect to the database.
Main connection [MySQLi]: No connection could be made because the target machine actively refused it
[Method: GET, Route: admin/expired-current-api]
in SYSTEMPATH\Database\BaseConnection.php on line 606.
 1 SYSTEMPATH\Database\BaseConnection.php(795): CodeIgniter\Database\BaseConnection->initialize()
 2 SYSTEMPATH\Database\BaseBuilder.php(1647): CodeIgniter\Database\BaseConnection->query('SELECT *
FROM `policies`
WHERE YEAR(expiry_date) = 2026
AND MONTH(expiry_date) = 06
ORDER BY `expiry_date` ASC
 LIMIT 25', [], false)
 3 SYSTEMPATH\Model.php(255): CodeIgniter\Database\BaseBuilder->get()
 4 SYSTEMPATH\BaseModel.php(676): CodeIgniter\Model->doFindAll(0, 0)
 5 APPPATH\Models\PolicyModel.php(79): CodeIgniter\BaseModel->findAll()
 6 APPPATH\Controllers\Admin.php(166): App\Models\PolicyModel->getExpiredCurrentMonth(25, 0)
 7 SYSTEMPATH\CodeIgniter.php(974): App\Controllers\Admin->expiredCurrentMonthApi()
 8 SYSTEMPATH\CodeIgniter.php(520): CodeIgniter\CodeIgniter->runController(Object(App\Controllers\Admin))
 9 SYSTEMPATH\CodeIgniter.php(363): CodeIgniter\CodeIgniter->handleRequest(null, Object(Config\Cache), false)
10 SYSTEMPATH\Boot.php(417): CodeIgniter\CodeIgniter->run()
11 SYSTEMPATH\Boot.php(68): CodeIgniter\Boot::runCodeIgniter(Object(CodeIgniter\CodeIgniter))
12 FCPATH\index.php(59): CodeIgniter\Boot::bootWeb(Object(Config\Paths))
ERROR - 2026-06-06 09:00:47 --> Error connecting to the database: mysqli_sql_exception: No connection could be made because the target machine actively refused it in D:\xampp\htdocs\gbinsurance\system\Database\MySQLi\Connection.php:201
Stack trace:
#0 D:\xampp\htdocs\gbinsurance\system\Database\MySQLi\Connection.php(201): mysqli->real_connect('localhost', '', Object(SensitiveParameterValue), '', 3306, '', 0)
#1 D:\xampp\htdocs\gbinsurance\system\Database\BaseConnection.php(555): CodeIgniter\Database\MySQLi\Connection->connect(false)
#2 D:\xampp\htdocs\gbinsurance\system\Database\BaseConnection.php(795): CodeIgniter\Database\BaseConnection->initialize()
#3 D:\xampp\htdocs\gbinsurance\system\Database\BaseBuilder.php(1647): CodeIgniter\Database\BaseConnection->query('SELECT *\nFROM `...', Array, false)
#4 D:\xampp\htdocs\gbinsurance\system\Model.php(255): CodeIgniter\Database\BaseBuilder->get()
#5 D:\xampp\htdocs\gbinsurance\system\BaseModel.php(676): CodeIgniter\Model->doFindAll(0, 0)
#6 D:\xampp\htdocs\gbinsurance\app\Models\PolicyModel.php(103): CodeIgniter\BaseModel->findAll()
#7 D:\xampp\htdocs\gbinsurance\app\Controllers\Admin.php(216): App\Models\PolicyModel->getExpiredNextMonth(25, 0)
#8 D:\xampp\htdocs\gbinsurance\system\CodeIgniter.php(974): App\Controllers\Admin->expiredNextMonthApi()
#9 D:\xampp\htdocs\gbinsurance\system\CodeIgniter.php(520): CodeIgniter\CodeIgniter->runController(Object(App\Controllers\Admin))
#10 D:\xampp\htdocs\gbinsurance\system\CodeIgniter.php(363): CodeIgniter\CodeIgniter->handleRequest(NULL, Object(Config\Cache), false)
#11 D:\xampp\htdocs\gbinsurance\system\Boot.php(417): CodeIgniter\CodeIgniter->run()
#12 D:\xampp\htdocs\gbinsurance\system\Boot.php(68): CodeIgniter\Boot::runCodeIgniter(Object(CodeIgniter\CodeIgniter))
#13 D:\xampp\htdocs\gbinsurance\public\index.php(59): CodeIgniter\Boot::bootWeb(Object(Config\Paths))
#14 {main}

Next CodeIgniter\Database\Exceptions\DatabaseException: No connection could be made because the target machine actively refused it in D:\xampp\htdocs\gbinsurance\system\Database\MySQLi\Connection.php:231
Stack trace:
#0 D:\xampp\htdocs\gbinsurance\system\Database\BaseConnection.php(555): CodeIgniter\Database\MySQLi\Connection->connect(false)
#1 D:\xampp\htdocs\gbinsurance\system\Database\BaseConnection.php(795): CodeIgniter\Database\BaseConnection->initialize()
#2 D:\xampp\htdocs\gbinsurance\system\Database\BaseBuilder.php(1647): CodeIgniter\Database\BaseConnection->query('SELECT *\nFROM `...', Array, false)
#3 D:\xampp\htdocs\gbinsurance\system\Model.php(255): CodeIgniter\Database\BaseBuilder->get()
#4 D:\xampp\htdocs\gbinsurance\system\BaseModel.php(676): CodeIgniter\Model->doFindAll(0, 0)
#5 D:\xampp\htdocs\gbinsurance\app\Models\PolicyModel.php(103): CodeIgniter\BaseModel->findAll()
#6 D:\xampp\htdocs\gbinsurance\app\Controllers\Admin.php(216): App\Models\PolicyModel->getExpiredNextMonth(25, 0)
#7 D:\xampp\htdocs\gbinsurance\system\CodeIgniter.php(974): App\Controllers\Admin->expiredNextMonthApi()
#8 D:\xampp\htdocs\gbinsurance\system\CodeIgniter.php(520): CodeIgniter\CodeIgniter->runController(Object(App\Controllers\Admin))
#9 D:\xampp\htdocs\gbinsurance\system\CodeIgniter.php(363): CodeIgniter\CodeIgniter->handleRequest(NULL, Object(Config\Cache), false)
#10 D:\xampp\htdocs\gbinsurance\system\Boot.php(417): CodeIgniter\CodeIgniter->run()
#11 D:\xampp\htdocs\gbinsurance\system\Boot.php(68): CodeIgniter\Boot::runCodeIgniter(Object(CodeIgniter\CodeIgniter))
#12 D:\xampp\htdocs\gbinsurance\public\index.php(59): CodeIgniter\Boot::bootWeb(Object(Config\Paths))
#13 {main}
CRITICAL - 2026-06-06 09:00:47 --> CodeIgniter\Database\Exceptions\DatabaseException: Unable to connect to the database.
Main connection [MySQLi]: No connection could be made because the target machine actively refused it
[Method: GET, Route: admin/expired-next-api]
in SYSTEMPATH\Database\BaseConnection.php on line 606.
 1 SYSTEMPATH\Database\BaseConnection.php(795): CodeIgniter\Database\BaseConnection->initialize()
 2 SYSTEMPATH\Database\BaseBuilder.php(1647): CodeIgniter\Database\BaseConnection->query('SELECT *
FROM `policies`
WHERE YEAR(expiry_date) = 2026
AND MONTH(expiry_date) = 7
ORDER BY `expiry_date` ASC
 LIMIT 25', [], false)
 3 SYSTEMPATH\Model.php(255): CodeIgniter\Database\BaseBuilder->get()
 4 SYSTEMPATH\BaseModel.php(676): CodeIgniter\Model->doFindAll(0, 0)
 5 APPPATH\Models\PolicyModel.php(103): CodeIgniter\BaseModel->findAll()
 6 APPPATH\Controllers\Admin.php(216): App\Models\PolicyModel->getExpiredNextMonth(25, 0)
 7 SYSTEMPATH\CodeIgniter.php(974): App\Controllers\Admin->expiredNextMonthApi()
 8 SYSTEMPATH\CodeIgniter.php(520): CodeIgniter\CodeIgniter->runController(Object(App\Controllers\Admin))
 9 SYSTEMPATH\CodeIgniter.php(363): CodeIgniter\CodeIgniter->handleRequest(null, Object(Config\Cache), false)
10 SYSTEMPATH\Boot.php(417): CodeIgniter\CodeIgniter->run()
11 SYSTEMPATH\Boot.php(68): CodeIgniter\Boot::runCodeIgniter(Object(CodeIgniter\CodeIgniter))
12 FCPATH\index.php(59): CodeIgniter\Boot::bootWeb(Object(Config\Paths))
ERROR - 2026-06-06 09:01:27 --> Error connecting to the database: mysqli_sql_exception: No connection could be made because the target machine actively refused it in D:\xampp\htdocs\gbinsurance\system\Database\MySQLi\Connection.php:201
Stack trace:
#0 D:\xampp\htdocs\gbinsurance\system\Database\MySQLi\Connection.php(201): mysqli->real_connect('localhost', '', Object(SensitiveParameterValue), '', 3306, '', 0)
#1 D:\xampp\htdocs\gbinsurance\system\Database\BaseConnection.php(555): CodeIgniter\Database\MySQLi\Connection->connect(false)
#2 D:\xampp\htdocs\gbinsurance\system\Database\BaseConnection.php(795): CodeIgniter\Database\BaseConnection->initialize()
#3 D:\xampp\htdocs\gbinsurance\system\Database\BaseBuilder.php(1647): CodeIgniter\Database\BaseConnection->query('SELECT *\nFROM `...', Array, false)
#4 D:\xampp\htdocs\gbinsurance\system\Model.php(255): CodeIgniter\Database\BaseBuilder->get()
#5 D:\xampp\htdocs\gbinsurance\system\BaseModel.php(676): CodeIgniter\Model->doFindAll(0, 0)
#6 D:\xampp\htdocs\gbinsurance\app\Models\PolicyModel.php(79): CodeIgniter\BaseModel->findAll()
#7 D:\xampp\htdocs\gbinsurance\app\Controllers\Admin.php(166): App\Models\PolicyModel->getExpiredCurrentMonth(25, 0)
#8 D:\xampp\htdocs\gbinsurance\system\CodeIgniter.php(974): App\Controllers\Admin->expiredCurrentMonthApi()
#9 D:\xampp\htdocs\gbinsurance\system\CodeIgniter.php(520): CodeIgniter\CodeIgniter->runController(Object(App\Controllers\Admin))
#10 D:\xampp\htdocs\gbinsurance\system\CodeIgniter.php(363): CodeIgniter\CodeIgniter->handleRequest(NULL, Object(Config\Cache), false)
#11 D:\xampp\htdocs\gbinsurance\system\Boot.php(417): CodeIgniter\CodeIgniter->run()
#12 D:\xampp\htdocs\gbinsurance\system\Boot.php(68): CodeIgniter\Boot::runCodeIgniter(Object(CodeIgniter\CodeIgniter))
#13 D:\xampp\htdocs\gbinsurance\public\index.php(59): CodeIgniter\Boot::bootWeb(Object(Config\Paths))
#14 {main}

Next CodeIgniter\Database\Exceptions\DatabaseException: No connection could be made because the target machine actively refused it in D:\xampp\htdocs\gbinsurance\system\Database\MySQLi\Connection.php:231
Stack trace:
#0 D:\xampp\htdocs\gbinsurance\system\Database\BaseConnection.php(555): CodeIgniter\Database\MySQLi\Connection->connect(false)
#1 D:\xampp\htdocs\gbinsurance\system\Database\BaseConnection.php(795): CodeIgniter\Database\BaseConnection->initialize()
#2 D:\xampp\htdocs\gbinsurance\system\Database\BaseBuilder.php(1647): CodeIgniter\Database\BaseConnection->query('SELECT *\nFROM `...', Array, false)
#3 D:\xampp\htdocs\gbinsurance\system\Model.php(255): CodeIgniter\Database\BaseBuilder->get()
#4 D:\xampp\htdocs\gbinsurance\system\BaseModel.php(676): CodeIgniter\Model->doFindAll(0, 0)
#5 D:\xampp\htdocs\gbinsurance\app\Models\PolicyModel.php(79): CodeIgniter\BaseModel->findAll()
#6 D:\xampp\htdocs\gbinsurance\app\Controllers\Admin.php(166): App\Models\PolicyModel->getExpiredCurrentMonth(25, 0)
#7 D:\xampp\htdocs\gbinsurance\system\CodeIgniter.php(974): App\Controllers\Admin->expiredCurrentMonthApi()
#8 D:\xampp\htdocs\gbinsurance\system\CodeIgniter.php(520): CodeIgniter\CodeIgniter->runController(Object(App\Controllers\Admin))
#9 D:\xampp\htdocs\gbinsurance\system\CodeIgniter.php(363): CodeIgniter\CodeIgniter->handleRequest(NULL, Object(Config\Cache), false)
#10 D:\xampp\htdocs\gbinsurance\system\Boot.php(417): CodeIgniter\CodeIgniter->run()
#11 D:\xampp\htdocs\gbinsurance\system\Boot.php(68): CodeIgniter\Boot::runCodeIgniter(Object(CodeIgniter\CodeIgniter))
#12 D:\xampp\htdocs\gbinsurance\public\index.php(59): CodeIgniter\Boot::bootWeb(Object(Config\Paths))
#13 {main}
CRITICAL - 2026-06-06 09:01:27 --> CodeIgniter\Database\Exceptions\DatabaseException: Unable to connect to the database.
Main connection [MySQLi]: No connection could be made because the target machine actively refused it
[Method: GET, Route: admin/expired-current-api]
in SYSTEMPATH\Database\BaseConnection.php on line 606.
 1 SYSTEMPATH\Database\BaseConnection.php(795): CodeIgniter\Database\BaseConnection->initialize()
 2 SYSTEMPATH\Database\BaseBuilder.php(1647): CodeIgniter\Database\BaseConnection->query('SELECT *
FROM `policies`
WHERE YEAR(expiry_date) = 2026
AND MONTH(expiry_date) = 06
ORDER BY `expiry_date` ASC
 LIMIT 25', [], false)
 3 SYSTEMPATH\Model.php(255): CodeIgniter\Database\BaseBuilder->get()
 4 SYSTEMPATH\BaseModel.php(676): CodeIgniter\Model->doFindAll(0, 0)
 5 APPPATH\Models\PolicyModel.php(79): CodeIgniter\BaseModel->findAll()
 6 APPPATH\Controllers\Admin.php(166): App\Models\PolicyModel->getExpiredCurrentMonth(25, 0)
 7 SYSTEMPATH\CodeIgniter.php(974): App\Controllers\Admin->expiredCurrentMonthApi()
 8 SYSTEMPATH\CodeIgniter.php(520): CodeIgniter\CodeIgniter->runController(Object(App\Controllers\Admin))
 9 SYSTEMPATH\CodeIgniter.php(363): CodeIgniter\CodeIgniter->handleRequest(null, Object(Config\Cache), false)
10 SYSTEMPATH\Boot.php(417): CodeIgniter\CodeIgniter->run()
11 SYSTEMPATH\Boot.php(68): CodeIgniter\Boot::runCodeIgniter(Object(CodeIgniter\CodeIgniter))
12 FCPATH\index.php(59): CodeIgniter\Boot::bootWeb(Object(Config\Paths))
ERROR - 2026-06-06 09:02:28 --> Error connecting to the database: mysqli_sql_exception: No connection could be made because the target machine actively refused it in D:\xampp\htdocs\gbinsurance\system\Database\MySQLi\Connection.php:201
Stack trace:
#0 D:\xampp\htdocs\gbinsurance\system\Database\MySQLi\Connection.php(201): mysqli->real_connect('localhost', '', Object(SensitiveParameterValue), '', 3306, '', 0)
#1 D:\xampp\htdocs\gbinsurance\system\Database\BaseConnection.php(555): CodeIgniter\Database\MySQLi\Connection->connect(false)
#2 D:\xampp\htdocs\gbinsurance\system\Database\BaseConnection.php(795): CodeIgniter\Database\BaseConnection->initialize()
#3 D:\xampp\htdocs\gbinsurance\system\Database\BaseBuilder.php(1647): CodeIgniter\Database\BaseConnection->query('SELECT *\nFROM `...', Array, false)
#4 D:\xampp\htdocs\gbinsurance\system\Model.php(255): CodeIgniter\Database\BaseBuilder->get()
#5 D:\xampp\htdocs\gbinsurance\system\BaseModel.php(676): CodeIgniter\Model->doFindAll(0, 0)
#6 D:\xampp\htdocs\gbinsurance\app\Models\PolicyModel.php(103): CodeIgniter\BaseModel->findAll()
#7 D:\xampp\htdocs\gbinsurance\app\Controllers\Admin.php(216): App\Models\PolicyModel->getExpiredNextMonth(25, 0)
#8 D:\xampp\htdocs\gbinsurance\system\CodeIgniter.php(974): App\Controllers\Admin->expiredNextMonthApi()
#9 D:\xampp\htdocs\gbinsurance\system\CodeIgniter.php(520): CodeIgniter\CodeIgniter->runController(Object(App\Controllers\Admin))
#10 D:\xampp\htdocs\gbinsurance\system\CodeIgniter.php(363): CodeIgniter\CodeIgniter->handleRequest(NULL, Object(Config\Cache), false)
#11 D:\xampp\htdocs\gbinsurance\system\Boot.php(417): CodeIgniter\CodeIgniter->run()
#12 D:\xampp\htdocs\gbinsurance\system\Boot.php(68): CodeIgniter\Boot::runCodeIgniter(Object(CodeIgniter\CodeIgniter))
#13 D:\xampp\htdocs\gbinsurance\public\index.php(59): CodeIgniter\Boot::bootWeb(Object(Config\Paths))
#14 {main}

Next CodeIgniter\Database\Exceptions\DatabaseException: No connection could be made because the target machine actively refused it in D:\xampp\htdocs\gbinsurance\system\Database\MySQLi\Connection.php:231
Stack trace:
#0 D:\xampp\htdocs\gbinsurance\system\Database\BaseConnection.php(555): CodeIgniter\Database\MySQLi\Connection->connect(false)
#1 D:\xampp\htdocs\gbinsurance\system\Database\BaseConnection.php(795): CodeIgniter\Database\BaseConnection->initialize()
#2 D:\xampp\htdocs\gbinsurance\system\Database\BaseBuilder.php(1647): CodeIgniter\Database\BaseConnection->query('SELECT *\nFROM `...', Array, false)
#3 D:\xampp\htdocs\gbinsurance\system\Model.php(255): CodeIgniter\Database\BaseBuilder->get()
#4 D:\xampp\htdocs\gbinsurance\system\BaseModel.php(676): CodeIgniter\Model->doFindAll(0, 0)
#5 D:\xampp\htdocs\gbinsurance\app\Models\PolicyModel.php(103): CodeIgniter\BaseModel->findAll()
#6 D:\xampp\htdocs\gbinsurance\app\Controllers\Admin.php(216): App\Models\PolicyModel->getExpiredNextMonth(25, 0)
#7 D:\xampp\htdocs\gbinsurance\system\CodeIgniter.php(974): App\Controllers\Admin->expiredNextMonthApi()
#8 D:\xampp\htdocs\gbinsurance\system\CodeIgniter.php(520): CodeIgniter\CodeIgniter->runController(Object(App\Controllers\Admin))
#9 D:\xampp\htdocs\gbinsurance\system\CodeIgniter.php(363): CodeIgniter\CodeIgniter->handleRequest(NULL, Object(Config\Cache), false)
#10 D:\xampp\htdocs\gbinsurance\system\Boot.php(417): CodeIgniter\CodeIgniter->run()
#11 D:\xampp\htdocs\gbinsurance\system\Boot.php(68): CodeIgniter\Boot::runCodeIgniter(Object(CodeIgniter\CodeIgniter))
#12 D:\xampp\htdocs\gbinsurance\public\index.php(59): CodeIgniter\Boot::bootWeb(Object(Config\Paths))
#13 {main}
CRITICAL - 2026-06-06 09:02:28 --> CodeIgniter\Database\Exceptions\DatabaseException: Unable to connect to the database.
Main connection [MySQLi]: No connection could be made because the target machine actively refused it
[Method: GET, Route: admin/expired-next-api]
in SYSTEMPATH\Database\BaseConnection.php on line 606.
 1 SYSTEMPATH\Database\BaseConnection.php(795): CodeIgniter\Database\BaseConnection->initialize()
 2 SYSTEMPATH\Database\BaseBuilder.php(1647): CodeIgniter\Database\BaseConnection->query('SELECT *
FROM `policies`
WHERE YEAR(expiry_date) = 2026
AND MONTH(expiry_date) = 7
ORDER BY `expiry_date` ASC
 LIMIT 25', [], false)
 3 SYSTEMPATH\Model.php(255): CodeIgniter\Database\BaseBuilder->get()
 4 SYSTEMPATH\BaseModel.php(676): CodeIgniter\Model->doFindAll(0, 0)
 5 APPPATH\Models\PolicyModel.php(103): CodeIgniter\BaseModel->findAll()
 6 APPPATH\Controllers\Admin.php(216): App\Models\PolicyModel->getExpiredNextMonth(25, 0)
 7 SYSTEMPATH\CodeIgniter.php(974): App\Controllers\Admin->expiredNextMonthApi()
 8 SYSTEMPATH\CodeIgniter.php(520): CodeIgniter\CodeIgniter->runController(Object(App\Controllers\Admin))
 9 SYSTEMPATH\CodeIgniter.php(363): CodeIgniter\CodeIgniter->handleRequest(null, Object(Config\Cache), false)
10 SYSTEMPATH\Boot.php(417): CodeIgniter\CodeIgniter->run()
11 SYSTEMPATH\Boot.php(68): CodeIgniter\Boot::runCodeIgniter(Object(CodeIgniter\CodeIgniter))
12 FCPATH\index.php(59): CodeIgniter\Boot::bootWeb(Object(Config\Paths))
ERROR - 2026-06-06 09:02:34 --> Error connecting to the database: mysqli_sql_exception: No connection could be made because the target machine actively refused it in D:\xampp\htdocs\gbinsurance\system\Database\MySQLi\Connection.php:201
Stack trace:
#0 D:\xampp\htdocs\gbinsurance\system\Database\MySQLi\Connection.php(201): mysqli->real_connect('localhost', '', Object(SensitiveParameterValue), '', 3306, '', 0)
#1 D:\xampp\htdocs\gbinsurance\system\Database\BaseConnection.php(555): CodeIgniter\Database\MySQLi\Connection->connect(false)
#2 D:\xampp\htdocs\gbinsurance\system\Database\BaseConnection.php(795): CodeIgniter\Database\BaseConnection->initialize()
#3 D:\xampp\htdocs\gbinsurance\system\Database\BaseBuilder.php(1647): CodeIgniter\Database\BaseConnection->query('SELECT *\nFROM `...', Array, false)
#4 D:\xampp\htdocs\gbinsurance\system\Model.php(255): CodeIgniter\Database\BaseBuilder->get()
#5 D:\xampp\htdocs\gbinsurance\system\BaseModel.php(676): CodeIgniter\Model->doFindAll(0, 0)
#6 D:\xampp\htdocs\gbinsurance\app\Models\PolicyModel.php(79): CodeIgniter\BaseModel->findAll()
#7 D:\xampp\htdocs\gbinsurance\app\Controllers\Admin.php(166): App\Models\PolicyModel->getExpiredCurrentMonth(25, 0)
#8 D:\xampp\htdocs\gbinsurance\system\CodeIgniter.php(974): App\Controllers\Admin->expiredCurrentMonthApi()
#9 D:\xampp\htdocs\gbinsurance\system\CodeIgniter.php(520): CodeIgniter\CodeIgniter->runController(Object(App\Controllers\Admin))
#10 D:\xampp\htdocs\gbinsurance\system\CodeIgniter.php(363): CodeIgniter\CodeIgniter->handleRequest(NULL, Object(Config\Cache), false)
#11 D:\xampp\htdocs\gbinsurance\system\Boot.php(417): CodeIgniter\CodeIgniter->run()
#12 D:\xampp\htdocs\gbinsurance\system\Boot.php(68): CodeIgniter\Boot::runCodeIgniter(Object(CodeIgniter\CodeIgniter))
#13 D:\xampp\htdocs\gbinsurance\public\index.php(59): CodeIgniter\Boot::bootWeb(Object(Config\Paths))
#14 {main}

Next CodeIgniter\Database\Exceptions\DatabaseException: No connection could be made because the target machine actively refused it in D:\xampp\htdocs\gbinsurance\system\Database\MySQLi\Connection.php:231
Stack trace:
#0 D:\xampp\htdocs\gbinsurance\system\Database\BaseConnection.php(555): CodeIgniter\Database\MySQLi\Connection->connect(false)
#1 D:\xampp\htdocs\gbinsurance\system\Database\BaseConnection.php(795): CodeIgniter\Database\BaseConnection->initialize()
#2 D:\xampp\htdocs\gbinsurance\system\Database\BaseBuilder.php(1647): CodeIgniter\Database\BaseConnection->query('SELECT *\nFROM `...', Array, false)
#3 D:\xampp\htdocs\gbinsurance\system\Model.php(255): CodeIgniter\Database\BaseBuilder->get()
#4 D:\xampp\htdocs\gbinsurance\system\BaseModel.php(676): CodeIgniter\Model->doFindAll(0, 0)
#5 D:\xampp\htdocs\gbinsurance\app\Models\PolicyModel.php(79): CodeIgniter\BaseModel->findAll()
#6 D:\xampp\htdocs\gbinsurance\app\Controllers\Admin.php(166): App\Models\PolicyModel->getExpiredCurrentMonth(25, 0)
#7 D:\xampp\htdocs\gbinsurance\system\CodeIgniter.php(974): App\Controllers\Admin->expiredCurrentMonthApi()
#8 D:\xampp\htdocs\gbinsurance\system\CodeIgniter.php(520): CodeIgniter\CodeIgniter->runController(Object(App\Controllers\Admin))
#9 D:\xampp\htdocs\gbinsurance\system\CodeIgniter.php(363): CodeIgniter\CodeIgniter->handleRequest(NULL, Object(Config\Cache), false)
#10 D:\xampp\htdocs\gbinsurance\system\Boot.php(417): CodeIgniter\CodeIgniter->run()
#11 D:\xampp\htdocs\gbinsurance\system\Boot.php(68): CodeIgniter\Boot::runCodeIgniter(Object(CodeIgniter\CodeIgniter))
#12 D:\xampp\htdocs\gbinsurance\public\index.php(59): CodeIgniter\Boot::bootWeb(Object(Config\Paths))
#13 {main}
CRITICAL - 2026-06-06 09:02:34 --> CodeIgniter\Database\Exceptions\DatabaseException: Unable to connect to the database.
Main connection [MySQLi]: No connection could be made because the target machine actively refused it
[Method: GET, Route: admin/expired-current-api]
in SYSTEMPATH\Database\BaseConnection.php on line 606.
 1 SYSTEMPATH\Database\BaseConnection.php(795): CodeIgniter\Database\BaseConnection->initialize()
 2 SYSTEMPATH\Database\BaseBuilder.php(1647): CodeIgniter\Database\BaseConnection->query('SELECT *
FROM `policies`
WHERE YEAR(expiry_date) = 2026
AND MONTH(expiry_date) = 06
ORDER BY `expiry_date` ASC
 LIMIT 25', [], false)
 3 SYSTEMPATH\Model.php(255): CodeIgniter\Database\BaseBuilder->get()
 4 SYSTEMPATH\BaseModel.php(676): CodeIgniter\Model->doFindAll(0, 0)
 5 APPPATH\Models\PolicyModel.php(79): CodeIgniter\BaseModel->findAll()
 6 APPPATH\Controllers\Admin.php(166): App\Models\PolicyModel->getExpiredCurrentMonth(25, 0)
 7 SYSTEMPATH\CodeIgniter.php(974): App\Controllers\Admin->expiredCurrentMonthApi()
 8 SYSTEMPATH\CodeIgniter.php(520): CodeIgniter\CodeIgniter->runController(Object(App\Controllers\Admin))
 9 SYSTEMPATH\CodeIgniter.php(363): CodeIgniter\CodeIgniter->handleRequest(null, Object(Config\Cache), false)
10 SYSTEMPATH\Boot.php(417): CodeIgniter\CodeIgniter->run()
11 SYSTEMPATH\Boot.php(68): CodeIgniter\Boot::runCodeIgniter(Object(CodeIgniter\CodeIgniter))
12 FCPATH\index.php(59): CodeIgniter\Boot::bootWeb(Object(Config\Paths))
ERROR - 2026-06-06 09:02:37 --> Error connecting to the database: mysqli_sql_exception: No connection could be made because the target machine actively refused it in D:\xampp\htdocs\gbinsurance\system\Database\MySQLi\Connection.php:201
Stack trace:
#0 D:\xampp\htdocs\gbinsurance\system\Database\MySQLi\Connection.php(201): mysqli->real_connect('localhost', '', Object(SensitiveParameterValue), '', 3306, '', 0)
#1 D:\xampp\htdocs\gbinsurance\system\Database\BaseConnection.php(555): CodeIgniter\Database\MySQLi\Connection->connect(false)
#2 D:\xampp\htdocs\gbinsurance\system\Database\BaseConnection.php(795): CodeIgniter\Database\BaseConnection->initialize()
#3 D:\xampp\htdocs\gbinsurance\system\Database\BaseBuilder.php(1676): CodeIgniter\Database\BaseConnection->query('SELECT COUNT(*)...', NULL, false)
#4 D:\xampp\htdocs\gbinsurance\system\Model.php(761): CodeIgniter\Database\BaseBuilder->countAll()
#5 D:\xampp\htdocs\gbinsurance\app\Controllers\Admin.php(99): CodeIgniter\Model->__call('countAll', Array)
#6 D:\xampp\htdocs\gbinsurance\system\CodeIgniter.php(974): App\Controllers\Admin->searchPolicy()
#7 D:\xampp\htdocs\gbinsurance\system\CodeIgniter.php(520): CodeIgniter\CodeIgniter->runController(Object(App\Controllers\Admin))
#8 D:\xampp\htdocs\gbinsurance\system\CodeIgniter.php(363): CodeIgniter\CodeIgniter->handleRequest(NULL, Object(Config\Cache), false)
#9 D:\xampp\htdocs\gbinsurance\system\Boot.php(417): CodeIgniter\CodeIgniter->run()
#10 D:\xampp\htdocs\gbinsurance\system\Boot.php(68): CodeIgniter\Boot::runCodeIgniter(Object(CodeIgniter\CodeIgniter))
#11 D:\xampp\htdocs\gbinsurance\public\index.php(59): CodeIgniter\Boot::bootWeb(Object(Config\Paths))
#12 {main}

Next CodeIgniter\Database\Exceptions\DatabaseException: No connection could be made because the target machine actively refused it in D:\xampp\htdocs\gbinsurance\system\Database\MySQLi\Connection.php:231
Stack trace:
#0 D:\xampp\htdocs\gbinsurance\system\Database\BaseConnection.php(555): CodeIgniter\Database\MySQLi\Connection->connect(false)
#1 D:\xampp\htdocs\gbinsurance\system\Database\BaseConnection.php(795): CodeIgniter\Database\BaseConnection->initialize()
#2 D:\xampp\htdocs\gbinsurance\system\Database\BaseBuilder.php(1676): CodeIgniter\Database\BaseConnection->query('SELECT COUNT(*)...', NULL, false)
#3 D:\xampp\htdocs\gbinsurance\system\Model.php(761): CodeIgniter\Database\BaseBuilder->countAll()
#4 D:\xampp\htdocs\gbinsurance\app\Controllers\Admin.php(99): CodeIgniter\Model->__call('countAll', Array)
#5 D:\xampp\htdocs\gbinsurance\system\CodeIgniter.php(974): App\Controllers\Admin->searchPolicy()
#6 D:\xampp\htdocs\gbinsurance\system\CodeIgniter.php(520): CodeIgniter\CodeIgniter->runController(Object(App\Controllers\Admin))
#7 D:\xampp\htdocs\gbinsurance\system\CodeIgniter.php(363): CodeIgniter\CodeIgniter->handleRequest(NULL, Object(Config\Cache), false)
#8 D:\xampp\htdocs\gbinsurance\system\Boot.php(417): CodeIgniter\CodeIgniter->run()
#9 D:\xampp\htdocs\gbinsurance\system\Boot.php(68): CodeIgniter\Boot::runCodeIgniter(Object(CodeIgniter\CodeIgniter))
#10 D:\xampp\htdocs\gbinsurance\public\index.php(59): CodeIgniter\Boot::bootWeb(Object(Config\Paths))
#11 {main}
CRITICAL - 2026-06-06 09:02:37 --> CodeIgniter\Database\Exceptions\DatabaseException: Unable to connect to the database.
Main connection [MySQLi]: No connection could be made because the target machine actively refused it
[Method: GET, Route: admin/search]
in SYSTEMPATH\Database\BaseConnection.php on line 606.
 1 SYSTEMPATH\Database\BaseConnection.php(795): CodeIgniter\Database\BaseConnection->initialize()
 2 SYSTEMPATH\Database\BaseBuilder.php(1676): CodeIgniter\Database\BaseConnection->query('SELECT COUNT(*) AS `numrows` FROM `policies`', null, false)
 3 SYSTEMPATH\Model.php(761): CodeIgniter\Database\BaseBuilder->countAll()
 4 APPPATH\Controllers\Admin.php(99): CodeIgniter\Model->__call('countAll', [])
 5 SYSTEMPATH\CodeIgniter.php(974): App\Controllers\Admin->searchPolicy()
 6 SYSTEMPATH\CodeIgniter.php(520): CodeIgniter\CodeIgniter->runController(Object(App\Controllers\Admin))
 7 SYSTEMPATH\CodeIgniter.php(363): CodeIgniter\CodeIgniter->handleRequest(null, Object(Config\Cache), false)
 8 SYSTEMPATH\Boot.php(417): CodeIgniter\CodeIgniter->run()
 9 SYSTEMPATH\Boot.php(68): CodeIgniter\Boot::runCodeIgniter(Object(CodeIgniter\CodeIgniter))
10 FCPATH\index.php(59): CodeIgniter\Boot::bootWeb(Object(Config\Paths))
ERROR - 2026-06-06 09:11:19 --> Error connecting to the database: mysqli_sql_exception: No connection could be made because the target machine actively refused it in D:\xampp\htdocs\gbinsurance\system\Database\MySQLi\Connection.php:201
Stack trace:
#0 D:\xampp\htdocs\gbinsurance\system\Database\MySQLi\Connection.php(201): mysqli->real_connect('localhost', '', Object(SensitiveParameterValue), '', 3306, '', 0)
#1 D:\xampp\htdocs\gbinsurance\system\Database\BaseConnection.php(555): CodeIgniter\Database\MySQLi\Connection->connect(false)
#2 D:\xampp\htdocs\gbinsurance\system\Database\BaseConnection.php(795): CodeIgniter\Database\BaseConnection->initialize()
#3 D:\xampp\htdocs\gbinsurance\system\Database\BaseBuilder.php(1647): CodeIgniter\Database\BaseConnection->query('SELECT *\nFROM `...', Array, false)
#4 D:\xampp\htdocs\gbinsurance\system\Model.php(255): CodeIgniter\Database\BaseBuilder->get()
#5 D:\xampp\htdocs\gbinsurance\system\BaseModel.php(676): CodeIgniter\Model->doFindAll(0, 0)
#6 D:\xampp\htdocs\gbinsurance\app\Models\PolicyModel.php(79): CodeIgniter\BaseModel->findAll()
#7 D:\xampp\htdocs\gbinsurance\app\Controllers\Admin.php(166): App\Models\PolicyModel->getExpiredCurrentMonth(25, 0)
#8 D:\xampp\htdocs\gbinsurance\system\CodeIgniter.php(974): App\Controllers\Admin->expiredCurrentMonthApi()
#9 D:\xampp\htdocs\gbinsurance\system\CodeIgniter.php(520): CodeIgniter\CodeIgniter->runController(Object(App\Controllers\Admin))
#10 D:\xampp\htdocs\gbinsurance\system\CodeIgniter.php(363): CodeIgniter\CodeIgniter->handleRequest(NULL, Object(Config\Cache), false)
#11 D:\xampp\htdocs\gbinsurance\system\Boot.php(417): CodeIgniter\CodeIgniter->run()
#12 D:\xampp\htdocs\gbinsurance\system\Boot.php(68): CodeIgniter\Boot::runCodeIgniter(Object(CodeIgniter\CodeIgniter))
#13 D:\xampp\htdocs\gbinsurance\public\index.php(59): CodeIgniter\Boot::bootWeb(Object(Config\Paths))
#14 {main}

Next CodeIgniter\Database\Exceptions\DatabaseException: No connection could be made because the target machine actively refused it in D:\xampp\htdocs\gbinsurance\system\Database\MySQLi\Connection.php:231
Stack trace:
#0 D:\xampp\htdocs\gbinsurance\system\Database\BaseConnection.php(555): CodeIgniter\Database\MySQLi\Connection->connect(false)
#1 D:\xampp\htdocs\gbinsurance\system\Database\BaseConnection.php(795): CodeIgniter\Database\BaseConnection->initialize()
#2 D:\xampp\htdocs\gbinsurance\system\Database\BaseBuilder.php(1647): CodeIgniter\Database\BaseConnection->query('SELECT *\nFROM `...', Array, false)
#3 D:\xampp\htdocs\gbinsurance\system\Model.php(255): CodeIgniter\Database\BaseBuilder->get()
#4 D:\xampp\htdocs\gbinsurance\system\BaseModel.php(676): CodeIgniter\Model->doFindAll(0, 0)
#5 D:\xampp\htdocs\gbinsurance\app\Models\PolicyModel.php(79): CodeIgniter\BaseModel->findAll()
#6 D:\xampp\htdocs\gbinsurance\app\Controllers\Admin.php(166): App\Models\PolicyModel->getExpiredCurrentMonth(25, 0)
#7 D:\xampp\htdocs\gbinsurance\system\CodeIgniter.php(974): App\Controllers\Admin->expiredCurrentMonthApi()
#8 D:\xampp\htdocs\gbinsurance\system\CodeIgniter.php(520): CodeIgniter\CodeIgniter->runController(Object(App\Controllers\Admin))
#9 D:\xampp\htdocs\gbinsurance\system\CodeIgniter.php(363): CodeIgniter\CodeIgniter->handleRequest(NULL, Object(Config\Cache), false)
#10 D:\xampp\htdocs\gbinsurance\system\Boot.php(417): CodeIgniter\CodeIgniter->run()
#11 D:\xampp\htdocs\gbinsurance\system\Boot.php(68): CodeIgniter\Boot::runCodeIgniter(Object(CodeIgniter\CodeIgniter))
#12 D:\xampp\htdocs\gbinsurance\public\index.php(59): CodeIgniter\Boot::bootWeb(Object(Config\Paths))
#13 {main}
CRITICAL - 2026-06-06 09:11:19 --> CodeIgniter\Database\Exceptions\DatabaseException: Unable to connect to the database.
Main connection [MySQLi]: No connection could be made because the target machine actively refused it
[Method: GET, Route: admin/expired-current-api]
in SYSTEMPATH\Database\BaseConnection.php on line 606.
 1 SYSTEMPATH\Database\BaseConnection.php(795): CodeIgniter\Database\BaseConnection->initialize()
 2 SYSTEMPATH\Database\BaseBuilder.php(1647): CodeIgniter\Database\BaseConnection->query('SELECT *
FROM `policies`
WHERE YEAR(expiry_date) = 2026
AND MONTH(expiry_date) = 06
ORDER BY `expiry_date` ASC
 LIMIT 25', [], false)
 3 SYSTEMPATH\Model.php(255): CodeIgniter\Database\BaseBuilder->get()
 4 SYSTEMPATH\BaseModel.php(676): CodeIgniter\Model->doFindAll(0, 0)
 5 APPPATH\Models\PolicyModel.php(79): CodeIgniter\BaseModel->findAll()
 6 APPPATH\Controllers\Admin.php(166): App\Models\PolicyModel->getExpiredCurrentMonth(25, 0)
 7 SYSTEMPATH\CodeIgniter.php(974): App\Controllers\Admin->expiredCurrentMonthApi()
 8 SYSTEMPATH\CodeIgniter.php(520): CodeIgniter\CodeIgniter->runController(Object(App\Controllers\Admin))
 9 SYSTEMPATH\CodeIgniter.php(363): CodeIgniter\CodeIgniter->handleRequest(null, Object(Config\Cache), false)
10 SYSTEMPATH\Boot.php(417): CodeIgniter\CodeIgniter->run()
11 SYSTEMPATH\Boot.php(68): CodeIgniter\Boot::runCodeIgniter(Object(CodeIgniter\CodeIgniter))
12 FCPATH\index.php(59): CodeIgniter\Boot::bootWeb(Object(Config\Paths))
ERROR - 2026-06-06 09:11:21 --> Error connecting to the database: mysqli_sql_exception: No connection could be made because the target machine actively refused it in D:\xampp\htdocs\gbinsurance\system\Database\MySQLi\Connection.php:201
Stack trace:
#0 D:\xampp\htdocs\gbinsurance\system\Database\MySQLi\Connection.php(201): mysqli->real_connect('localhost', '', Object(SensitiveParameterValue), '', 3306, '', 0)
#1 D:\xampp\htdocs\gbinsurance\system\Database\BaseConnection.php(555): CodeIgniter\Database\MySQLi\Connection->connect(false)
#2 D:\xampp\htdocs\gbinsurance\system\Database\BaseConnection.php(795): CodeIgniter\Database\BaseConnection->initialize()
#3 D:\xampp\htdocs\gbinsurance\system\Database\BaseBuilder.php(1647): CodeIgniter\Database\BaseConnection->query('SELECT *\nFROM `...', Array, false)
#4 D:\xampp\htdocs\gbinsurance\system\Model.php(255): CodeIgniter\Database\BaseBuilder->get()
#5 D:\xampp\htdocs\gbinsurance\system\BaseModel.php(676): CodeIgniter\Model->doFindAll(0, 0)
#6 D:\xampp\htdocs\gbinsurance\app\Models\PolicyModel.php(79): CodeIgniter\BaseModel->findAll()
#7 D:\xampp\htdocs\gbinsurance\app\Controllers\Admin.php(166): App\Models\PolicyModel->getExpiredCurrentMonth(25, 0)
#8 D:\xampp\htdocs\gbinsurance\system\CodeIgniter.php(974): App\Controllers\Admin->expiredCurrentMonthApi()
#9 D:\xampp\htdocs\gbinsurance\system\CodeIgniter.php(520): CodeIgniter\CodeIgniter->runController(Object(App\Controllers\Admin))
#10 D:\xampp\htdocs\gbinsurance\system\CodeIgniter.php(363): CodeIgniter\CodeIgniter->handleRequest(NULL, Object(Config\Cache), false)
#11 D:\xampp\htdocs\gbinsurance\system\Boot.php(417): CodeIgniter\CodeIgniter->run()
#12 D:\xampp\htdocs\gbinsurance\system\Boot.php(68): CodeIgniter\Boot::runCodeIgniter(Object(CodeIgniter\CodeIgniter))
#13 D:\xampp\htdocs\gbinsurance\public\index.php(59): CodeIgniter\Boot::bootWeb(Object(Config\Paths))
#14 {main}

Next CodeIgniter\Database\Exceptions\DatabaseException: No connection could be made because the target machine actively refused it in D:\xampp\htdocs\gbinsurance\system\Database\MySQLi\Connection.php:231
Stack trace:
#0 D:\xampp\htdocs\gbinsurance\system\Database\BaseConnection.php(555): CodeIgniter\Database\MySQLi\Connection->connect(false)
#1 D:\xampp\htdocs\gbinsurance\system\Database\BaseConnection.php(795): CodeIgniter\Database\BaseConnection->initialize()
#2 D:\xampp\htdocs\gbinsurance\system\Database\BaseBuilder.php(1647): CodeIgniter\Database\BaseConnection->query('SELECT *\nFROM `...', Array, false)
#3 D:\xampp\htdocs\gbinsurance\system\Model.php(255): CodeIgniter\Database\BaseBuilder->get()
#4 D:\xampp\htdocs\gbinsurance\system\BaseModel.php(676): CodeIgniter\Model->doFindAll(0, 0)
#5 D:\xampp\htdocs\gbinsurance\app\Models\PolicyModel.php(79): CodeIgniter\BaseModel->findAll()
#6 D:\xampp\htdocs\gbinsurance\app\Controllers\Admin.php(166): App\Models\PolicyModel->getExpiredCurrentMonth(25, 0)
#7 D:\xampp\htdocs\gbinsurance\system\CodeIgniter.php(974): App\Controllers\Admin->expiredCurrentMonthApi()
#8 D:\xampp\htdocs\gbinsurance\system\CodeIgniter.php(520): CodeIgniter\CodeIgniter->runController(Object(App\Controllers\Admin))
#9 D:\xampp\htdocs\gbinsurance\system\CodeIgniter.php(363): CodeIgniter\CodeIgniter->handleRequest(NULL, Object(Config\Cache), false)
#10 D:\xampp\htdocs\gbinsurance\system\Boot.php(417): CodeIgniter\CodeIgniter->run()
#11 D:\xampp\htdocs\gbinsurance\system\Boot.php(68): CodeIgniter\Boot::runCodeIgniter(Object(CodeIgniter\CodeIgniter))
#12 D:\xampp\htdocs\gbinsurance\public\index.php(59): CodeIgniter\Boot::bootWeb(Object(Config\Paths))
#13 {main}
CRITICAL - 2026-06-06 09:11:21 --> CodeIgniter\Database\Exceptions\DatabaseException: Unable to connect to the database.
Main connection [MySQLi]: No connection could be made because the target machine actively refused it
[Method: GET, Route: admin/expired-current-api]
in SYSTEMPATH\Database\BaseConnection.php on line 606.
 1 SYSTEMPATH\Database\BaseConnection.php(795): CodeIgniter\Database\BaseConnection->initialize()
 2 SYSTEMPATH\Database\BaseBuilder.php(1647): CodeIgniter\Database\BaseConnection->query('SELECT *
FROM `policies`
WHERE YEAR(expiry_date) = 2026
AND MONTH(expiry_date) = 06
ORDER BY `expiry_date` ASC
 LIMIT 25', [], false)
 3 SYSTEMPATH\Model.php(255): CodeIgniter\Database\BaseBuilder->get()
 4 SYSTEMPATH\BaseModel.php(676): CodeIgniter\Model->doFindAll(0, 0)
 5 APPPATH\Models\PolicyModel.php(79): CodeIgniter\BaseModel->findAll()
 6 APPPATH\Controllers\Admin.php(166): App\Models\PolicyModel->getExpiredCurrentMonth(25, 0)
 7 SYSTEMPATH\CodeIgniter.php(974): App\Controllers\Admin->expiredCurrentMonthApi()
 8 SYSTEMPATH\CodeIgniter.php(520): CodeIgniter\CodeIgniter->runController(Object(App\Controllers\Admin))
 9 SYSTEMPATH\CodeIgniter.php(363): CodeIgniter\CodeIgniter->handleRequest(null, Object(Config\Cache), false)
10 SYSTEMPATH\Boot.php(417): CodeIgniter\CodeIgniter->run()
11 SYSTEMPATH\Boot.php(68): CodeIgniter\Boot::runCodeIgniter(Object(CodeIgniter\CodeIgniter))
12 FCPATH\index.php(59): CodeIgniter\Boot::bootWeb(Object(Config\Paths))
CRITICAL - 2026-06-06 09:43:36 --> Error: Call to a member function isValid() on array
[Method: POST, Route: admin/upload]
in APPPATH\Controllers\Admin.php on line 64.
 1 SYSTEMPATH\CodeIgniter.php(974): App\Controllers\Admin->uploadPolicyPost()
 2 SYSTEMPATH\CodeIgniter.php(520): CodeIgniter\CodeIgniter->runController(Object(App\Controllers\Admin))
 3 SYSTEMPATH\CodeIgniter.php(363): CodeIgniter\CodeIgniter->handleRequest(null, Object(Config\Cache), false)
 4 SYSTEMPATH\Boot.php(417): CodeIgniter\CodeIgniter->run()
 5 SYSTEMPATH\Boot.php(68): CodeIgniter\Boot::runCodeIgniter(Object(CodeIgniter\CodeIgniter))
 6 FCPATH\index.php(59): CodeIgniter\Boot::bootWeb(Object(Config\Paths))
CRITICAL - 2026-06-06 09:43:56 --> Error: Call to a member function isValid() on array
[Method: POST, Route: admin/upload]
in APPPATH\Controllers\Admin.php on line 64.
 1 SYSTEMPATH\CodeIgniter.php(974): App\Controllers\Admin->uploadPolicyPost()
 2 SYSTEMPATH\CodeIgniter.php(520): CodeIgniter\CodeIgniter->runController(Object(App\Controllers\Admin))
 3 SYSTEMPATH\CodeIgniter.php(363): CodeIgniter\CodeIgniter->handleRequest(null, Object(Config\Cache), false)
 4 SYSTEMPATH\Boot.php(417): CodeIgniter\CodeIgniter->run()
 5 SYSTEMPATH\Boot.php(68): CodeIgniter\Boot::runCodeIgniter(Object(CodeIgniter\CodeIgniter))
 6 FCPATH\index.php(59): CodeIgniter\Boot::bootWeb(Object(Config\Paths))
CRITICAL - 2026-06-06 09:49:34 --> Error: Call to a member function isValid() on array
[Method: POST, Route: admin/upload]
in APPPATH\Controllers\Admin.php on line 64.
 1 SYSTEMPATH\CodeIgniter.php(974): App\Controllers\Admin->uploadPolicyPost()
 2 SYSTEMPATH\CodeIgniter.php(520): CodeIgniter\CodeIgniter->runController(Object(App\Controllers\Admin))
 3 SYSTEMPATH\CodeIgniter.php(363): CodeIgniter\CodeIgniter->handleRequest(null, Object(Config\Cache), false)
 4 SYSTEMPATH\Boot.php(417): CodeIgniter\CodeIgniter->run()
 5 SYSTEMPATH\Boot.php(68): CodeIgniter\Boot::runCodeIgniter(Object(CodeIgniter\CodeIgniter))
 6 FCPATH\index.php(59): CodeIgniter\Boot::bootWeb(Object(Config\Paths))
CRITICAL - 2026-06-06 09:49:49 --> Error: Call to a member function isValid() on array
[Method: POST, Route: admin/upload]
in APPPATH\Controllers\Admin.php on line 64.
 1 SYSTEMPATH\CodeIgniter.php(974): App\Controllers\Admin->uploadPolicyPost()
 2 SYSTEMPATH\CodeIgniter.php(520): CodeIgniter\CodeIgniter->runController(Object(App\Controllers\Admin))
 3 SYSTEMPATH\CodeIgniter.php(363): CodeIgniter\CodeIgniter->handleRequest(null, Object(Config\Cache), false)
 4 SYSTEMPATH\Boot.php(417): CodeIgniter\CodeIgniter->run()
 5 SYSTEMPATH\Boot.php(68): CodeIgniter\Boot::runCodeIgniter(Object(CodeIgniter\CodeIgniter))
 6 FCPATH\index.php(59): CodeIgniter\Boot::bootWeb(Object(Config\Paths))
ERROR - 2026-06-06 09:50:00 --> Error connecting to the database: mysqli_sql_exception: No connection could be made because the target machine actively refused it in D:\xampp\htdocs\gbinsurance\system\Database\MySQLi\Connection.php:201
Stack trace:
#0 D:\xampp\htdocs\gbinsurance\system\Database\MySQLi\Connection.php(201): mysqli->real_connect('localhost', '', Object(SensitiveParameterValue), '', 3306, '', 0)
#1 D:\xampp\htdocs\gbinsurance\system\Database\BaseConnection.php(555): CodeIgniter\Database\MySQLi\Connection->connect(false)
#2 D:\xampp\htdocs\gbinsurance\system\Database\BaseConnection.php(795): CodeIgniter\Database\BaseConnection->initialize()
#3 D:\xampp\htdocs\gbinsurance\system\Database\BaseBuilder.php(1647): CodeIgniter\Database\BaseConnection->query('SELECT *\nFROM `...', Array, false)
#4 D:\xampp\htdocs\gbinsurance\system\Model.php(255): CodeIgniter\Database\BaseBuilder->get()
#5 D:\xampp\htdocs\gbinsurance\system\BaseModel.php(676): CodeIgniter\Model->doFindAll(0, 0)
#6 D:\xampp\htdocs\gbinsurance\app\Models\PolicyModel.php(79): CodeIgniter\BaseModel->findAll()
#7 D:\xampp\htdocs\gbinsurance\app\Controllers\Admin.php(167): App\Models\PolicyModel->getExpiredCurrentMonth(25, 0)
#8 D:\xampp\htdocs\gbinsurance\system\CodeIgniter.php(974): App\Controllers\Admin->expiredCurrentMonthApi()
#9 D:\xampp\htdocs\gbinsurance\system\CodeIgniter.php(520): CodeIgniter\CodeIgniter->runController(Object(App\Controllers\Admin))
#10 D:\xampp\htdocs\gbinsurance\system\CodeIgniter.php(363): CodeIgniter\CodeIgniter->handleRequest(NULL, Object(Config\Cache), false)
#11 D:\xampp\htdocs\gbinsurance\system\Boot.php(417): CodeIgniter\CodeIgniter->run()
#12 D:\xampp\htdocs\gbinsurance\system\Boot.php(68): CodeIgniter\Boot::runCodeIgniter(Object(CodeIgniter\CodeIgniter))
#13 D:\xampp\htdocs\gbinsurance\public\index.php(59): CodeIgniter\Boot::bootWeb(Object(Config\Paths))
#14 {main}

Next CodeIgniter\Database\Exceptions\DatabaseException: No connection could be made because the target machine actively refused it in D:\xampp\htdocs\gbinsurance\system\Database\MySQLi\Connection.php:231
Stack trace:
#0 D:\xampp\htdocs\gbinsurance\system\Database\BaseConnection.php(555): CodeIgniter\Database\MySQLi\Connection->connect(false)
#1 D:\xampp\htdocs\gbinsurance\system\Database\BaseConnection.php(795): CodeIgniter\Database\BaseConnection->initialize()
#2 D:\xampp\htdocs\gbinsurance\system\Database\BaseBuilder.php(1647): CodeIgniter\Database\BaseConnection->query('SELECT *\nFROM `...', Array, false)
#3 D:\xampp\htdocs\gbinsurance\system\Model.php(255): CodeIgniter\Database\BaseBuilder->get()
#4 D:\xampp\htdocs\gbinsurance\system\BaseModel.php(676): CodeIgniter\Model->doFindAll(0, 0)
#5 D:\xampp\htdocs\gbinsurance\app\Models\PolicyModel.php(79): CodeIgniter\BaseModel->findAll()
#6 D:\xampp\htdocs\gbinsurance\app\Controllers\Admin.php(167): App\Models\PolicyModel->getExpiredCurrentMonth(25, 0)
#7 D:\xampp\htdocs\gbinsurance\system\CodeIgniter.php(974): App\Controllers\Admin->expiredCurrentMonthApi()
#8 D:\xampp\htdocs\gbinsurance\system\CodeIgniter.php(520): CodeIgniter\CodeIgniter->runController(Object(App\Controllers\Admin))
#9 D:\xampp\htdocs\gbinsurance\system\CodeIgniter.php(363): CodeIgniter\CodeIgniter->handleRequest(NULL, Object(Config\Cache), false)
#10 D:\xampp\htdocs\gbinsurance\system\Boot.php(417): CodeIgniter\CodeIgniter->run()
#11 D:\xampp\htdocs\gbinsurance\system\Boot.php(68): CodeIgniter\Boot::runCodeIgniter(Object(CodeIgniter\CodeIgniter))
#12 D:\xampp\htdocs\gbinsurance\public\index.php(59): CodeIgniter\Boot::bootWeb(Object(Config\Paths))
#13 {main}
CRITICAL - 2026-06-06 09:50:00 --> CodeIgniter\Database\Exceptions\DatabaseException: Unable to connect to the database.
Main connection [MySQLi]: No connection could be made because the target machine actively refused it
[Method: GET, Route: admin/expired-current-api]
in SYSTEMPATH\Database\BaseConnection.php on line 606.
 1 SYSTEMPATH\Database\BaseConnection.php(795): CodeIgniter\Database\BaseConnection->initialize()
 2 SYSTEMPATH\Database\BaseBuilder.php(1647): CodeIgniter\Database\BaseConnection->query('SELECT *
FROM `policies`
WHERE YEAR(expiry_date) = 2026
AND MONTH(expiry_date) = 06
ORDER BY `expiry_date` ASC
 LIMIT 25', [], false)
 3 SYSTEMPATH\Model.php(255): CodeIgniter\Database\BaseBuilder->get()
 4 SYSTEMPATH\BaseModel.php(676): CodeIgniter\Model->doFindAll(0, 0)
 5 APPPATH\Models\PolicyModel.php(79): CodeIgniter\BaseModel->findAll()
 6 APPPATH\Controllers\Admin.php(167): App\Models\PolicyModel->getExpiredCurrentMonth(25, 0)
 7 SYSTEMPATH\CodeIgniter.php(974): App\Controllers\Admin->expiredCurrentMonthApi()
 8 SYSTEMPATH\CodeIgniter.php(520): CodeIgniter\CodeIgniter->runController(Object(App\Controllers\Admin))
 9 SYSTEMPATH\CodeIgniter.php(363): CodeIgniter\CodeIgniter->handleRequest(null, Object(Config\Cache), false)
10 SYSTEMPATH\Boot.php(417): CodeIgniter\CodeIgniter->run()
11 SYSTEMPATH\Boot.php(68): CodeIgniter\Boot::runCodeIgniter(Object(CodeIgniter\CodeIgniter))
12 FCPATH\index.php(59): CodeIgniter\Boot::bootWeb(Object(Config\Paths))
ERROR - 2026-06-06 09:50:01 --> Error connecting to the database: mysqli_sql_exception: No connection could be made because the target machine actively refused it in D:\xampp\htdocs\gbinsurance\system\Database\MySQLi\Connection.php:201
Stack trace:
#0 D:\xampp\htdocs\gbinsurance\system\Database\MySQLi\Connection.php(201): mysqli->real_connect('localhost', '', Object(SensitiveParameterValue), '', 3306, '', 0)
#1 D:\xampp\htdocs\gbinsurance\system\Database\BaseConnection.php(555): CodeIgniter\Database\MySQLi\Connection->connect(false)
#2 D:\xampp\htdocs\gbinsurance\system\Database\BaseConnection.php(795): CodeIgniter\Database\BaseConnection->initialize()
#3 D:\xampp\htdocs\gbinsurance\system\Database\BaseBuilder.php(1647): CodeIgniter\Database\BaseConnection->query('SELECT *\nFROM `...', Array, false)
#4 D:\xampp\htdocs\gbinsurance\system\Model.php(255): CodeIgniter\Database\BaseBuilder->get()
#5 D:\xampp\htdocs\gbinsurance\system\BaseModel.php(676): CodeIgniter\Model->doFindAll(0, 0)
#6 D:\xampp\htdocs\gbinsurance\app\Models\PolicyModel.php(103): CodeIgniter\BaseModel->findAll()
#7 D:\xampp\htdocs\gbinsurance\app\Controllers\Admin.php(217): App\Models\PolicyModel->getExpiredNextMonth(25, 0)
#8 D:\xampp\htdocs\gbinsurance\system\CodeIgniter.php(974): App\Controllers\Admin->expiredNextMonthApi()
#9 D:\xampp\htdocs\gbinsurance\system\CodeIgniter.php(520): CodeIgniter\CodeIgniter->runController(Object(App\Controllers\Admin))
#10 D:\xampp\htdocs\gbinsurance\system\CodeIgniter.php(363): CodeIgniter\CodeIgniter->handleRequest(NULL, Object(Config\Cache), false)
#11 D:\xampp\htdocs\gbinsurance\system\Boot.php(417): CodeIgniter\CodeIgniter->run()
#12 D:\xampp\htdocs\gbinsurance\system\Boot.php(68): CodeIgniter\Boot::runCodeIgniter(Object(CodeIgniter\CodeIgniter))
#13 D:\xampp\htdocs\gbinsurance\public\index.php(59): CodeIgniter\Boot::bootWeb(Object(Config\Paths))
#14 {main}

Next CodeIgniter\Database\Exceptions\DatabaseException: No connection could be made because the target machine actively refused it in D:\xampp\htdocs\gbinsurance\system\Database\MySQLi\Connection.php:231
Stack trace:
#0 D:\xampp\htdocs\gbinsurance\system\Database\BaseConnection.php(555): CodeIgniter\Database\MySQLi\Connection->connect(false)
#1 D:\xampp\htdocs\gbinsurance\system\Database\BaseConnection.php(795): CodeIgniter\Database\BaseConnection->initialize()
#2 D:\xampp\htdocs\gbinsurance\system\Database\BaseBuilder.php(1647): CodeIgniter\Database\BaseConnection->query('SELECT *\nFROM `...', Array, false)
#3 D:\xampp\htdocs\gbinsurance\system\Model.php(255): CodeIgniter\Database\BaseBuilder->get()
#4 D:\xampp\htdocs\gbinsurance\system\BaseModel.php(676): CodeIgniter\Model->doFindAll(0, 0)
#5 D:\xampp\htdocs\gbinsurance\app\Models\PolicyModel.php(103): CodeIgniter\BaseModel->findAll()
#6 D:\xampp\htdocs\gbinsurance\app\Controllers\Admin.php(217): App\Models\PolicyModel->getExpiredNextMonth(25, 0)
#7 D:\xampp\htdocs\gbinsurance\system\CodeIgniter.php(974): App\Controllers\Admin->expiredNextMonthApi()
#8 D:\xampp\htdocs\gbinsurance\system\CodeIgniter.php(520): CodeIgniter\CodeIgniter->runController(Object(App\Controllers\Admin))
#9 D:\xampp\htdocs\gbinsurance\system\CodeIgniter.php(363): CodeIgniter\CodeIgniter->handleRequest(NULL, Object(Config\Cache), false)
#10 D:\xampp\htdocs\gbinsurance\system\Boot.php(417): CodeIgniter\CodeIgniter->run()
#11 D:\xampp\htdocs\gbinsurance\system\Boot.php(68): CodeIgniter\Boot::runCodeIgniter(Object(CodeIgniter\CodeIgniter))
#12 D:\xampp\htdocs\gbinsurance\public\index.php(59): CodeIgniter\Boot::bootWeb(Object(Config\Paths))
#13 {main}
CRITICAL - 2026-06-06 09:50:01 --> CodeIgniter\Database\Exceptions\DatabaseException: Unable to connect to the database.
Main connection [MySQLi]: No connection could be made because the target machine actively refused it
[Method: GET, Route: admin/expired-next-api]
in SYSTEMPATH\Database\BaseConnection.php on line 606.
 1 SYSTEMPATH\Database\BaseConnection.php(795): CodeIgniter\Database\BaseConnection->initialize()
 2 SYSTEMPATH\Database\BaseBuilder.php(1647): CodeIgniter\Database\BaseConnection->query('SELECT *
FROM `policies`
WHERE YEAR(expiry_date) = 2026
AND MONTH(expiry_date) = 7
ORDER BY `expiry_date` ASC
 LIMIT 25', [], false)
 3 SYSTEMPATH\Model.php(255): CodeIgniter\Database\BaseBuilder->get()
 4 SYSTEMPATH\BaseModel.php(676): CodeIgniter\Model->doFindAll(0, 0)
 5 APPPATH\Models\PolicyModel.php(103): CodeIgniter\BaseModel->findAll()
 6 APPPATH\Controllers\Admin.php(217): App\Models\PolicyModel->getExpiredNextMonth(25, 0)
 7 SYSTEMPATH\CodeIgniter.php(974): App\Controllers\Admin->expiredNextMonthApi()
 8 SYSTEMPATH\CodeIgniter.php(520): CodeIgniter\CodeIgniter->runController(Object(App\Controllers\Admin))
 9 SYSTEMPATH\CodeIgniter.php(363): CodeIgniter\CodeIgniter->handleRequest(null, Object(Config\Cache), false)
10 SYSTEMPATH\Boot.php(417): CodeIgniter\CodeIgniter->run()
11 SYSTEMPATH\Boot.php(68): CodeIgniter\Boot::runCodeIgniter(Object(CodeIgniter\CodeIgniter))
12 FCPATH\index.php(59): CodeIgniter\Boot::bootWeb(Object(Config\Paths))
CRITICAL - 2026-06-06 17:06:27 --> Error: Call to a member function isValid() on array
[Method: POST, Route: admin/upload]
in APPPATH\Controllers\Admin.php on line 64.
 1 SYSTEMPATH\CodeIgniter.php(974): App\Controllers\Admin->uploadPolicyPost()
 2 SYSTEMPATH\CodeIgniter.php(520): CodeIgniter\CodeIgniter->runController(Object(App\Controllers\Admin))
 3 SYSTEMPATH\CodeIgniter.php(363): CodeIgniter\CodeIgniter->handleRequest(null, Object(Config\Cache), false)
 4 SYSTEMPATH\Boot.php(417): CodeIgniter\CodeIgniter->run()
 5 SYSTEMPATH\Boot.php(68): CodeIgniter\Boot::runCodeIgniter(Object(CodeIgniter\CodeIgniter))
 6 FCPATH\index.php(59): CodeIgniter\Boot::bootWeb(Object(Config\Paths))
CRITICAL - 2026-06-06 17:12:27 --> Error: Call to a member function isValid() on array
[Method: POST, Route: admin/upload]
in APPPATH\Controllers\Admin.php on line 64.
 1 SYSTEMPATH\CodeIgniter.php(974): App\Controllers\Admin->uploadPolicyPost()
 2 SYSTEMPATH\CodeIgniter.php(520): CodeIgniter\CodeIgniter->runController(Object(App\Controllers\Admin))
 3 SYSTEMPATH\CodeIgniter.php(363): CodeIgniter\CodeIgniter->handleRequest(null, Object(Config\Cache), false)
 4 SYSTEMPATH\Boot.php(417): CodeIgniter\CodeIgniter->run()
 5 SYSTEMPATH\Boot.php(68): CodeIgniter\Boot::runCodeIgniter(Object(CodeIgniter\CodeIgniter))
 6 FCPATH\index.php(59): CodeIgniter\Boot::bootWeb(Object(Config\Paths))
ERROR - 2026-06-06 17:15:56 --> Error connecting to the database: mysqli_sql_exception: No connection could be made because the target machine actively refused it in D:\xampp\htdocs\gbinsurance\system\Database\MySQLi\Connection.php:201
Stack trace:
#0 D:\xampp\htdocs\gbinsurance\system\Database\MySQLi\Connection.php(201): mysqli->real_connect('localhost', '', Object(SensitiveParameterValue), '', 3306, '', 0)
#1 D:\xampp\htdocs\gbinsurance\system\Database\BaseConnection.php(555): CodeIgniter\Database\MySQLi\Connection->connect(false)
#2 D:\xampp\htdocs\gbinsurance\system\Database\BaseConnection.php(795): CodeIgniter\Database\BaseConnection->initialize()
#3 D:\xampp\htdocs\gbinsurance\system\Database\BaseBuilder.php(2343): CodeIgniter\Database\BaseConnection->query('INSERT INTO `po...', Array, false)
#4 D:\xampp\htdocs\gbinsurance\system\Model.php(357): CodeIgniter\Database\BaseBuilder->insert()
#5 D:\xampp\htdocs\gbinsurance\system\BaseModel.php(899): CodeIgniter\Model->doInsert(Array)
#6 D:\xampp\htdocs\gbinsurance\system\Model.php(670): CodeIgniter\BaseModel->insert(Array, true)
#7 D:\xampp\htdocs\gbinsurance\app\Controllers\Admin.php(79): CodeIgniter\Model->insert(Array)
#8 D:\xampp\htdocs\gbinsurance\system\CodeIgniter.php(974): App\Controllers\Admin->uploadPolicyPost()
#9 D:\xampp\htdocs\gbinsurance\system\CodeIgniter.php(520): CodeIgniter\CodeIgniter->runController(Object(App\Controllers\Admin))
#10 D:\xampp\htdocs\gbinsurance\system\CodeIgniter.php(363): CodeIgniter\CodeIgniter->handleRequest(NULL, Object(Config\Cache), false)
#11 D:\xampp\htdocs\gbinsurance\system\Boot.php(417): CodeIgniter\CodeIgniter->run()
#12 D:\xampp\htdocs\gbinsurance\system\Boot.php(68): CodeIgniter\Boot::runCodeIgniter(Object(CodeIgniter\CodeIgniter))
#13 D:\xampp\htdocs\gbinsurance\public\index.php(59): CodeIgniter\Boot::bootWeb(Object(Config\Paths))
#14 {main}

Next CodeIgniter\Database\Exceptions\DatabaseException: No connection could be made because the target machine actively refused it in D:\xampp\htdocs\gbinsurance\system\Database\MySQLi\Connection.php:231
Stack trace:
#0 D:\xampp\htdocs\gbinsurance\system\Database\BaseConnection.php(555): CodeIgniter\Database\MySQLi\Connection->connect(false)
#1 D:\xampp\htdocs\gbinsurance\system\Database\BaseConnection.php(795): CodeIgniter\Database\BaseConnection->initialize()
#2 D:\xampp\htdocs\gbinsurance\system\Database\BaseBuilder.php(2343): CodeIgniter\Database\BaseConnection->query('INSERT INTO `po...', Array, false)
#3 D:\xampp\htdocs\gbinsurance\system\Model.php(357): CodeIgniter\Database\BaseBuilder->insert()
#4 D:\xampp\htdocs\gbinsurance\system\BaseModel.php(899): CodeIgniter\Model->doInsert(Array)
#5 D:\xampp\htdocs\gbinsurance\system\Model.php(670): CodeIgniter\BaseModel->insert(Array, true)
#6 D:\xampp\htdocs\gbinsurance\app\Controllers\Admin.php(79): CodeIgniter\Model->insert(Array)
#7 D:\xampp\htdocs\gbinsurance\system\CodeIgniter.php(974): App\Controllers\Admin->uploadPolicyPost()
#8 D:\xampp\htdocs\gbinsurance\system\CodeIgniter.php(520): CodeIgniter\CodeIgniter->runController(Object(App\Controllers\Admin))
#9 D:\xampp\htdocs\gbinsurance\system\CodeIgniter.php(363): CodeIgniter\CodeIgniter->handleRequest(NULL, Object(Config\Cache), false)
#10 D:\xampp\htdocs\gbinsurance\system\Boot.php(417): CodeIgniter\CodeIgniter->run()
#11 D:\xampp\htdocs\gbinsurance\system\Boot.php(68): CodeIgniter\Boot::runCodeIgniter(Object(CodeIgniter\CodeIgniter))
#12 D:\xampp\htdocs\gbinsurance\public\index.php(59): CodeIgniter\Boot::bootWeb(Object(Config\Paths))
#13 {main}
ERROR - 2026-06-06 17:18:55 --> Error connecting to the database: mysqli_sql_exception: No connection could be made because the target machine actively refused it in D:\xampp\htdocs\gbinsurance\system\Database\MySQLi\Connection.php:201
Stack trace:
#0 D:\xampp\htdocs\gbinsurance\system\Database\MySQLi\Connection.php(201): mysqli->real_connect('localhost', '', Object(SensitiveParameterValue), '', 3306, '', 0)
#1 D:\xampp\htdocs\gbinsurance\system\Database\BaseConnection.php(555): CodeIgniter\Database\MySQLi\Connection->connect(false)
#2 D:\xampp\htdocs\gbinsurance\system\Database\BaseConnection.php(795): CodeIgniter\Database\BaseConnection->initialize()
#3 D:\xampp\htdocs\gbinsurance\system\Database\BaseBuilder.php(2343): CodeIgniter\Database\BaseConnection->query('INSERT INTO `po...', Array, false)
#4 D:\xampp\htdocs\gbinsurance\system\Model.php(357): CodeIgniter\Database\BaseBuilder->insert()
#5 D:\xampp\htdocs\gbinsurance\system\BaseModel.php(899): CodeIgniter\Model->doInsert(Array)
#6 D:\xampp\htdocs\gbinsurance\system\Model.php(670): CodeIgniter\BaseModel->insert(Array, true)
#7 D:\xampp\htdocs\gbinsurance\app\Controllers\Admin.php(80): CodeIgniter\Model->insert(Array)
#8 D:\xampp\htdocs\gbinsurance\system\CodeIgniter.php(974): App\Controllers\Admin->uploadPolicyPost()
#9 D:\xampp\htdocs\gbinsurance\system\CodeIgniter.php(520): CodeIgniter\CodeIgniter->runController(Object(App\Controllers\Admin))
#10 D:\xampp\htdocs\gbinsurance\system\CodeIgniter.php(363): CodeIgniter\CodeIgniter->handleRequest(NULL, Object(Config\Cache), false)
#11 D:\xampp\htdocs\gbinsurance\system\Boot.php(417): CodeIgniter\CodeIgniter->run()
#12 D:\xampp\htdocs\gbinsurance\system\Boot.php(68): CodeIgniter\Boot::runCodeIgniter(Object(CodeIgniter\CodeIgniter))
#13 D:\xampp\htdocs\gbinsurance\public\index.php(59): CodeIgniter\Boot::bootWeb(Object(Config\Paths))
#14 {main}

Next CodeIgniter\Database\Exceptions\DatabaseException: No connection could be made because the target machine actively refused it in D:\xampp\htdocs\gbinsurance\system\Database\MySQLi\Connection.php:231
Stack trace:
#0 D:\xampp\htdocs\gbinsurance\system\Database\BaseConnection.php(555): CodeIgniter\Database\MySQLi\Connection->connect(false)
#1 D:\xampp\htdocs\gbinsurance\system\Database\BaseConnection.php(795): CodeIgniter\Database\BaseConnection->initialize()
#2 D:\xampp\htdocs\gbinsurance\system\Database\BaseBuilder.php(2343): CodeIgniter\Database\BaseConnection->query('INSERT INTO `po...', Array, false)
#3 D:\xampp\htdocs\gbinsurance\system\Model.php(357): CodeIgniter\Database\BaseBuilder->insert()
#4 D:\xampp\htdocs\gbinsurance\system\BaseModel.php(899): CodeIgniter\Model->doInsert(Array)
#5 D:\xampp\htdocs\gbinsurance\system\Model.php(670): CodeIgniter\BaseModel->insert(Array, true)
#6 D:\xampp\htdocs\gbinsurance\app\Controllers\Admin.php(80): CodeIgniter\Model->insert(Array)
#7 D:\xampp\htdocs\gbinsurance\system\CodeIgniter.php(974): App\Controllers\Admin->uploadPolicyPost()
#8 D:\xampp\htdocs\gbinsurance\system\CodeIgniter.php(520): CodeIgniter\CodeIgniter->runController(Object(App\Controllers\Admin))
#9 D:\xampp\htdocs\gbinsurance\system\CodeIgniter.php(363): CodeIgniter\CodeIgniter->handleRequest(NULL, Object(Config\Cache), false)
#10 D:\xampp\htdocs\gbinsurance\system\Boot.php(417): CodeIgniter\CodeIgniter->run()
#11 D:\xampp\htdocs\gbinsurance\system\Boot.php(68): CodeIgniter\Boot::runCodeIgniter(Object(CodeIgniter\CodeIgniter))
#12 D:\xampp\htdocs\gbinsurance\public\index.php(59): CodeIgniter\Boot::bootWeb(Object(Config\Paths))
#13 {main}
CRITICAL - 2026-06-06 17:43:30 --> ErrorException: require(vendor/autoload.php): Failed to open stream: No such file or directory
[Method: GET, Route: admin/upload]
in APPPATH\Libraries\PolicyExtractor.php on line 2.
 1 APPPATH\Libraries\PolicyExtractor.php(2): CodeIgniter\Debug\Exceptions->errorHandler(2, 'require(vendor/autoload.php): Failed to open stream: No such file or directory', 'D:\\xampp\\htdocs\\gbinsurance\\app\\Libraries\\PolicyExtractor.php', 2)
 2 APPPATH\Libraries\PolicyExtractor.php(2): require()
 3 SYSTEMPATH\Autoloader\Autoloader.php(340): include_once('D:\\xampp\\htdocs\\gbinsurance\\app\\Libraries\\PolicyExtractor.php')
 4 SYSTEMPATH\Autoloader\Autoloader.php(320): CodeIgniter\Autoloader\Autoloader->includeFile('D:\\xampp\\htdocs\\gbinsurance\\app\\Libraries\\PolicyExtractor.php')
 5 SYSTEMPATH\Autoloader\Autoloader.php(296): CodeIgniter\Autoloader\Autoloader->loadInNamespace('App\\Libraries\\PolicyExtractor')
 6 APPPATH\Controllers\Admin.php(18): CodeIgniter\Autoloader\Autoloader->loadClass('App\\Libraries\\PolicyExtractor')
 7 SYSTEMPATH\CodeIgniter.php(944): App\Controllers\Admin->__construct()
 8 SYSTEMPATH\CodeIgniter.php(511): CodeIgniter\CodeIgniter->createController()
 9 SYSTEMPATH\CodeIgniter.php(363): CodeIgniter\CodeIgniter->handleRequest(null, Object(Config\Cache), false)
10 SYSTEMPATH\Boot.php(417): CodeIgniter\CodeIgniter->run()
11 SYSTEMPATH\Boot.php(68): CodeIgniter\Boot::runCodeIgniter(Object(CodeIgniter\CodeIgniter))
12 FCPATH\index.php(59): CodeIgniter\Boot::bootWeb(Object(Config\Paths))
CRITICAL - 2026-06-06 17:43:31 --> ErrorException: require(vendor/autoload.php): Failed to open stream: No such file or directory
[Method: GET, Route: admin/upload]
in APPPATH\Libraries\PolicyExtractor.php on line 2.
 1 APPPATH\Libraries\PolicyExtractor.php(2): CodeIgniter\Debug\Exceptions->errorHandler(2, 'require(vendor/autoload.php): Failed to open stream: No such file or directory', 'D:\\xampp\\htdocs\\gbinsurance\\app\\Libraries\\PolicyExtractor.php', 2)
 2 APPPATH\Libraries\PolicyExtractor.php(2): require()
 3 SYSTEMPATH\Autoloader\Autoloader.php(340): include_once('D:\\xampp\\htdocs\\gbinsurance\\app\\Libraries\\PolicyExtractor.php')
 4 SYSTEMPATH\Autoloader\Autoloader.php(320): CodeIgniter\Autoloader\Autoloader->includeFile('D:\\xampp\\htdocs\\gbinsurance\\app\\Libraries\\PolicyExtractor.php')
 5 SYSTEMPATH\Autoloader\Autoloader.php(296): CodeIgniter\Autoloader\Autoloader->loadInNamespace('App\\Libraries\\PolicyExtractor')
 6 APPPATH\Controllers\Admin.php(18): CodeIgniter\Autoloader\Autoloader->loadClass('App\\Libraries\\PolicyExtractor')
 7 SYSTEMPATH\CodeIgniter.php(944): App\Controllers\Admin->__construct()
 8 SYSTEMPATH\CodeIgniter.php(511): CodeIgniter\CodeIgniter->createController()
 9 SYSTEMPATH\CodeIgniter.php(363): CodeIgniter\CodeIgniter->handleRequest(null, Object(Config\Cache), false)
10 SYSTEMPATH\Boot.php(417): CodeIgniter\CodeIgniter->run()
11 SYSTEMPATH\Boot.php(68): CodeIgniter\Boot::runCodeIgniter(Object(CodeIgniter\CodeIgniter))
12 FCPATH\index.php(59): CodeIgniter\Boot::bootWeb(Object(Config\Paths))
CRITICAL - 2026-06-06 17:43:38 --> ErrorException: require(vendor/autoload.php): Failed to open stream: No such file or directory
[Method: GET, Route: admin]
in APPPATH\Libraries\PolicyExtractor.php on line 2.
 1 APPPATH\Libraries\PolicyExtractor.php(2): CodeIgniter\Debug\Exceptions->errorHandler(2, 'require(vendor/autoload.php): Failed to open stream: No such file or directory', 'D:\\xampp\\htdocs\\gbinsurance\\app\\Libraries\\PolicyExtractor.php', 2)
 2 APPPATH\Libraries\PolicyExtractor.php(2): require()
 3 SYSTEMPATH\Autoloader\Autoloader.php(340): include_once('D:\\xampp\\htdocs\\gbinsurance\\app\\Libraries\\PolicyExtractor.php')
 4 SYSTEMPATH\Autoloader\Autoloader.php(320): CodeIgniter\Autoloader\Autoloader->includeFile('D:\\xampp\\htdocs\\gbinsurance\\app\\Libraries\\PolicyExtractor.php')
 5 SYSTEMPATH\Autoloader\Autoloader.php(296): CodeIgniter\Autoloader\Autoloader->loadInNamespace('App\\Libraries\\PolicyExtractor')
 6 APPPATH\Controllers\Admin.php(18): CodeIgniter\Autoloader\Autoloader->loadClass('App\\Libraries\\PolicyExtractor')
 7 SYSTEMPATH\CodeIgniter.php(944): App\Controllers\Admin->__construct()
 8 SYSTEMPATH\CodeIgniter.php(511): CodeIgniter\CodeIgniter->createController()
 9 SYSTEMPATH\CodeIgniter.php(363): CodeIgniter\CodeIgniter->handleRequest(null, Object(Config\Cache), false)
10 SYSTEMPATH\Boot.php(417): CodeIgniter\CodeIgniter->run()
11 SYSTEMPATH\Boot.php(68): CodeIgniter\Boot::runCodeIgniter(Object(CodeIgniter\CodeIgniter))
12 FCPATH\index.php(59): CodeIgniter\Boot::bootWeb(Object(Config\Paths))
CRITICAL - 2026-06-06 17:43:41 --> ErrorException: require(vendor/autoload.php): Failed to open stream: No such file or directory
[Method: GET, Route: admin]
in APPPATH\Libraries\PolicyExtractor.php on line 2.
 1 APPPATH\Libraries\PolicyExtractor.php(2): CodeIgniter\Debug\Exceptions->errorHandler(2, 'require(vendor/autoload.php): Failed to open stream: No such file or directory', 'D:\\xampp\\htdocs\\gbinsurance\\app\\Libraries\\PolicyExtractor.php', 2)
 2 APPPATH\Libraries\PolicyExtractor.php(2): require()
 3 SYSTEMPATH\Autoloader\Autoloader.php(340): include_once('D:\\xampp\\htdocs\\gbinsurance\\app\\Libraries\\PolicyExtractor.php')
 4 SYSTEMPATH\Autoloader\Autoloader.php(320): CodeIgniter\Autoloader\Autoloader->includeFile('D:\\xampp\\htdocs\\gbinsurance\\app\\Libraries\\PolicyExtractor.php')
 5 SYSTEMPATH\Autoloader\Autoloader.php(296): CodeIgniter\Autoloader\Autoloader->loadInNamespace('App\\Libraries\\PolicyExtractor')
 6 APPPATH\Controllers\Admin.php(18): CodeIgniter\Autoloader\Autoloader->loadClass('App\\Libraries\\PolicyExtractor')
 7 SYSTEMPATH\CodeIgniter.php(944): App\Controllers\Admin->__construct()
 8 SYSTEMPATH\CodeIgniter.php(511): CodeIgniter\CodeIgniter->createController()
 9 SYSTEMPATH\CodeIgniter.php(363): CodeIgniter\CodeIgniter->handleRequest(null, Object(Config\Cache), false)
10 SYSTEMPATH\Boot.php(417): CodeIgniter\CodeIgniter->run()
11 SYSTEMPATH\Boot.php(68): CodeIgniter\Boot::runCodeIgniter(Object(CodeIgniter\CodeIgniter))
12 FCPATH\index.php(59): CodeIgniter\Boot::bootWeb(Object(Config\Paths))
