ERROR - 2026-06-15 17:32:18 --> Error connecting to the database: mysqli_sql_exception: No connection could be made because the target machine actively refused it in D:\xampp\htdocs\gbinsurance\system\Database\MySQLi\Connection.php:201
Stack trace:
#0 D:\xampp\htdocs\gbinsurance\system\Database\MySQLi\Connection.php(201): mysqli->real_connect('localhost', 'root', Object(SensitiveParameterValue), 'gb_insurance', 3306, '', 0)
#1 D:\xampp\htdocs\gbinsurance\system\Database\BaseConnection.php(555): CodeIgniter\Database\MySQLi\Connection->connect(false)
#2 D:\xampp\htdocs\gbinsurance\system\Database\BaseConnection.php(795): CodeIgniter\Database\BaseConnection->initialize()
#3 D:\xampp\htdocs\gbinsurance\system\Database\BaseBuilder.php(1647): CodeIgniter\Database\BaseConnection->query('SELECT *\nFROM `...', Array, false)
#4 D:\xampp\htdocs\gbinsurance\system\Model.php(297): CodeIgniter\Database\BaseBuilder->get()
#5 D:\xampp\htdocs\gbinsurance\system\BaseModel.php(714): CodeIgniter\Model->doFirst()
#6 D:\xampp\htdocs\gbinsurance\app\Controllers\Auth.php(22): CodeIgniter\BaseModel->first()
#7 D:\xampp\htdocs\gbinsurance\system\CodeIgniter.php(974): App\Controllers\Auth->login()
#8 D:\xampp\htdocs\gbinsurance\system\CodeIgniter.php(520): CodeIgniter\CodeIgniter->runController(Object(App\Controllers\Auth))
#9 D:\xampp\htdocs\gbinsurance\system\CodeIgniter.php(363): CodeIgniter\CodeIgniter->handleRequest(NULL, Object(Config\Cache), false)
#10 D:\xampp\htdocs\gbinsurance\system\Boot.php(417): CodeIgniter\CodeIgniter->run()
#11 D:\xampp\htdocs\gbinsurance\system\Boot.php(68): CodeIgniter\Boot::runCodeIgniter(Object(CodeIgniter\CodeIgniter))
#12 D:\xampp\htdocs\gbinsurance\public\index.php(59): CodeIgniter\Boot::bootWeb(Object(Config\Paths))
#13 {main}

Next CodeIgniter\Database\Exceptions\DatabaseException: No connection could be made because the target machine actively refused it in D:\xampp\htdocs\gbinsurance\system\Database\MySQLi\Connection.php:231
Stack trace:
#0 D:\xampp\htdocs\gbinsurance\system\Database\BaseConnection.php(555): CodeIgniter\Database\MySQLi\Connection->connect(false)
#1 D:\xampp\htdocs\gbinsurance\system\Database\BaseConnection.php(795): CodeIgniter\Database\BaseConnection->initialize()
#2 D:\xampp\htdocs\gbinsurance\system\Database\BaseBuilder.php(1647): CodeIgniter\Database\BaseConnection->query('SELECT *\nFROM `...', Array, false)
#3 D:\xampp\htdocs\gbinsurance\system\Model.php(297): CodeIgniter\Database\BaseBuilder->get()
#4 D:\xampp\htdocs\gbinsurance\system\BaseModel.php(714): CodeIgniter\Model->doFirst()
#5 D:\xampp\htdocs\gbinsurance\app\Controllers\Auth.php(22): CodeIgniter\BaseModel->first()
#6 D:\xampp\htdocs\gbinsurance\system\CodeIgniter.php(974): App\Controllers\Auth->login()
#7 D:\xampp\htdocs\gbinsurance\system\CodeIgniter.php(520): CodeIgniter\CodeIgniter->runController(Object(App\Controllers\Auth))
#8 D:\xampp\htdocs\gbinsurance\system\CodeIgniter.php(363): CodeIgniter\CodeIgniter->handleRequest(NULL, Object(Config\Cache), false)
#9 D:\xampp\htdocs\gbinsurance\system\Boot.php(417): CodeIgniter\CodeIgniter->run()
#10 D:\xampp\htdocs\gbinsurance\system\Boot.php(68): CodeIgniter\Boot::runCodeIgniter(Object(CodeIgniter\CodeIgniter))
#11 D:\xampp\htdocs\gbinsurance\public\index.php(59): CodeIgniter\Boot::bootWeb(Object(Config\Paths))
#12 {main}
CRITICAL - 2026-06-15 17:32:18 --> CodeIgniter\Database\Exceptions\DatabaseException: Unable to connect to the database.
Main connection [MySQLi]: No connection could be made because the target machine actively refused it
[Method: POST, Route: employee/login]
in SYSTEMPATH\Database\BaseConnection.php on line 606.
 1 SYSTEMPATH\Database\BaseConnection.php(795): CodeIgniter\Database\BaseConnection->initialize()
 2 SYSTEMPATH\Database\BaseBuilder.php(1647): CodeIgniter\Database\BaseConnection->query('SELECT *
FROM `employee`
WHERE `username` = :username:
 LIMIT 1', [...], false)
 3 SYSTEMPATH\Model.php(297): CodeIgniter\Database\BaseBuilder->get()
 4 SYSTEMPATH\BaseModel.php(714): CodeIgniter\Model->doFirst()
 5 APPPATH\Controllers\Auth.php(22): CodeIgniter\BaseModel->first()
 6 SYSTEMPATH\CodeIgniter.php(974): App\Controllers\Auth->login()
 7 SYSTEMPATH\CodeIgniter.php(520): CodeIgniter\CodeIgniter->runController(Object(App\Controllers\Auth))
 8 SYSTEMPATH\CodeIgniter.php(363): CodeIgniter\CodeIgniter->handleRequest(null, Object(Config\Cache), false)
 9 SYSTEMPATH\Boot.php(417): CodeIgniter\CodeIgniter->run()
10 SYSTEMPATH\Boot.php(68): CodeIgniter\Boot::runCodeIgniter(Object(CodeIgniter\CodeIgniter))
11 FCPATH\index.php(59): CodeIgniter\Boot::bootWeb(Object(Config\Paths))
ERROR - 2026-06-15 17:32:27 --> Error connecting to the database: mysqli_sql_exception: No connection could be made because the target machine actively refused it in D:\xampp\htdocs\gbinsurance\system\Database\MySQLi\Connection.php:201
Stack trace:
#0 D:\xampp\htdocs\gbinsurance\system\Database\MySQLi\Connection.php(201): mysqli->real_connect('localhost', 'root', Object(SensitiveParameterValue), 'gb_insurance', 3306, '', 0)
#1 D:\xampp\htdocs\gbinsurance\system\Database\BaseConnection.php(555): CodeIgniter\Database\MySQLi\Connection->connect(false)
#2 D:\xampp\htdocs\gbinsurance\system\Database\BaseConnection.php(795): CodeIgniter\Database\BaseConnection->initialize()
#3 D:\xampp\htdocs\gbinsurance\system\Database\BaseBuilder.php(1647): CodeIgniter\Database\BaseConnection->query('SELECT *\nFROM `...', Array, false)
#4 D:\xampp\htdocs\gbinsurance\system\Model.php(297): CodeIgniter\Database\BaseBuilder->get()
#5 D:\xampp\htdocs\gbinsurance\system\BaseModel.php(714): CodeIgniter\Model->doFirst()
#6 D:\xampp\htdocs\gbinsurance\app\Controllers\Auth.php(22): CodeIgniter\BaseModel->first()
#7 D:\xampp\htdocs\gbinsurance\system\CodeIgniter.php(974): App\Controllers\Auth->login()
#8 D:\xampp\htdocs\gbinsurance\system\CodeIgniter.php(520): CodeIgniter\CodeIgniter->runController(Object(App\Controllers\Auth))
#9 D:\xampp\htdocs\gbinsurance\system\CodeIgniter.php(363): CodeIgniter\CodeIgniter->handleRequest(NULL, Object(Config\Cache), false)
#10 D:\xampp\htdocs\gbinsurance\system\Boot.php(417): CodeIgniter\CodeIgniter->run()
#11 D:\xampp\htdocs\gbinsurance\system\Boot.php(68): CodeIgniter\Boot::runCodeIgniter(Object(CodeIgniter\CodeIgniter))
#12 D:\xampp\htdocs\gbinsurance\public\index.php(59): CodeIgniter\Boot::bootWeb(Object(Config\Paths))
#13 {main}

Next CodeIgniter\Database\Exceptions\DatabaseException: No connection could be made because the target machine actively refused it in D:\xampp\htdocs\gbinsurance\system\Database\MySQLi\Connection.php:231
Stack trace:
#0 D:\xampp\htdocs\gbinsurance\system\Database\BaseConnection.php(555): CodeIgniter\Database\MySQLi\Connection->connect(false)
#1 D:\xampp\htdocs\gbinsurance\system\Database\BaseConnection.php(795): CodeIgniter\Database\BaseConnection->initialize()
#2 D:\xampp\htdocs\gbinsurance\system\Database\BaseBuilder.php(1647): CodeIgniter\Database\BaseConnection->query('SELECT *\nFROM `...', Array, false)
#3 D:\xampp\htdocs\gbinsurance\system\Model.php(297): CodeIgniter\Database\BaseBuilder->get()
#4 D:\xampp\htdocs\gbinsurance\system\BaseModel.php(714): CodeIgniter\Model->doFirst()
#5 D:\xampp\htdocs\gbinsurance\app\Controllers\Auth.php(22): CodeIgniter\BaseModel->first()
#6 D:\xampp\htdocs\gbinsurance\system\CodeIgniter.php(974): App\Controllers\Auth->login()
#7 D:\xampp\htdocs\gbinsurance\system\CodeIgniter.php(520): CodeIgniter\CodeIgniter->runController(Object(App\Controllers\Auth))
#8 D:\xampp\htdocs\gbinsurance\system\CodeIgniter.php(363): CodeIgniter\CodeIgniter->handleRequest(NULL, Object(Config\Cache), false)
#9 D:\xampp\htdocs\gbinsurance\system\Boot.php(417): CodeIgniter\CodeIgniter->run()
#10 D:\xampp\htdocs\gbinsurance\system\Boot.php(68): CodeIgniter\Boot::runCodeIgniter(Object(CodeIgniter\CodeIgniter))
#11 D:\xampp\htdocs\gbinsurance\public\index.php(59): CodeIgniter\Boot::bootWeb(Object(Config\Paths))
#12 {main}
CRITICAL - 2026-06-15 17:32:27 --> CodeIgniter\Database\Exceptions\DatabaseException: Unable to connect to the database.
Main connection [MySQLi]: No connection could be made because the target machine actively refused it
[Method: POST, Route: employee/login]
in SYSTEMPATH\Database\BaseConnection.php on line 606.
 1 SYSTEMPATH\Database\BaseConnection.php(795): CodeIgniter\Database\BaseConnection->initialize()
 2 SYSTEMPATH\Database\BaseBuilder.php(1647): CodeIgniter\Database\BaseConnection->query('SELECT *
FROM `employee`
WHERE `username` = :username:
 LIMIT 1', [...], false)
 3 SYSTEMPATH\Model.php(297): CodeIgniter\Database\BaseBuilder->get()
 4 SYSTEMPATH\BaseModel.php(714): CodeIgniter\Model->doFirst()
 5 APPPATH\Controllers\Auth.php(22): CodeIgniter\BaseModel->first()
 6 SYSTEMPATH\CodeIgniter.php(974): App\Controllers\Auth->login()
 7 SYSTEMPATH\CodeIgniter.php(520): CodeIgniter\CodeIgniter->runController(Object(App\Controllers\Auth))
 8 SYSTEMPATH\CodeIgniter.php(363): CodeIgniter\CodeIgniter->handleRequest(null, Object(Config\Cache), false)
 9 SYSTEMPATH\Boot.php(417): CodeIgniter\CodeIgniter->run()
10 SYSTEMPATH\Boot.php(68): CodeIgniter\Boot::runCodeIgniter(Object(CodeIgniter\CodeIgniter))
11 FCPATH\index.php(59): CodeIgniter\Boot::bootWeb(Object(Config\Paths))
ERROR - 2026-06-15 17:32:38 --> Error connecting to the database: mysqli_sql_exception: No connection could be made because the target machine actively refused it in D:\xampp\htdocs\gbinsurance\system\Database\MySQLi\Connection.php:201
Stack trace:
#0 D:\xampp\htdocs\gbinsurance\system\Database\MySQLi\Connection.php(201): mysqli->real_connect('localhost', 'root', Object(SensitiveParameterValue), 'gb_insurance', 3306, '', 0)
#1 D:\xampp\htdocs\gbinsurance\system\Database\BaseConnection.php(555): CodeIgniter\Database\MySQLi\Connection->connect(false)
#2 D:\xampp\htdocs\gbinsurance\system\Database\BaseConnection.php(795): CodeIgniter\Database\BaseConnection->initialize()
#3 D:\xampp\htdocs\gbinsurance\system\Database\BaseBuilder.php(1647): CodeIgniter\Database\BaseConnection->query('SELECT *\nFROM `...', Array, false)
#4 D:\xampp\htdocs\gbinsurance\system\Model.php(297): CodeIgniter\Database\BaseBuilder->get()
#5 D:\xampp\htdocs\gbinsurance\system\BaseModel.php(714): CodeIgniter\Model->doFirst()
#6 D:\xampp\htdocs\gbinsurance\app\Controllers\Auth.php(22): CodeIgniter\BaseModel->first()
#7 D:\xampp\htdocs\gbinsurance\system\CodeIgniter.php(974): App\Controllers\Auth->login()
#8 D:\xampp\htdocs\gbinsurance\system\CodeIgniter.php(520): CodeIgniter\CodeIgniter->runController(Object(App\Controllers\Auth))
#9 D:\xampp\htdocs\gbinsurance\system\CodeIgniter.php(363): CodeIgniter\CodeIgniter->handleRequest(NULL, Object(Config\Cache), false)
#10 D:\xampp\htdocs\gbinsurance\system\Boot.php(417): CodeIgniter\CodeIgniter->run()
#11 D:\xampp\htdocs\gbinsurance\system\Boot.php(68): CodeIgniter\Boot::runCodeIgniter(Object(CodeIgniter\CodeIgniter))
#12 D:\xampp\htdocs\gbinsurance\public\index.php(59): CodeIgniter\Boot::bootWeb(Object(Config\Paths))
#13 {main}

Next CodeIgniter\Database\Exceptions\DatabaseException: No connection could be made because the target machine actively refused it in D:\xampp\htdocs\gbinsurance\system\Database\MySQLi\Connection.php:231
Stack trace:
#0 D:\xampp\htdocs\gbinsurance\system\Database\BaseConnection.php(555): CodeIgniter\Database\MySQLi\Connection->connect(false)
#1 D:\xampp\htdocs\gbinsurance\system\Database\BaseConnection.php(795): CodeIgniter\Database\BaseConnection->initialize()
#2 D:\xampp\htdocs\gbinsurance\system\Database\BaseBuilder.php(1647): CodeIgniter\Database\BaseConnection->query('SELECT *\nFROM `...', Array, false)
#3 D:\xampp\htdocs\gbinsurance\system\Model.php(297): CodeIgniter\Database\BaseBuilder->get()
#4 D:\xampp\htdocs\gbinsurance\system\BaseModel.php(714): CodeIgniter\Model->doFirst()
#5 D:\xampp\htdocs\gbinsurance\app\Controllers\Auth.php(22): CodeIgniter\BaseModel->first()
#6 D:\xampp\htdocs\gbinsurance\system\CodeIgniter.php(974): App\Controllers\Auth->login()
#7 D:\xampp\htdocs\gbinsurance\system\CodeIgniter.php(520): CodeIgniter\CodeIgniter->runController(Object(App\Controllers\Auth))
#8 D:\xampp\htdocs\gbinsurance\system\CodeIgniter.php(363): CodeIgniter\CodeIgniter->handleRequest(NULL, Object(Config\Cache), false)
#9 D:\xampp\htdocs\gbinsurance\system\Boot.php(417): CodeIgniter\CodeIgniter->run()
#10 D:\xampp\htdocs\gbinsurance\system\Boot.php(68): CodeIgniter\Boot::runCodeIgniter(Object(CodeIgniter\CodeIgniter))
#11 D:\xampp\htdocs\gbinsurance\public\index.php(59): CodeIgniter\Boot::bootWeb(Object(Config\Paths))
#12 {main}
CRITICAL - 2026-06-15 17:32:38 --> CodeIgniter\Database\Exceptions\DatabaseException: Unable to connect to the database.
Main connection [MySQLi]: No connection could be made because the target machine actively refused it
[Method: POST, Route: employee/login]
in SYSTEMPATH\Database\BaseConnection.php on line 606.
 1 SYSTEMPATH\Database\BaseConnection.php(795): CodeIgniter\Database\BaseConnection->initialize()
 2 SYSTEMPATH\Database\BaseBuilder.php(1647): CodeIgniter\Database\BaseConnection->query('SELECT *
FROM `employee`
WHERE `username` = :username:
 LIMIT 1', [...], false)
 3 SYSTEMPATH\Model.php(297): CodeIgniter\Database\BaseBuilder->get()
 4 SYSTEMPATH\BaseModel.php(714): CodeIgniter\Model->doFirst()
 5 APPPATH\Controllers\Auth.php(22): CodeIgniter\BaseModel->first()
 6 SYSTEMPATH\CodeIgniter.php(974): App\Controllers\Auth->login()
 7 SYSTEMPATH\CodeIgniter.php(520): CodeIgniter\CodeIgniter->runController(Object(App\Controllers\Auth))
 8 SYSTEMPATH\CodeIgniter.php(363): CodeIgniter\CodeIgniter->handleRequest(null, Object(Config\Cache), false)
 9 SYSTEMPATH\Boot.php(417): CodeIgniter\CodeIgniter->run()
10 SYSTEMPATH\Boot.php(68): CodeIgniter\Boot::runCodeIgniter(Object(CodeIgniter\CodeIgniter))
11 FCPATH\index.php(59): CodeIgniter\Boot::bootWeb(Object(Config\Paths))
ERROR - 2026-06-15 17:33:41 --> Error connecting to the database: mysqli_sql_exception: No connection could be made because the target machine actively refused it in D:\xampp\htdocs\gbinsurance\system\Database\MySQLi\Connection.php:201
Stack trace:
#0 D:\xampp\htdocs\gbinsurance\system\Database\MySQLi\Connection.php(201): mysqli->real_connect('localhost', 'root', Object(SensitiveParameterValue), 'gb_insurance', 3306, '', 0)
#1 D:\xampp\htdocs\gbinsurance\system\Database\BaseConnection.php(555): CodeIgniter\Database\MySQLi\Connection->connect(false)
#2 D:\xampp\htdocs\gbinsurance\system\Database\BaseConnection.php(795): CodeIgniter\Database\BaseConnection->initialize()
#3 D:\xampp\htdocs\gbinsurance\system\Database\BaseBuilder.php(1647): CodeIgniter\Database\BaseConnection->query('SELECT *\nFROM `...', Array, false)
#4 D:\xampp\htdocs\gbinsurance\system\Model.php(297): CodeIgniter\Database\BaseBuilder->get()
#5 D:\xampp\htdocs\gbinsurance\system\BaseModel.php(714): CodeIgniter\Model->doFirst()
#6 D:\xampp\htdocs\gbinsurance\app\Controllers\Auth.php(22): CodeIgniter\BaseModel->first()
#7 D:\xampp\htdocs\gbinsurance\system\CodeIgniter.php(974): App\Controllers\Auth->login()
#8 D:\xampp\htdocs\gbinsurance\system\CodeIgniter.php(520): CodeIgniter\CodeIgniter->runController(Object(App\Controllers\Auth))
#9 D:\xampp\htdocs\gbinsurance\system\CodeIgniter.php(363): CodeIgniter\CodeIgniter->handleRequest(NULL, Object(Config\Cache), false)
#10 D:\xampp\htdocs\gbinsurance\system\Boot.php(417): CodeIgniter\CodeIgniter->run()
#11 D:\xampp\htdocs\gbinsurance\system\Boot.php(68): CodeIgniter\Boot::runCodeIgniter(Object(CodeIgniter\CodeIgniter))
#12 D:\xampp\htdocs\gbinsurance\public\index.php(59): CodeIgniter\Boot::bootWeb(Object(Config\Paths))
#13 {main}

Next CodeIgniter\Database\Exceptions\DatabaseException: No connection could be made because the target machine actively refused it in D:\xampp\htdocs\gbinsurance\system\Database\MySQLi\Connection.php:231
Stack trace:
#0 D:\xampp\htdocs\gbinsurance\system\Database\BaseConnection.php(555): CodeIgniter\Database\MySQLi\Connection->connect(false)
#1 D:\xampp\htdocs\gbinsurance\system\Database\BaseConnection.php(795): CodeIgniter\Database\BaseConnection->initialize()
#2 D:\xampp\htdocs\gbinsurance\system\Database\BaseBuilder.php(1647): CodeIgniter\Database\BaseConnection->query('SELECT *\nFROM `...', Array, false)
#3 D:\xampp\htdocs\gbinsurance\system\Model.php(297): CodeIgniter\Database\BaseBuilder->get()
#4 D:\xampp\htdocs\gbinsurance\system\BaseModel.php(714): CodeIgniter\Model->doFirst()
#5 D:\xampp\htdocs\gbinsurance\app\Controllers\Auth.php(22): CodeIgniter\BaseModel->first()
#6 D:\xampp\htdocs\gbinsurance\system\CodeIgniter.php(974): App\Controllers\Auth->login()
#7 D:\xampp\htdocs\gbinsurance\system\CodeIgniter.php(520): CodeIgniter\CodeIgniter->runController(Object(App\Controllers\Auth))
#8 D:\xampp\htdocs\gbinsurance\system\CodeIgniter.php(363): CodeIgniter\CodeIgniter->handleRequest(NULL, Object(Config\Cache), false)
#9 D:\xampp\htdocs\gbinsurance\system\Boot.php(417): CodeIgniter\CodeIgniter->run()
#10 D:\xampp\htdocs\gbinsurance\system\Boot.php(68): CodeIgniter\Boot::runCodeIgniter(Object(CodeIgniter\CodeIgniter))
#11 D:\xampp\htdocs\gbinsurance\public\index.php(59): CodeIgniter\Boot::bootWeb(Object(Config\Paths))
#12 {main}
CRITICAL - 2026-06-15 17:33:41 --> CodeIgniter\Database\Exceptions\DatabaseException: Unable to connect to the database.
Main connection [MySQLi]: No connection could be made because the target machine actively refused it
[Method: POST, Route: employee/login]
in SYSTEMPATH\Database\BaseConnection.php on line 606.
 1 SYSTEMPATH\Database\BaseConnection.php(795): CodeIgniter\Database\BaseConnection->initialize()
 2 SYSTEMPATH\Database\BaseBuilder.php(1647): CodeIgniter\Database\BaseConnection->query('SELECT *
FROM `employee`
WHERE `username` = :username:
 LIMIT 1', [...], false)
 3 SYSTEMPATH\Model.php(297): CodeIgniter\Database\BaseBuilder->get()
 4 SYSTEMPATH\BaseModel.php(714): CodeIgniter\Model->doFirst()
 5 APPPATH\Controllers\Auth.php(22): CodeIgniter\BaseModel->first()
 6 SYSTEMPATH\CodeIgniter.php(974): App\Controllers\Auth->login()
 7 SYSTEMPATH\CodeIgniter.php(520): CodeIgniter\CodeIgniter->runController(Object(App\Controllers\Auth))
 8 SYSTEMPATH\CodeIgniter.php(363): CodeIgniter\CodeIgniter->handleRequest(null, Object(Config\Cache), false)
 9 SYSTEMPATH\Boot.php(417): CodeIgniter\CodeIgniter->run()
10 SYSTEMPATH\Boot.php(68): CodeIgniter\Boot::runCodeIgniter(Object(CodeIgniter\CodeIgniter))
11 FCPATH\index.php(59): CodeIgniter\Boot::bootWeb(Object(Config\Paths))
ERROR - 2026-06-15 17:33:49 --> Error connecting to the database: mysqli_sql_exception: No connection could be made because the target machine actively refused it in D:\xampp\htdocs\gbinsurance\system\Database\MySQLi\Connection.php:201
Stack trace:
#0 D:\xampp\htdocs\gbinsurance\system\Database\MySQLi\Connection.php(201): mysqli->real_connect('localhost', 'root', Object(SensitiveParameterValue), 'gb_insurance', 3306, '', 0)
#1 D:\xampp\htdocs\gbinsurance\system\Database\BaseConnection.php(555): CodeIgniter\Database\MySQLi\Connection->connect(false)
#2 D:\xampp\htdocs\gbinsurance\system\Database\BaseConnection.php(795): CodeIgniter\Database\BaseConnection->initialize()
#3 D:\xampp\htdocs\gbinsurance\system\Database\BaseBuilder.php(1647): CodeIgniter\Database\BaseConnection->query('SELECT *\nFROM `...', Array, false)
#4 D:\xampp\htdocs\gbinsurance\system\Model.php(297): CodeIgniter\Database\BaseBuilder->get()
#5 D:\xampp\htdocs\gbinsurance\system\BaseModel.php(714): CodeIgniter\Model->doFirst()
#6 D:\xampp\htdocs\gbinsurance\app\Controllers\Auth.php(22): CodeIgniter\BaseModel->first()
#7 D:\xampp\htdocs\gbinsurance\system\CodeIgniter.php(974): App\Controllers\Auth->login()
#8 D:\xampp\htdocs\gbinsurance\system\CodeIgniter.php(520): CodeIgniter\CodeIgniter->runController(Object(App\Controllers\Auth))
#9 D:\xampp\htdocs\gbinsurance\system\CodeIgniter.php(363): CodeIgniter\CodeIgniter->handleRequest(NULL, Object(Config\Cache), false)
#10 D:\xampp\htdocs\gbinsurance\system\Boot.php(417): CodeIgniter\CodeIgniter->run()
#11 D:\xampp\htdocs\gbinsurance\system\Boot.php(68): CodeIgniter\Boot::runCodeIgniter(Object(CodeIgniter\CodeIgniter))
#12 D:\xampp\htdocs\gbinsurance\public\index.php(59): CodeIgniter\Boot::bootWeb(Object(Config\Paths))
#13 {main}

Next CodeIgniter\Database\Exceptions\DatabaseException: No connection could be made because the target machine actively refused it in D:\xampp\htdocs\gbinsurance\system\Database\MySQLi\Connection.php:231
Stack trace:
#0 D:\xampp\htdocs\gbinsurance\system\Database\BaseConnection.php(555): CodeIgniter\Database\MySQLi\Connection->connect(false)
#1 D:\xampp\htdocs\gbinsurance\system\Database\BaseConnection.php(795): CodeIgniter\Database\BaseConnection->initialize()
#2 D:\xampp\htdocs\gbinsurance\system\Database\BaseBuilder.php(1647): CodeIgniter\Database\BaseConnection->query('SELECT *\nFROM `...', Array, false)
#3 D:\xampp\htdocs\gbinsurance\system\Model.php(297): CodeIgniter\Database\BaseBuilder->get()
#4 D:\xampp\htdocs\gbinsurance\system\BaseModel.php(714): CodeIgniter\Model->doFirst()
#5 D:\xampp\htdocs\gbinsurance\app\Controllers\Auth.php(22): CodeIgniter\BaseModel->first()
#6 D:\xampp\htdocs\gbinsurance\system\CodeIgniter.php(974): App\Controllers\Auth->login()
#7 D:\xampp\htdocs\gbinsurance\system\CodeIgniter.php(520): CodeIgniter\CodeIgniter->runController(Object(App\Controllers\Auth))
#8 D:\xampp\htdocs\gbinsurance\system\CodeIgniter.php(363): CodeIgniter\CodeIgniter->handleRequest(NULL, Object(Config\Cache), false)
#9 D:\xampp\htdocs\gbinsurance\system\Boot.php(417): CodeIgniter\CodeIgniter->run()
#10 D:\xampp\htdocs\gbinsurance\system\Boot.php(68): CodeIgniter\Boot::runCodeIgniter(Object(CodeIgniter\CodeIgniter))
#11 D:\xampp\htdocs\gbinsurance\public\index.php(59): CodeIgniter\Boot::bootWeb(Object(Config\Paths))
#12 {main}
CRITICAL - 2026-06-15 17:33:49 --> CodeIgniter\Database\Exceptions\DatabaseException: Unable to connect to the database.
Main connection [MySQLi]: No connection could be made because the target machine actively refused it
[Method: POST, Route: employee/login]
in SYSTEMPATH\Database\BaseConnection.php on line 606.
 1 SYSTEMPATH\Database\BaseConnection.php(795): CodeIgniter\Database\BaseConnection->initialize()
 2 SYSTEMPATH\Database\BaseBuilder.php(1647): CodeIgniter\Database\BaseConnection->query('SELECT *
FROM `employee`
WHERE `username` = :username:
 LIMIT 1', [...], false)
 3 SYSTEMPATH\Model.php(297): CodeIgniter\Database\BaseBuilder->get()
 4 SYSTEMPATH\BaseModel.php(714): CodeIgniter\Model->doFirst()
 5 APPPATH\Controllers\Auth.php(22): CodeIgniter\BaseModel->first()
 6 SYSTEMPATH\CodeIgniter.php(974): App\Controllers\Auth->login()
 7 SYSTEMPATH\CodeIgniter.php(520): CodeIgniter\CodeIgniter->runController(Object(App\Controllers\Auth))
 8 SYSTEMPATH\CodeIgniter.php(363): CodeIgniter\CodeIgniter->handleRequest(null, Object(Config\Cache), false)
 9 SYSTEMPATH\Boot.php(417): CodeIgniter\CodeIgniter->run()
10 SYSTEMPATH\Boot.php(68): CodeIgniter\Boot::runCodeIgniter(Object(CodeIgniter\CodeIgniter))
11 FCPATH\index.php(59): CodeIgniter\Boot::bootWeb(Object(Config\Paths))
CRITICAL - 2026-06-15 19:05:36 --> ErrorException: Declaration of App\Models\DataModel::insertBatch(?array $set = null, ?bool $escape = null, int $batchSize = 100) must be compatible with CodeIgniter\BaseModel::insertBatch(?array $set = null, ?bool $escape = null, int $batchSize = 100, bool $testing = false)
[Method: GET, Route: admin/data-loader]
in APPPATH\Models\DataModel.php on line 59.
 1 [internal function]: CodeIgniter\Debug\Exceptions->shutdownHandler()
CRITICAL - 2026-06-15 19:05:39 --> ErrorException: Declaration of App\Models\DataModel::insertBatch(?array $set = null, ?bool $escape = null, int $batchSize = 100) must be compatible with CodeIgniter\BaseModel::insertBatch(?array $set = null, ?bool $escape = null, int $batchSize = 100, bool $testing = false)
[Method: GET, Route: admin/employees/new]
in APPPATH\Models\DataModel.php on line 59.
 1 [internal function]: CodeIgniter\Debug\Exceptions->shutdownHandler()
CRITICAL - 2026-06-15 19:05:42 --> ErrorException: Declaration of App\Models\DataModel::insertBatch(?array $set = null, ?bool $escape = null, int $batchSize = 100) must be compatible with CodeIgniter\BaseModel::insertBatch(?array $set = null, ?bool $escape = null, int $batchSize = 100, bool $testing = false)
[Method: GET, Route: admin]
in APPPATH\Models\DataModel.php on line 59.
 1 [internal function]: CodeIgniter\Debug\Exceptions->shutdownHandler()
CRITICAL - 2026-06-15 19:27:29 --> ErrorException: include(../sidebar.php): Failed to open stream: No such file or directory
[Method: GET, Route: admin/attendance/mark]
in APPPATH\Views\admin\attendance\mark.php on line 56.
 1 APPPATH\Views\admin\attendance\mark.php(56): CodeIgniter\Debug\Exceptions->errorHandler(2, 'include(../sidebar.php): Failed to open stream: No such file or directory', 'D:\\xampp\\htdocs\\gbinsurance\\app\\Views\\admin\\attendance\\mark.php', 56)
 2 APPPATH\Views\admin\attendance\mark.php(56): include()
 3 SYSTEMPATH\View\View.php(240): include('D:\\xampp\\htdocs\\gbinsurance\\app\\Views\\admin\\attendance\\mark.php')
 4 SYSTEMPATH\View\View.php(243): CodeIgniter\View\View->CodeIgniter\View\{closure}()
 5 SYSTEMPATH\Common.php(1254): CodeIgniter\View\View->render('admin/attendance/mark', [], true)
 6 APPPATH\Controllers\Admin.php(1188): view('admin/attendance/mark', [...])
 7 SYSTEMPATH\CodeIgniter.php(974): App\Controllers\Admin->markAttendancePage()
 8 SYSTEMPATH\CodeIgniter.php(520): CodeIgniter\CodeIgniter->runController(Object(App\Controllers\Admin))
 9 SYSTEMPATH\CodeIgniter.php(363): CodeIgniter\CodeIgniter->handleRequest(null, Object(Config\Cache), false)
10 SYSTEMPATH\Boot.php(417): CodeIgniter\CodeIgniter->run()
11 SYSTEMPATH\Boot.php(68): CodeIgniter\Boot::runCodeIgniter(Object(CodeIgniter\CodeIgniter))
12 FCPATH\index.php(59): CodeIgniter\Boot::bootWeb(Object(Config\Paths))
CRITICAL - 2026-06-15 19:27:37 --> ErrorException: include(../sidebar.php): Failed to open stream: No such file or directory
[Method: GET, Route: admin/attendance/mark]
in APPPATH\Views\admin\attendance\mark.php on line 56.
 1 APPPATH\Views\admin\attendance\mark.php(56): CodeIgniter\Debug\Exceptions->errorHandler(2, 'include(../sidebar.php): Failed to open stream: No such file or directory', 'D:\\xampp\\htdocs\\gbinsurance\\app\\Views\\admin\\attendance\\mark.php', 56)
 2 APPPATH\Views\admin\attendance\mark.php(56): include()
 3 SYSTEMPATH\View\View.php(240): include('D:\\xampp\\htdocs\\gbinsurance\\app\\Views\\admin\\attendance\\mark.php')
 4 SYSTEMPATH\View\View.php(243): CodeIgniter\View\View->CodeIgniter\View\{closure}()
 5 SYSTEMPATH\Common.php(1254): CodeIgniter\View\View->render('admin/attendance/mark', [], true)
 6 APPPATH\Controllers\Admin.php(1188): view('admin/attendance/mark', [...])
 7 SYSTEMPATH\CodeIgniter.php(974): App\Controllers\Admin->markAttendancePage()
 8 SYSTEMPATH\CodeIgniter.php(520): CodeIgniter\CodeIgniter->runController(Object(App\Controllers\Admin))
 9 SYSTEMPATH\CodeIgniter.php(363): CodeIgniter\CodeIgniter->handleRequest(null, Object(Config\Cache), false)
10 SYSTEMPATH\Boot.php(417): CodeIgniter\CodeIgniter->run()
11 SYSTEMPATH\Boot.php(68): CodeIgniter\Boot::runCodeIgniter(Object(CodeIgniter\CodeIgniter))
12 FCPATH\index.php(59): CodeIgniter\Boot::bootWeb(Object(Config\Paths))
CRITICAL - 2026-06-15 19:27:45 --> ErrorException: include(../sidebar.php): Failed to open stream: No such file or directory
[Method: GET, Route: admin/attendance/mark]
in APPPATH\Views\admin\attendance\mark.php on line 56.
 1 APPPATH\Views\admin\attendance\mark.php(56): CodeIgniter\Debug\Exceptions->errorHandler(2, 'include(../sidebar.php): Failed to open stream: No such file or directory', 'D:\\xampp\\htdocs\\gbinsurance\\app\\Views\\admin\\attendance\\mark.php', 56)
 2 APPPATH\Views\admin\attendance\mark.php(56): include()
 3 SYSTEMPATH\View\View.php(240): include('D:\\xampp\\htdocs\\gbinsurance\\app\\Views\\admin\\attendance\\mark.php')
 4 SYSTEMPATH\View\View.php(243): CodeIgniter\View\View->CodeIgniter\View\{closure}()
 5 SYSTEMPATH\Common.php(1254): CodeIgniter\View\View->render('admin/attendance/mark', [], true)
 6 APPPATH\Controllers\Admin.php(1188): view('admin/attendance/mark', [...])
 7 SYSTEMPATH\CodeIgniter.php(974): App\Controllers\Admin->markAttendancePage()
 8 SYSTEMPATH\CodeIgniter.php(520): CodeIgniter\CodeIgniter->runController(Object(App\Controllers\Admin))
 9 SYSTEMPATH\CodeIgniter.php(363): CodeIgniter\CodeIgniter->handleRequest(null, Object(Config\Cache), false)
10 SYSTEMPATH\Boot.php(417): CodeIgniter\CodeIgniter->run()
11 SYSTEMPATH\Boot.php(68): CodeIgniter\Boot::runCodeIgniter(Object(CodeIgniter\CodeIgniter))
12 FCPATH\index.php(59): CodeIgniter\Boot::bootWeb(Object(Config\Paths))
CRITICAL - 2026-06-15 19:28:17 --> ErrorException: include(../sidebar.php): Failed to open stream: No such file or directory
[Method: GET, Route: admin/attendance/mark]
in APPPATH\Views\admin\attendance\mark.php on line 56.
 1 APPPATH\Views\admin\attendance\mark.php(56): CodeIgniter\Debug\Exceptions->errorHandler(2, 'include(../sidebar.php): Failed to open stream: No such file or directory', 'D:\\xampp\\htdocs\\gbinsurance\\app\\Views\\admin\\attendance\\mark.php', 56)
 2 APPPATH\Views\admin\attendance\mark.php(56): include()
 3 SYSTEMPATH\View\View.php(240): include('D:\\xampp\\htdocs\\gbinsurance\\app\\Views\\admin\\attendance\\mark.php')
 4 SYSTEMPATH\View\View.php(243): CodeIgniter\View\View->CodeIgniter\View\{closure}()
 5 SYSTEMPATH\Common.php(1254): CodeIgniter\View\View->render('admin/attendance/mark', [], true)
 6 APPPATH\Controllers\Admin.php(1188): view('admin/attendance/mark', [...])
 7 SYSTEMPATH\CodeIgniter.php(974): App\Controllers\Admin->markAttendancePage()
 8 SYSTEMPATH\CodeIgniter.php(520): CodeIgniter\CodeIgniter->runController(Object(App\Controllers\Admin))
 9 SYSTEMPATH\CodeIgniter.php(363): CodeIgniter\CodeIgniter->handleRequest(null, Object(Config\Cache), false)
10 SYSTEMPATH\Boot.php(417): CodeIgniter\CodeIgniter->run()
11 SYSTEMPATH\Boot.php(68): CodeIgniter\Boot::runCodeIgniter(Object(CodeIgniter\CodeIgniter))
12 FCPATH\index.php(59): CodeIgniter\Boot::bootWeb(Object(Config\Paths))
CRITICAL - 2026-06-15 19:28:38 --> ErrorException: include(../sidebar.php): Failed to open stream: No such file or directory
[Method: GET, Route: admin/attendance/mark]
in APPPATH\Views\admin\attendance\mark.php on line 56.
 1 APPPATH\Views\admin\attendance\mark.php(56): CodeIgniter\Debug\Exceptions->errorHandler(2, 'include(../sidebar.php): Failed to open stream: No such file or directory', 'D:\\xampp\\htdocs\\gbinsurance\\app\\Views\\admin\\attendance\\mark.php', 56)
 2 APPPATH\Views\admin\attendance\mark.php(56): include()
 3 SYSTEMPATH\View\View.php(240): include('D:\\xampp\\htdocs\\gbinsurance\\app\\Views\\admin\\attendance\\mark.php')
 4 SYSTEMPATH\View\View.php(243): CodeIgniter\View\View->CodeIgniter\View\{closure}()
 5 SYSTEMPATH\Common.php(1254): CodeIgniter\View\View->render('admin/attendance/mark', [], true)
 6 APPPATH\Controllers\Admin.php(1188): view('admin/attendance/mark', [...])
 7 SYSTEMPATH\CodeIgniter.php(974): App\Controllers\Admin->markAttendancePage()
 8 SYSTEMPATH\CodeIgniter.php(520): CodeIgniter\CodeIgniter->runController(Object(App\Controllers\Admin))
 9 SYSTEMPATH\CodeIgniter.php(363): CodeIgniter\CodeIgniter->handleRequest(null, Object(Config\Cache), false)
10 SYSTEMPATH\Boot.php(417): CodeIgniter\CodeIgniter->run()
11 SYSTEMPATH\Boot.php(68): CodeIgniter\Boot::runCodeIgniter(Object(CodeIgniter\CodeIgniter))
12 FCPATH\index.php(59): CodeIgniter\Boot::bootWeb(Object(Config\Paths))
CRITICAL - 2026-06-15 19:29:04 --> ErrorException: include(../sidebar.php): Failed to open stream: No such file or directory
[Method: GET, Route: admin/attendance/mark]
in APPPATH\Views\admin\attendance\mark.php on line 56.
 1 APPPATH\Views\admin\attendance\mark.php(56): CodeIgniter\Debug\Exceptions->errorHandler(2, 'include(../sidebar.php): Failed to open stream: No such file or directory', 'D:\\xampp\\htdocs\\gbinsurance\\app\\Views\\admin\\attendance\\mark.php', 56)
 2 APPPATH\Views\admin\attendance\mark.php(56): include()
 3 SYSTEMPATH\View\View.php(240): include('D:\\xampp\\htdocs\\gbinsurance\\app\\Views\\admin\\attendance\\mark.php')
 4 SYSTEMPATH\View\View.php(243): CodeIgniter\View\View->CodeIgniter\View\{closure}()
 5 SYSTEMPATH\Common.php(1254): CodeIgniter\View\View->render('admin/attendance/mark', [], true)
 6 APPPATH\Controllers\Admin.php(1188): view('admin/attendance/mark', [...])
 7 SYSTEMPATH\CodeIgniter.php(974): App\Controllers\Admin->markAttendancePage()
 8 SYSTEMPATH\CodeIgniter.php(520): CodeIgniter\CodeIgniter->runController(Object(App\Controllers\Admin))
 9 SYSTEMPATH\CodeIgniter.php(363): CodeIgniter\CodeIgniter->handleRequest(null, Object(Config\Cache), false)
10 SYSTEMPATH\Boot.php(417): CodeIgniter\CodeIgniter->run()
11 SYSTEMPATH\Boot.php(68): CodeIgniter\Boot::runCodeIgniter(Object(CodeIgniter\CodeIgniter))
12 FCPATH\index.php(59): CodeIgniter\Boot::bootWeb(Object(Config\Paths))
ERROR - 2026-06-15 19:31:13 --> Can't create table `gb_insurance`.`attendance` (errno: 150 "Foreign key constraint is incorrectly formed")
in SYSTEMPATH\Database\MySQLi\Connection.php on line 300.
 1 SYSTEMPATH\Database\MySQLi\Connection.php(300): mysqli->query('CREATE TABLE `attendance` (
	`id` INT NOT NULL AUTO_INCREMENT,
	`employee_id` INT NOT NULL,
	`attendance_date` DATE NOT NULL,
	`check_in_time` TIME NULL,
	`check_out_time` TIME NULL,
	`status` ENUM(\'Present\',\'Absent\',\'Half Day\',\'Leave\') NOT NULL DEFAULT \'Present\',
	`remarks` TEXT NULL,
	`created_at` DATETIME NOT NULL DEFAULT \'2024-01-01 00:00:00\',
	`updated_at` DATETIME NULL,
	CONSTRAINT `pk_attendance` PRIMARY KEY(`id`),
	CONSTRAINT `attendance_employee_id_foreign` FOREIGN KEY (`employee_id`) REFERENCES `employee`(`employeeId`) ON DELETE CASCADE ON UPDATE CASCADE,
	UNIQUE KEY `employee_id_attendance_date` (`employee_id`, `attendance_date`)
) DEFAULT CHARACTER SET = utf8mb4 COLLATE = utf8mb4_general_ci', 0)
 2 SYSTEMPATH\Database\BaseConnection.php(908): CodeIgniter\Database\MySQLi\Connection->execute('CREATE TABLE `attendance` (
	`id` INT NOT NULL AUTO_INCREMENT,
	`employee_id` INT NOT NULL,
	`attendance_date` DATE NOT NULL,
	`check_in_time` TIME NULL,
	`check_out_time` TIME NULL,
	`status` ENUM(\'Present\',\'Absent\',\'Half Day\',\'Leave\') NOT NULL DEFAULT \'Present\',
	`remarks` TEXT NULL,
	`created_at` DATETIME NOT NULL DEFAULT \'2024-01-01 00:00:00\',
	`updated_at` DATETIME NULL,
	CONSTRAINT `pk_attendance` PRIMARY KEY(`id`),
	CONSTRAINT `attendance_employee_id_foreign` FOREIGN KEY (`employee_id`) REFERENCES `employee`(`employeeId`) ON DELETE CASCADE ON UPDATE CASCADE,
	UNIQUE KEY `employee_id_attendance_date` (`employee_id`, `attendance_date`)
) DEFAULT CHARACTER SET = utf8mb4 COLLATE = utf8mb4_general_ci')
 3 SYSTEMPATH\Database\BaseConnection.php(825): CodeIgniter\Database\BaseConnection->simpleQuery('CREATE TABLE `attendance` (
	`id` INT NOT NULL AUTO_INCREMENT,
	`employee_id` INT NOT NULL,
	`attendance_date` DATE NOT NULL,
	`check_in_time` TIME NULL,
	`check_out_time` TIME NULL,
	`status` ENUM(\'Present\',\'Absent\',\'Half Day\',\'Leave\') NOT NULL DEFAULT \'Present\',
	`remarks` TEXT NULL,
	`created_at` DATETIME NOT NULL DEFAULT \'2024-01-01 00:00:00\',
	`updated_at` DATETIME NULL,
	CONSTRAINT `pk_attendance` PRIMARY KEY(`id`),
	CONSTRAINT `attendance_employee_id_foreign` FOREIGN KEY (`employee_id`) REFERENCES `employee`(`employeeId`) ON DELETE CASCADE ON UPDATE CASCADE,
	UNIQUE KEY `employee_id_attendance_date` (`employee_id`, `attendance_date`)
) DEFAULT CHARACTER SET = utf8mb4 COLLATE = utf8mb4_general_ci')
 4 SYSTEMPATH\Database\Forge.php(570): CodeIgniter\Database\BaseConnection->query('CREATE TABLE `attendance` (
	`id` INT NOT NULL AUTO_INCREMENT,
	`employee_id` INT NOT NULL,
	`attendance_date` DATE NOT NULL,
	`check_in_time` TIME NULL,
	`check_out_time` TIME NULL,
	`status` ENUM(\'Present\',\'Absent\',\'Half Day\',\'Leave\') NOT NULL DEFAULT \'Present\',
	`remarks` TEXT NULL,
	`created_at` DATETIME NOT NULL DEFAULT \'2024-01-01 00:00:00\',
	`updated_at` DATETIME NULL,
	CONSTRAINT `pk_attendance` PRIMARY KEY(`id`),
	CONSTRAINT `attendance_employee_id_foreign` FOREIGN KEY (`employee_id`) REFERENCES `employee`(`employeeId`) ON DELETE CASCADE ON UPDATE CASCADE,
	UNIQUE KEY `employee_id_attendance_date` (`employee_id`, `attendance_date`)
) DEFAULT CHARACTER SET = utf8mb4 COLLATE = utf8mb4_general_ci')
 5 APPPATH\Database\Migrations\2024-06-16-000001_CreateAttendanceTable.php(55): CodeIgniter\Database\Forge->createTable('attendance')
 6 SYSTEMPATH\Database\MigrationRunner.php(1014): App\Database\Migrations\CreateAttendanceTable->up()
 7 SYSTEMPATH\Database\MigrationRunner.php(202): CodeIgniter\Database\MigrationRunner->migrate('up', Object(stdClass))
 8 SYSTEMPATH\Commands\Database\Migrate.php(89): CodeIgniter\Database\MigrationRunner->latest(null)
 9 SYSTEMPATH\CLI\SignalTrait.php(245): CodeIgniter\Commands\Database\Migrate::CodeIgniter\Commands\Database\{closure}()
10 SYSTEMPATH\Commands\Database\Migrate.php(88): CodeIgniter\Commands\Database\Migrate->withSignalsBlocked(Object(Closure))
11 SYSTEMPATH\CLI\Commands.php(72): CodeIgniter\Commands\Database\Migrate->run([])
12 SYSTEMPATH\CLI\Console.php(47): CodeIgniter\CLI\Commands->run('migrate', [])
13 SYSTEMPATH\Boot.php(442): CodeIgniter\CLI\Console->run()
14 SYSTEMPATH\Boot.php(166): CodeIgniter\Boot::runCommand(Object(CodeIgniter\CLI\Console))
15 ROOTPATH\spark(87): CodeIgniter\Boot::bootSpark(Object(Config\Paths))
ERROR - 2026-06-15 19:32:40 --> Table 'policies' already exists
in SYSTEMPATH\Database\MySQLi\Connection.php on line 300.
 1 SYSTEMPATH\Database\MySQLi\Connection.php(300): mysqli->query('CREATE TABLE `policies` (
	`id` INT(11) UNSIGNED NOT NULL AUTO_INCREMENT,
	`policy_number` VARCHAR(255) NOT NULL UNIQUE,
	`holder_name` VARCHAR(255) NOT NULL,
	`company_name` VARCHAR(255) NULL,
	`vehicle_number` VARCHAR(50) NOT NULL,
	`insurance_type` VARCHAR(100) NULL,
	`issue_date` DATE NULL,
	`expiry_date` DATE NULL,
	`file_path` VARCHAR(255) NULL,
	`created_at` DATETIME NULL,
	`updated_at` DATETIME NULL,
	UNIQUE KEY `id` (`id`),
	KEY `policy_number` (`policy_number`),
	KEY `expiry_date` (`expiry_date`)
) DEFAULT CHARACTER SET = utf8mb4 COLLATE = utf8mb4_general_ci', 0)
 2 SYSTEMPATH\Database\BaseConnection.php(908): CodeIgniter\Database\MySQLi\Connection->execute('CREATE TABLE `policies` (
	`id` INT(11) UNSIGNED NOT NULL AUTO_INCREMENT,
	`policy_number` VARCHAR(255) NOT NULL UNIQUE,
	`holder_name` VARCHAR(255) NOT NULL,
	`company_name` VARCHAR(255) NULL,
	`vehicle_number` VARCHAR(50) NOT NULL,
	`insurance_type` VARCHAR(100) NULL,
	`issue_date` DATE NULL,
	`expiry_date` DATE NULL,
	`file_path` VARCHAR(255) NULL,
	`created_at` DATETIME NULL,
	`updated_at` DATETIME NULL,
	UNIQUE KEY `id` (`id`),
	KEY `policy_number` (`policy_number`),
	KEY `expiry_date` (`expiry_date`)
) DEFAULT CHARACTER SET = utf8mb4 COLLATE = utf8mb4_general_ci')
 3 SYSTEMPATH\Database\BaseConnection.php(825): CodeIgniter\Database\BaseConnection->simpleQuery('CREATE TABLE `policies` (
	`id` INT(11) UNSIGNED NOT NULL AUTO_INCREMENT,
	`policy_number` VARCHAR(255) NOT NULL UNIQUE,
	`holder_name` VARCHAR(255) NOT NULL,
	`company_name` VARCHAR(255) NULL,
	`vehicle_number` VARCHAR(50) NOT NULL,
	`insurance_type` VARCHAR(100) NULL,
	`issue_date` DATE NULL,
	`expiry_date` DATE NULL,
	`file_path` VARCHAR(255) NULL,
	`created_at` DATETIME NULL,
	`updated_at` DATETIME NULL,
	UNIQUE KEY `id` (`id`),
	KEY `policy_number` (`policy_number`),
	KEY `expiry_date` (`expiry_date`)
) DEFAULT CHARACTER SET = utf8mb4 COLLATE = utf8mb4_general_ci')
 4 SYSTEMPATH\Database\Forge.php(570): CodeIgniter\Database\BaseConnection->query('CREATE TABLE `policies` (
	`id` INT(11) UNSIGNED NOT NULL AUTO_INCREMENT,
	`policy_number` VARCHAR(255) NOT NULL UNIQUE,
	`holder_name` VARCHAR(255) NOT NULL,
	`company_name` VARCHAR(255) NULL,
	`vehicle_number` VARCHAR(50) NOT NULL,
	`insurance_type` VARCHAR(100) NULL,
	`issue_date` DATE NULL,
	`expiry_date` DATE NULL,
	`file_path` VARCHAR(255) NULL,
	`created_at` DATETIME NULL,
	`updated_at` DATETIME NULL,
	UNIQUE KEY `id` (`id`),
	KEY `policy_number` (`policy_number`),
	KEY `expiry_date` (`expiry_date`)
) DEFAULT CHARACTER SET = utf8mb4 COLLATE = utf8mb4_general_ci')
 5 APPPATH\Database\Migrations\2026-06-06-000000_CreatePoliciesTable.php(67): CodeIgniter\Database\Forge->createTable('policies')
 6 SYSTEMPATH\Database\MigrationRunner.php(1014): App\Database\Migrations\CreatePoliciesTable->up()
 7 SYSTEMPATH\Database\MigrationRunner.php(202): CodeIgniter\Database\MigrationRunner->migrate('up', Object(stdClass))
 8 SYSTEMPATH\Commands\Database\Migrate.php(89): CodeIgniter\Database\MigrationRunner->latest(null)
 9 SYSTEMPATH\CLI\SignalTrait.php(245): CodeIgniter\Commands\Database\Migrate::CodeIgniter\Commands\Database\{closure}()
10 SYSTEMPATH\Commands\Database\Migrate.php(88): CodeIgniter\Commands\Database\Migrate->withSignalsBlocked(Object(Closure))
11 SYSTEMPATH\CLI\Commands.php(72): CodeIgniter\Commands\Database\Migrate->run([])
12 SYSTEMPATH\CLI\Console.php(47): CodeIgniter\CLI\Commands->run('migrate', [])
13 SYSTEMPATH\Boot.php(442): CodeIgniter\CLI\Console->run()
14 SYSTEMPATH\Boot.php(166): CodeIgniter\Boot::runCommand(Object(CodeIgniter\CLI\Console))
15 ROOTPATH\spark(87): CodeIgniter\Boot::bootSpark(Object(Config\Paths))
ERROR - 2026-06-15 19:33:12 --> Table 'policies' already exists
in SYSTEMPATH\Database\MySQLi\Connection.php on line 300.
 1 SYSTEMPATH\Database\MySQLi\Connection.php(300): mysqli->query('CREATE TABLE `policies` (
	`id` INT(11) UNSIGNED NOT NULL AUTO_INCREMENT,
	`policy_number` VARCHAR(255) NOT NULL UNIQUE,
	`holder_name` VARCHAR(255) NOT NULL,
	`company_name` VARCHAR(255) NULL,
	`vehicle_number` VARCHAR(50) NOT NULL,
	`insurance_type` VARCHAR(100) NULL,
	`issue_date` DATE NULL,
	`expiry_date` DATE NULL,
	`file_path` VARCHAR(255) NULL,
	`created_at` DATETIME NULL,
	`updated_at` DATETIME NULL,
	UNIQUE KEY `id` (`id`),
	KEY `policy_number` (`policy_number`),
	KEY `expiry_date` (`expiry_date`)
) DEFAULT CHARACTER SET = utf8mb4 COLLATE = utf8mb4_general_ci', 0)
 2 SYSTEMPATH\Database\BaseConnection.php(908): CodeIgniter\Database\MySQLi\Connection->execute('CREATE TABLE `policies` (
	`id` INT(11) UNSIGNED NOT NULL AUTO_INCREMENT,
	`policy_number` VARCHAR(255) NOT NULL UNIQUE,
	`holder_name` VARCHAR(255) NOT NULL,
	`company_name` VARCHAR(255) NULL,
	`vehicle_number` VARCHAR(50) NOT NULL,
	`insurance_type` VARCHAR(100) NULL,
	`issue_date` DATE NULL,
	`expiry_date` DATE NULL,
	`file_path` VARCHAR(255) NULL,
	`created_at` DATETIME NULL,
	`updated_at` DATETIME NULL,
	UNIQUE KEY `id` (`id`),
	KEY `policy_number` (`policy_number`),
	KEY `expiry_date` (`expiry_date`)
) DEFAULT CHARACTER SET = utf8mb4 COLLATE = utf8mb4_general_ci')
 3 SYSTEMPATH\Database\BaseConnection.php(825): CodeIgniter\Database\BaseConnection->simpleQuery('CREATE TABLE `policies` (
	`id` INT(11) UNSIGNED NOT NULL AUTO_INCREMENT,
	`policy_number` VARCHAR(255) NOT NULL UNIQUE,
	`holder_name` VARCHAR(255) NOT NULL,
	`company_name` VARCHAR(255) NULL,
	`vehicle_number` VARCHAR(50) NOT NULL,
	`insurance_type` VARCHAR(100) NULL,
	`issue_date` DATE NULL,
	`expiry_date` DATE NULL,
	`file_path` VARCHAR(255) NULL,
	`created_at` DATETIME NULL,
	`updated_at` DATETIME NULL,
	UNIQUE KEY `id` (`id`),
	KEY `policy_number` (`policy_number`),
	KEY `expiry_date` (`expiry_date`)
) DEFAULT CHARACTER SET = utf8mb4 COLLATE = utf8mb4_general_ci')
 4 SYSTEMPATH\Database\Forge.php(570): CodeIgniter\Database\BaseConnection->query('CREATE TABLE `policies` (
	`id` INT(11) UNSIGNED NOT NULL AUTO_INCREMENT,
	`policy_number` VARCHAR(255) NOT NULL UNIQUE,
	`holder_name` VARCHAR(255) NOT NULL,
	`company_name` VARCHAR(255) NULL,
	`vehicle_number` VARCHAR(50) NOT NULL,
	`insurance_type` VARCHAR(100) NULL,
	`issue_date` DATE NULL,
	`expiry_date` DATE NULL,
	`file_path` VARCHAR(255) NULL,
	`created_at` DATETIME NULL,
	`updated_at` DATETIME NULL,
	UNIQUE KEY `id` (`id`),
	KEY `policy_number` (`policy_number`),
	KEY `expiry_date` (`expiry_date`)
) DEFAULT CHARACTER SET = utf8mb4 COLLATE = utf8mb4_general_ci')
 5 APPPATH\Database\Migrations\2026-06-06-000000_CreatePoliciesTable.php(67): CodeIgniter\Database\Forge->createTable('policies')
 6 SYSTEMPATH\Database\MigrationRunner.php(1014): App\Database\Migrations\CreatePoliciesTable->up()
 7 SYSTEMPATH\Database\MigrationRunner.php(202): CodeIgniter\Database\MigrationRunner->migrate('up', Object(stdClass))
 8 SYSTEMPATH\Commands\Database\Migrate.php(89): CodeIgniter\Database\MigrationRunner->latest(null)
 9 SYSTEMPATH\CLI\SignalTrait.php(245): CodeIgniter\Commands\Database\Migrate::CodeIgniter\Commands\Database\{closure}()
10 SYSTEMPATH\Commands\Database\Migrate.php(88): CodeIgniter\Commands\Database\Migrate->withSignalsBlocked(Object(Closure))
11 SYSTEMPATH\CLI\Commands.php(72): CodeIgniter\Commands\Database\Migrate->run([...])
12 SYSTEMPATH\CLI\BaseCommand.php(119): CodeIgniter\CLI\Commands->run('migrate', [...])
13 SYSTEMPATH\Commands\Database\MigrateRefresh.php(91): CodeIgniter\CLI\BaseCommand->call('migrate', [...])
14 SYSTEMPATH\CLI\SignalTrait.php(245): CodeIgniter\Commands\Database\MigrateRefresh->CodeIgniter\Commands\Database\{closure}()
15 SYSTEMPATH\Commands\Database\MigrateRefresh.php(89): CodeIgniter\Commands\Database\MigrateRefresh->withSignalsBlocked(Object(Closure))
16 SYSTEMPATH\CLI\Commands.php(72): CodeIgniter\Commands\Database\MigrateRefresh->run([...])
17 SYSTEMPATH\CLI\Console.php(47): CodeIgniter\CLI\Commands->run('migrate:refresh', [...])
18 SYSTEMPATH\Boot.php(442): CodeIgniter\CLI\Console->run()
19 SYSTEMPATH\Boot.php(166): CodeIgniter\Boot::runCommand(Object(CodeIgniter\CLI\Console))
20 ROOTPATH\spark(87): CodeIgniter\Boot::bootSpark(Object(Config\Paths))
CRITICAL - 2026-06-15 19:34:57 --> ErrorException: include(../sidebar.php): Failed to open stream: No such file or directory
[Method: GET, Route: admin/attendance/mark]
in APPPATH\Views\admin\attendance\mark.php on line 56.
 1 APPPATH\Views\admin\attendance\mark.php(56): CodeIgniter\Debug\Exceptions->errorHandler(2, 'include(../sidebar.php): Failed to open stream: No such file or directory', 'D:\\xampp\\htdocs\\gbinsurance\\app\\Views\\admin\\attendance\\mark.php', 56)
 2 APPPATH\Views\admin\attendance\mark.php(56): include()
 3 SYSTEMPATH\View\View.php(240): include('D:\\xampp\\htdocs\\gbinsurance\\app\\Views\\admin\\attendance\\mark.php')
 4 SYSTEMPATH\View\View.php(243): CodeIgniter\View\View->CodeIgniter\View\{closure}()
 5 SYSTEMPATH\Common.php(1254): CodeIgniter\View\View->render('admin/attendance/mark', [], true)
 6 APPPATH\Controllers\Admin.php(1188): view('admin/attendance/mark', [...])
 7 SYSTEMPATH\CodeIgniter.php(974): App\Controllers\Admin->markAttendancePage()
 8 SYSTEMPATH\CodeIgniter.php(520): CodeIgniter\CodeIgniter->runController(Object(App\Controllers\Admin))
 9 SYSTEMPATH\CodeIgniter.php(363): CodeIgniter\CodeIgniter->handleRequest(null, Object(Config\Cache), false)
10 SYSTEMPATH\Boot.php(417): CodeIgniter\CodeIgniter->run()
11 SYSTEMPATH\Boot.php(68): CodeIgniter\Boot::runCodeIgniter(Object(CodeIgniter\CodeIgniter))
12 FCPATH\index.php(59): CodeIgniter\Boot::bootWeb(Object(Config\Paths))
CRITICAL - 2026-06-15 19:35:03 --> ErrorException: include(../sidebar.php): Failed to open stream: No such file or directory
[Method: GET, Route: admin/attendance/mark]
in APPPATH\Views\admin\attendance\mark.php on line 56.
 1 APPPATH\Views\admin\attendance\mark.php(56): CodeIgniter\Debug\Exceptions->errorHandler(2, 'include(../sidebar.php): Failed to open stream: No such file or directory', 'D:\\xampp\\htdocs\\gbinsurance\\app\\Views\\admin\\attendance\\mark.php', 56)
 2 APPPATH\Views\admin\attendance\mark.php(56): include()
 3 SYSTEMPATH\View\View.php(240): include('D:\\xampp\\htdocs\\gbinsurance\\app\\Views\\admin\\attendance\\mark.php')
 4 SYSTEMPATH\View\View.php(243): CodeIgniter\View\View->CodeIgniter\View\{closure}()
 5 SYSTEMPATH\Common.php(1254): CodeIgniter\View\View->render('admin/attendance/mark', [], true)
 6 APPPATH\Controllers\Admin.php(1188): view('admin/attendance/mark', [...])
 7 SYSTEMPATH\CodeIgniter.php(974): App\Controllers\Admin->markAttendancePage()
 8 SYSTEMPATH\CodeIgniter.php(520): CodeIgniter\CodeIgniter->runController(Object(App\Controllers\Admin))
 9 SYSTEMPATH\CodeIgniter.php(363): CodeIgniter\CodeIgniter->handleRequest(null, Object(Config\Cache), false)
10 SYSTEMPATH\Boot.php(417): CodeIgniter\CodeIgniter->run()
11 SYSTEMPATH\Boot.php(68): CodeIgniter\Boot::runCodeIgniter(Object(CodeIgniter\CodeIgniter))
12 FCPATH\index.php(59): CodeIgniter\Boot::bootWeb(Object(Config\Paths))
ERROR - 2026-06-15 19:36:01 --> Column 'holder_name' cannot be null
in SYSTEMPATH\Database\MySQLi\Connection.php on line 300.
 1 SYSTEMPATH\Database\MySQLi\Connection.php(300): mysqli->query('INSERT INTO `policies` (`policy_number`, `holder_name`, `company_name`, `vehicle_number`, `insurance_type`, `issue_date`, `expiry_date`, `file_path`, `created_at`, `updated_at`) VALUES (\'9623919509\', NULL, NULL, \'NA\', NULL, NULL, NULL, \'writable/uploads/policies/1781552161_493a1a3d0b763d68f186.pdf\', \'2026-06-15 19:36:01\', \'2026-06-15 19:36:01\')', 0)
 2 SYSTEMPATH\Database\BaseConnection.php(908): CodeIgniter\Database\MySQLi\Connection->execute('INSERT INTO `policies` (`policy_number`, `holder_name`, `company_name`, `vehicle_number`, `insurance_type`, `issue_date`, `expiry_date`, `file_path`, `created_at`, `updated_at`) VALUES (\'9623919509\', NULL, NULL, \'NA\', NULL, NULL, NULL, \'writable/uploads/policies/1781552161_493a1a3d0b763d68f186.pdf\', \'2026-06-15 19:36:01\', \'2026-06-15 19:36:01\')')
 3 SYSTEMPATH\Database\BaseConnection.php(825): CodeIgniter\Database\BaseConnection->simpleQuery('INSERT INTO `policies` (`policy_number`, `holder_name`, `company_name`, `vehicle_number`, `insurance_type`, `issue_date`, `expiry_date`, `file_path`, `created_at`, `updated_at`) VALUES (\'9623919509\', NULL, NULL, \'NA\', NULL, NULL, NULL, \'writable/uploads/policies/1781552161_493a1a3d0b763d68f186.pdf\', \'2026-06-15 19:36:01\', \'2026-06-15 19:36:01\')')
 4 SYSTEMPATH\Database\BaseBuilder.php(2343): CodeIgniter\Database\BaseConnection->query('INSERT INTO `policies` (`policy_number`, `holder_name`, `company_name`, `vehicle_number`, `insurance_type`, `issue_date`, `expiry_date`, `file_path`, `created_at`, `updated_at`) VALUES (:policy_number:, :holder_name:, :company_name:, :vehicle_number:, :insurance_type:, :issue_date:, :expiry_date:, :file_path:, :created_at:, :updated_at:)', [...], false)
 5 SYSTEMPATH\Model.php(357): CodeIgniter\Database\BaseBuilder->insert()
 6 SYSTEMPATH\BaseModel.php(899): CodeIgniter\Model->doInsert([...])
 7 SYSTEMPATH\Model.php(670): CodeIgniter\BaseModel->insert([...], true)
 8 APPPATH\Controllers\Admin.php(127): CodeIgniter\Model->insert([...])
 9 SYSTEMPATH\CodeIgniter.php(974): App\Controllers\Admin->uploadPolicyPost()
10 SYSTEMPATH\CodeIgniter.php(520): CodeIgniter\CodeIgniter->runController(Object(App\Controllers\Admin))
11 SYSTEMPATH\CodeIgniter.php(363): CodeIgniter\CodeIgniter->handleRequest(null, Object(Config\Cache), false)
12 SYSTEMPATH\Boot.php(417): CodeIgniter\CodeIgniter->run()
13 SYSTEMPATH\Boot.php(68): CodeIgniter\Boot::runCodeIgniter(Object(CodeIgniter\CodeIgniter))
14 FCPATH\index.php(59): CodeIgniter\Boot::bootWeb(Object(Config\Paths))
ERROR - 2026-06-15 19:36:01 --> Column 'holder_name' cannot be null
in SYSTEMPATH\Database\MySQLi\Connection.php on line 300.
 1 SYSTEMPATH\Database\MySQLi\Connection.php(300): mysqli->query('INSERT INTO `policies` (`policy_number`, `holder_name`, `company_name`, `vehicle_number`, `insurance_type`, `issue_date`, `expiry_date`, `file_path`, `created_at`, `updated_at`) VALUES (\'9623919509\', NULL, NULL, \'NA\', NULL, NULL, NULL, \'writable/uploads/policies/1781552161_3733210c9b60dae7fcc6.pdf\', \'2026-06-15 19:36:01\', \'2026-06-15 19:36:01\')', 0)
 2 SYSTEMPATH\Database\BaseConnection.php(908): CodeIgniter\Database\MySQLi\Connection->execute('INSERT INTO `policies` (`policy_number`, `holder_name`, `company_name`, `vehicle_number`, `insurance_type`, `issue_date`, `expiry_date`, `file_path`, `created_at`, `updated_at`) VALUES (\'9623919509\', NULL, NULL, \'NA\', NULL, NULL, NULL, \'writable/uploads/policies/1781552161_3733210c9b60dae7fcc6.pdf\', \'2026-06-15 19:36:01\', \'2026-06-15 19:36:01\')')
 3 SYSTEMPATH\Database\BaseConnection.php(825): CodeIgniter\Database\BaseConnection->simpleQuery('INSERT INTO `policies` (`policy_number`, `holder_name`, `company_name`, `vehicle_number`, `insurance_type`, `issue_date`, `expiry_date`, `file_path`, `created_at`, `updated_at`) VALUES (\'9623919509\', NULL, NULL, \'NA\', NULL, NULL, NULL, \'writable/uploads/policies/1781552161_3733210c9b60dae7fcc6.pdf\', \'2026-06-15 19:36:01\', \'2026-06-15 19:36:01\')')
 4 SYSTEMPATH\Database\BaseBuilder.php(2343): CodeIgniter\Database\BaseConnection->query('INSERT INTO `policies` (`policy_number`, `holder_name`, `company_name`, `vehicle_number`, `insurance_type`, `issue_date`, `expiry_date`, `file_path`, `created_at`, `updated_at`) VALUES (:policy_number:, :holder_name:, :company_name:, :vehicle_number:, :insurance_type:, :issue_date:, :expiry_date:, :file_path:, :created_at:, :updated_at:)', [...], false)
 5 SYSTEMPATH\Model.php(357): CodeIgniter\Database\BaseBuilder->insert()
 6 SYSTEMPATH\BaseModel.php(899): CodeIgniter\Model->doInsert([...])
 7 SYSTEMPATH\Model.php(670): CodeIgniter\BaseModel->insert([...], true)
 8 APPPATH\Controllers\Admin.php(127): CodeIgniter\Model->insert([...])
 9 SYSTEMPATH\CodeIgniter.php(974): App\Controllers\Admin->uploadPolicyPost()
10 SYSTEMPATH\CodeIgniter.php(520): CodeIgniter\CodeIgniter->runController(Object(App\Controllers\Admin))
11 SYSTEMPATH\CodeIgniter.php(363): CodeIgniter\CodeIgniter->handleRequest(null, Object(Config\Cache), false)
12 SYSTEMPATH\Boot.php(417): CodeIgniter\CodeIgniter->run()
13 SYSTEMPATH\Boot.php(68): CodeIgniter\Boot::runCodeIgniter(Object(CodeIgniter\CodeIgniter))
14 FCPATH\index.php(59): CodeIgniter\Boot::bootWeb(Object(Config\Paths))
CRITICAL - 2026-06-15 19:36:42 --> ErrorException: include(../sidebar.php): Failed to open stream: No such file or directory
[Method: GET, Route: admin/attendance/mark]
in APPPATH\Views\admin\attendance\mark.php on line 56.
 1 APPPATH\Views\admin\attendance\mark.php(56): CodeIgniter\Debug\Exceptions->errorHandler(2, 'include(../sidebar.php): Failed to open stream: No such file or directory', 'D:\\xampp\\htdocs\\gbinsurance\\app\\Views\\admin\\attendance\\mark.php', 56)
 2 APPPATH\Views\admin\attendance\mark.php(56): include()
 3 SYSTEMPATH\View\View.php(240): include('D:\\xampp\\htdocs\\gbinsurance\\app\\Views\\admin\\attendance\\mark.php')
 4 SYSTEMPATH\View\View.php(243): CodeIgniter\View\View->CodeIgniter\View\{closure}()
 5 SYSTEMPATH\Common.php(1254): CodeIgniter\View\View->render('admin/attendance/mark', [], true)
 6 APPPATH\Controllers\Admin.php(1188): view('admin/attendance/mark', [...])
 7 SYSTEMPATH\CodeIgniter.php(974): App\Controllers\Admin->markAttendancePage()
 8 SYSTEMPATH\CodeIgniter.php(520): CodeIgniter\CodeIgniter->runController(Object(App\Controllers\Admin))
 9 SYSTEMPATH\CodeIgniter.php(363): CodeIgniter\CodeIgniter->handleRequest(null, Object(Config\Cache), false)
10 SYSTEMPATH\Boot.php(417): CodeIgniter\CodeIgniter->run()
11 SYSTEMPATH\Boot.php(68): CodeIgniter\Boot::runCodeIgniter(Object(CodeIgniter\CodeIgniter))
12 FCPATH\index.php(59): CodeIgniter\Boot::bootWeb(Object(Config\Paths))
