CRITICAL - 2026-06-20 00:11:43 --> ErrorException: Undefined variable $dataRecord
[Method: POST, Route: employee/login]
in APPPATH\Controllers\Auth.php on line 49.
 1 APPPATH\Controllers\Auth.php(49): CodeIgniter\Debug\Exceptions->errorHandler(2, 'Undefined variable $dataRecord', 'D:\\xampp\\htdocs\\gbinsurance\\app\\Controllers\\Auth.php', 49)
 2 SYSTEMPATH\CodeIgniter.php(974): App\Controllers\Auth->login()
 3 SYSTEMPATH\CodeIgniter.php(520): CodeIgniter\CodeIgniter->runController(Object(App\Controllers\Auth))
 4 SYSTEMPATH\CodeIgniter.php(363): CodeIgniter\CodeIgniter->handleRequest(null, Object(Config\Cache), false)
 5 SYSTEMPATH\Boot.php(417): CodeIgniter\CodeIgniter->run()
 6 SYSTEMPATH\Boot.php(68): CodeIgniter\Boot::runCodeIgniter(Object(CodeIgniter\CodeIgniter))
 7 FCPATH\index.php(59): CodeIgniter\Boot::bootWeb(Object(Config\Paths))
CRITICAL - 2026-06-20 00:11:49 --> ErrorException: Undefined variable $dataRecord
[Method: POST, Route: employee/login]
in APPPATH\Controllers\Auth.php on line 49.
 1 APPPATH\Controllers\Auth.php(49): CodeIgniter\Debug\Exceptions->errorHandler(2, 'Undefined variable $dataRecord', 'D:\\xampp\\htdocs\\gbinsurance\\app\\Controllers\\Auth.php', 49)
 2 SYSTEMPATH\CodeIgniter.php(974): App\Controllers\Auth->login()
 3 SYSTEMPATH\CodeIgniter.php(520): CodeIgniter\CodeIgniter->runController(Object(App\Controllers\Auth))
 4 SYSTEMPATH\CodeIgniter.php(363): CodeIgniter\CodeIgniter->handleRequest(null, Object(Config\Cache), false)
 5 SYSTEMPATH\Boot.php(417): CodeIgniter\CodeIgniter->run()
 6 SYSTEMPATH\Boot.php(68): CodeIgniter\Boot::runCodeIgniter(Object(CodeIgniter\CodeIgniter))
 7 FCPATH\index.php(59): CodeIgniter\Boot::bootWeb(Object(Config\Paths))
CRITICAL - 2026-06-20 00:11:53 --> ErrorException: Undefined variable $dataRecord
[Method: POST, Route: employee/login]
in APPPATH\Controllers\Auth.php on line 49.
 1 APPPATH\Controllers\Auth.php(49): CodeIgniter\Debug\Exceptions->errorHandler(2, 'Undefined variable $dataRecord', 'D:\\xampp\\htdocs\\gbinsurance\\app\\Controllers\\Auth.php', 49)
 2 SYSTEMPATH\CodeIgniter.php(974): App\Controllers\Auth->login()
 3 SYSTEMPATH\CodeIgniter.php(520): CodeIgniter\CodeIgniter->runController(Object(App\Controllers\Auth))
 4 SYSTEMPATH\CodeIgniter.php(363): CodeIgniter\CodeIgniter->handleRequest(null, Object(Config\Cache), false)
 5 SYSTEMPATH\Boot.php(417): CodeIgniter\CodeIgniter->run()
 6 SYSTEMPATH\Boot.php(68): CodeIgniter\Boot::runCodeIgniter(Object(CodeIgniter\CodeIgniter))
 7 FCPATH\index.php(59): CodeIgniter\Boot::bootWeb(Object(Config\Paths))
CRITICAL - 2026-06-20 00:13:19 --> ErrorException: Undefined variable $dataRecord
[Method: POST, Route: employee/login]
in APPPATH\Controllers\Auth.php on line 49.
 1 APPPATH\Controllers\Auth.php(49): CodeIgniter\Debug\Exceptions->errorHandler(2, 'Undefined variable $dataRecord', 'D:\\xampp\\htdocs\\gbinsurance\\app\\Controllers\\Auth.php', 49)
 2 SYSTEMPATH\CodeIgniter.php(974): App\Controllers\Auth->login()
 3 SYSTEMPATH\CodeIgniter.php(520): CodeIgniter\CodeIgniter->runController(Object(App\Controllers\Auth))
 4 SYSTEMPATH\CodeIgniter.php(363): CodeIgniter\CodeIgniter->handleRequest(null, Object(Config\Cache), false)
 5 SYSTEMPATH\Boot.php(417): CodeIgniter\CodeIgniter->run()
 6 SYSTEMPATH\Boot.php(68): CodeIgniter\Boot::runCodeIgniter(Object(CodeIgniter\CodeIgniter))
 7 FCPATH\index.php(59): CodeIgniter\Boot::bootWeb(Object(Config\Paths))
CRITICAL - 2026-06-20 00:16:44 --> ErrorException: Undefined variable $dataRecord
[Method: POST, Route: employee/login]
in APPPATH\Controllers\Auth.php on line 49.
 1 APPPATH\Controllers\Auth.php(49): CodeIgniter\Debug\Exceptions->errorHandler(2, 'Undefined variable $dataRecord', 'D:\\xampp\\htdocs\\gbinsurance\\app\\Controllers\\Auth.php', 49)
 2 SYSTEMPATH\CodeIgniter.php(974): App\Controllers\Auth->login()
 3 SYSTEMPATH\CodeIgniter.php(520): CodeIgniter\CodeIgniter->runController(Object(App\Controllers\Auth))
 4 SYSTEMPATH\CodeIgniter.php(363): CodeIgniter\CodeIgniter->handleRequest(null, Object(Config\Cache), false)
 5 SYSTEMPATH\Boot.php(417): CodeIgniter\CodeIgniter->run()
 6 SYSTEMPATH\Boot.php(68): CodeIgniter\Boot::runCodeIgniter(Object(CodeIgniter\CodeIgniter))
 7 FCPATH\index.php(59): CodeIgniter\Boot::bootWeb(Object(Config\Paths))
CRITICAL - 2026-06-20 00:18:03 --> ErrorException: Undefined variable $dataRecord
[Method: POST, Route: employee/login]
in APPPATH\Controllers\Auth.php on line 49.
 1 APPPATH\Controllers\Auth.php(49): CodeIgniter\Debug\Exceptions->errorHandler(2, 'Undefined variable $dataRecord', 'D:\\xampp\\htdocs\\gbinsurance\\app\\Controllers\\Auth.php', 49)
 2 SYSTEMPATH\CodeIgniter.php(974): App\Controllers\Auth->login()
 3 SYSTEMPATH\CodeIgniter.php(520): CodeIgniter\CodeIgniter->runController(Object(App\Controllers\Auth))
 4 SYSTEMPATH\CodeIgniter.php(363): CodeIgniter\CodeIgniter->handleRequest(null, Object(Config\Cache), false)
 5 SYSTEMPATH\Boot.php(417): CodeIgniter\CodeIgniter->run()
 6 SYSTEMPATH\Boot.php(68): CodeIgniter\Boot::runCodeIgniter(Object(CodeIgniter\CodeIgniter))
 7 FCPATH\index.php(59): CodeIgniter\Boot::bootWeb(Object(Config\Paths))
CRITICAL - 2026-06-20 00:21:06 --> ErrorException: Undefined variable $dataRecord
[Method: POST, Route: employee/login]
in APPPATH\Controllers\Auth.php on line 49.
 1 APPPATH\Controllers\Auth.php(49): CodeIgniter\Debug\Exceptions->errorHandler(2, 'Undefined variable $dataRecord', 'D:\\xampp\\htdocs\\gbinsurance\\app\\Controllers\\Auth.php', 49)
 2 SYSTEMPATH\CodeIgniter.php(974): App\Controllers\Auth->login()
 3 SYSTEMPATH\CodeIgniter.php(520): CodeIgniter\CodeIgniter->runController(Object(App\Controllers\Auth))
 4 SYSTEMPATH\CodeIgniter.php(363): CodeIgniter\CodeIgniter->handleRequest(null, Object(Config\Cache), false)
 5 SYSTEMPATH\Boot.php(417): CodeIgniter\CodeIgniter->run()
 6 SYSTEMPATH\Boot.php(68): CodeIgniter\Boot::runCodeIgniter(Object(CodeIgniter\CodeIgniter))
 7 FCPATH\index.php(59): CodeIgniter\Boot::bootWeb(Object(Config\Paths))
CRITICAL - 2026-06-20 00:21:34 --> ErrorException: Undefined variable $dataRecord
[Method: POST, Route: employee/login]
in APPPATH\Controllers\Auth.php on line 48.
 1 APPPATH\Controllers\Auth.php(48): CodeIgniter\Debug\Exceptions->errorHandler(2, 'Undefined variable $dataRecord', 'D:\\xampp\\htdocs\\gbinsurance\\app\\Controllers\\Auth.php', 48)
 2 SYSTEMPATH\CodeIgniter.php(974): App\Controllers\Auth->login()
 3 SYSTEMPATH\CodeIgniter.php(520): CodeIgniter\CodeIgniter->runController(Object(App\Controllers\Auth))
 4 SYSTEMPATH\CodeIgniter.php(363): CodeIgniter\CodeIgniter->handleRequest(null, Object(Config\Cache), false)
 5 SYSTEMPATH\Boot.php(417): CodeIgniter\CodeIgniter->run()
 6 SYSTEMPATH\Boot.php(68): CodeIgniter\Boot::runCodeIgniter(Object(CodeIgniter\CodeIgniter))
 7 FCPATH\index.php(59): CodeIgniter\Boot::bootWeb(Object(Config\Paths))
CRITICAL - 2026-06-20 00:22:37 --> ErrorException: Undefined variable $dataRecord
[Method: POST, Route: employee/login]
in APPPATH\Controllers\Auth.php on line 48.
 1 APPPATH\Controllers\Auth.php(48): CodeIgniter\Debug\Exceptions->errorHandler(2, 'Undefined variable $dataRecord', 'D:\\xampp\\htdocs\\gbinsurance\\app\\Controllers\\Auth.php', 48)
 2 SYSTEMPATH\CodeIgniter.php(974): App\Controllers\Auth->login()
 3 SYSTEMPATH\CodeIgniter.php(520): CodeIgniter\CodeIgniter->runController(Object(App\Controllers\Auth))
 4 SYSTEMPATH\CodeIgniter.php(363): CodeIgniter\CodeIgniter->handleRequest(null, Object(Config\Cache), false)
 5 SYSTEMPATH\Boot.php(417): CodeIgniter\CodeIgniter->run()
 6 SYSTEMPATH\Boot.php(68): CodeIgniter\Boot::runCodeIgniter(Object(CodeIgniter\CodeIgniter))
 7 FCPATH\index.php(59): CodeIgniter\Boot::bootWeb(Object(Config\Paths))
CRITICAL - 2026-06-20 00:25:10 --> ErrorException: Array to string conversion
[Method: POST, Route: employee/login]
in APPPATH\Controllers\Auth.php on line 26.
 1 APPPATH\Controllers\Auth.php(26): CodeIgniter\Debug\Exceptions->errorHandler(2, 'Array to string conversion', 'D:\\xampp\\htdocs\\gbinsurance\\app\\Controllers\\Auth.php', 26)
 2 SYSTEMPATH\CodeIgniter.php(974): App\Controllers\Auth->login()
 3 SYSTEMPATH\CodeIgniter.php(520): CodeIgniter\CodeIgniter->runController(Object(App\Controllers\Auth))
 4 SYSTEMPATH\CodeIgniter.php(363): CodeIgniter\CodeIgniter->handleRequest(null, Object(Config\Cache), false)
 5 SYSTEMPATH\Boot.php(417): CodeIgniter\CodeIgniter->run()
 6 SYSTEMPATH\Boot.php(68): CodeIgniter\Boot::runCodeIgniter(Object(CodeIgniter\CodeIgniter))
 7 FCPATH\index.php(59): CodeIgniter\Boot::bootWeb(Object(Config\Paths))
CRITICAL - 2026-06-20 00:25:55 --> ErrorException: Undefined variable $dataRecord
[Method: POST, Route: employee/login]
in APPPATH\Controllers\Auth.php on line 54.
 1 APPPATH\Controllers\Auth.php(54): CodeIgniter\Debug\Exceptions->errorHandler(2, 'Undefined variable $dataRecord', 'D:\\xampp\\htdocs\\gbinsurance\\app\\Controllers\\Auth.php', 54)
 2 SYSTEMPATH\CodeIgniter.php(974): App\Controllers\Auth->login()
 3 SYSTEMPATH\CodeIgniter.php(520): CodeIgniter\CodeIgniter->runController(Object(App\Controllers\Auth))
 4 SYSTEMPATH\CodeIgniter.php(363): CodeIgniter\CodeIgniter->handleRequest(null, Object(Config\Cache), false)
 5 SYSTEMPATH\Boot.php(417): CodeIgniter\CodeIgniter->run()
 6 SYSTEMPATH\Boot.php(68): CodeIgniter\Boot::runCodeIgniter(Object(CodeIgniter\CodeIgniter))
 7 FCPATH\index.php(59): CodeIgniter\Boot::bootWeb(Object(Config\Paths))
CRITICAL - 2026-06-20 00:25:59 --> ErrorException: Undefined variable $dataRecord
[Method: POST, Route: employee/login]
in APPPATH\Controllers\Auth.php on line 54.
 1 APPPATH\Controllers\Auth.php(54): CodeIgniter\Debug\Exceptions->errorHandler(2, 'Undefined variable $dataRecord', 'D:\\xampp\\htdocs\\gbinsurance\\app\\Controllers\\Auth.php', 54)
 2 SYSTEMPATH\CodeIgniter.php(974): App\Controllers\Auth->login()
 3 SYSTEMPATH\CodeIgniter.php(520): CodeIgniter\CodeIgniter->runController(Object(App\Controllers\Auth))
 4 SYSTEMPATH\CodeIgniter.php(363): CodeIgniter\CodeIgniter->handleRequest(null, Object(Config\Cache), false)
 5 SYSTEMPATH\Boot.php(417): CodeIgniter\CodeIgniter->run()
 6 SYSTEMPATH\Boot.php(68): CodeIgniter\Boot::runCodeIgniter(Object(CodeIgniter\CodeIgniter))
 7 FCPATH\index.php(59): CodeIgniter\Boot::bootWeb(Object(Config\Paths))
CRITICAL - 2026-06-20 00:26:53 --> ErrorException: Undefined variable $dataRecord
[Method: POST, Route: employee/login]
in APPPATH\Controllers\Auth.php on line 55.
 1 APPPATH\Controllers\Auth.php(55): CodeIgniter\Debug\Exceptions->errorHandler(2, 'Undefined variable $dataRecord', 'D:\\xampp\\htdocs\\gbinsurance\\app\\Controllers\\Auth.php', 55)
 2 SYSTEMPATH\CodeIgniter.php(974): App\Controllers\Auth->login()
 3 SYSTEMPATH\CodeIgniter.php(520): CodeIgniter\CodeIgniter->runController(Object(App\Controllers\Auth))
 4 SYSTEMPATH\CodeIgniter.php(363): CodeIgniter\CodeIgniter->handleRequest(null, Object(Config\Cache), false)
 5 SYSTEMPATH\Boot.php(417): CodeIgniter\CodeIgniter->run()
 6 SYSTEMPATH\Boot.php(68): CodeIgniter\Boot::runCodeIgniter(Object(CodeIgniter\CodeIgniter))
 7 FCPATH\index.php(59): CodeIgniter\Boot::bootWeb(Object(Config\Paths))
CRITICAL - 2026-06-20 00:31:15 --> ErrorException: Undefined variable $dataRecord
[Method: POST, Route: employee/login]
in APPPATH\Controllers\Auth.php on line 55.
 1 APPPATH\Controllers\Auth.php(55): CodeIgniter\Debug\Exceptions->errorHandler(2, 'Undefined variable $dataRecord', 'D:\\xampp\\htdocs\\gbinsurance\\app\\Controllers\\Auth.php', 55)
 2 SYSTEMPATH\CodeIgniter.php(974): App\Controllers\Auth->login()
 3 SYSTEMPATH\CodeIgniter.php(520): CodeIgniter\CodeIgniter->runController(Object(App\Controllers\Auth))
 4 SYSTEMPATH\CodeIgniter.php(363): CodeIgniter\CodeIgniter->handleRequest(null, Object(Config\Cache), false)
 5 SYSTEMPATH\Boot.php(417): CodeIgniter\CodeIgniter->run()
 6 SYSTEMPATH\Boot.php(68): CodeIgniter\Boot::runCodeIgniter(Object(CodeIgniter\CodeIgniter))
 7 FCPATH\index.php(59): CodeIgniter\Boot::bootWeb(Object(Config\Paths))
CRITICAL - 2026-06-20 00:32:10 --> ErrorException: Undefined variable $dataRecord
[Method: POST, Route: employee/login]
in APPPATH\Controllers\Auth.php on line 57.
 1 APPPATH\Controllers\Auth.php(57): CodeIgniter\Debug\Exceptions->errorHandler(2, 'Undefined variable $dataRecord', 'D:\\xampp\\htdocs\\gbinsurance\\app\\Controllers\\Auth.php', 57)
 2 SYSTEMPATH\CodeIgniter.php(974): App\Controllers\Auth->login()
 3 SYSTEMPATH\CodeIgniter.php(520): CodeIgniter\CodeIgniter->runController(Object(App\Controllers\Auth))
 4 SYSTEMPATH\CodeIgniter.php(363): CodeIgniter\CodeIgniter->handleRequest(null, Object(Config\Cache), false)
 5 SYSTEMPATH\Boot.php(417): CodeIgniter\CodeIgniter->run()
 6 SYSTEMPATH\Boot.php(68): CodeIgniter\Boot::runCodeIgniter(Object(CodeIgniter\CodeIgniter))
 7 FCPATH\index.php(59): CodeIgniter\Boot::bootWeb(Object(Config\Paths))
CRITICAL - 2026-06-20 00:32:38 --> ErrorException: Undefined variable $dataRecord
[Method: POST, Route: employee/login]
in APPPATH\Controllers\Auth.php on line 57.
 1 APPPATH\Controllers\Auth.php(57): CodeIgniter\Debug\Exceptions->errorHandler(2, 'Undefined variable $dataRecord', 'D:\\xampp\\htdocs\\gbinsurance\\app\\Controllers\\Auth.php', 57)
 2 SYSTEMPATH\CodeIgniter.php(974): App\Controllers\Auth->login()
 3 SYSTEMPATH\CodeIgniter.php(520): CodeIgniter\CodeIgniter->runController(Object(App\Controllers\Auth))
 4 SYSTEMPATH\CodeIgniter.php(363): CodeIgniter\CodeIgniter->handleRequest(null, Object(Config\Cache), false)
 5 SYSTEMPATH\Boot.php(417): CodeIgniter\CodeIgniter->run()
 6 SYSTEMPATH\Boot.php(68): CodeIgniter\Boot::runCodeIgniter(Object(CodeIgniter\CodeIgniter))
 7 FCPATH\index.php(59): CodeIgniter\Boot::bootWeb(Object(Config\Paths))
CRITICAL - 2026-06-20 00:34:34 --> ErrorException: Undefined variable $dataRecord
[Method: POST, Route: employee/login]
in APPPATH\Controllers\Auth.php on line 60.
 1 APPPATH\Controllers\Auth.php(60): CodeIgniter\Debug\Exceptions->errorHandler(2, 'Undefined variable $dataRecord', 'D:\\xampp\\htdocs\\gbinsurance\\app\\Controllers\\Auth.php', 60)
 2 SYSTEMPATH\CodeIgniter.php(974): App\Controllers\Auth->login()
 3 SYSTEMPATH\CodeIgniter.php(520): CodeIgniter\CodeIgniter->runController(Object(App\Controllers\Auth))
 4 SYSTEMPATH\CodeIgniter.php(363): CodeIgniter\CodeIgniter->handleRequest(null, Object(Config\Cache), false)
 5 SYSTEMPATH\Boot.php(417): CodeIgniter\CodeIgniter->run()
 6 SYSTEMPATH\Boot.php(68): CodeIgniter\Boot::runCodeIgniter(Object(CodeIgniter\CodeIgniter))
 7 FCPATH\index.php(59): CodeIgniter\Boot::bootWeb(Object(Config\Paths))
CRITICAL - 2026-06-20 00:45:01 --> ErrorException: Undefined variable $routes
[Method: POST, Route: employee/login]
in APPPATH\Controllers\Auth.php on line 60.
 1 APPPATH\Controllers\Auth.php(60): CodeIgniter\Debug\Exceptions->errorHandler(2, 'Undefined variable $routes', 'D:\\xampp\\htdocs\\gbinsurance\\app\\Controllers\\Auth.php', 60)
 2 SYSTEMPATH\CodeIgniter.php(974): App\Controllers\Auth->login()
 3 SYSTEMPATH\CodeIgniter.php(520): CodeIgniter\CodeIgniter->runController(Object(App\Controllers\Auth))
 4 SYSTEMPATH\CodeIgniter.php(363): CodeIgniter\CodeIgniter->handleRequest(null, Object(Config\Cache), false)
 5 SYSTEMPATH\Boot.php(417): CodeIgniter\CodeIgniter->run()
 6 SYSTEMPATH\Boot.php(68): CodeIgniter\Boot::runCodeIgniter(Object(CodeIgniter\CodeIgniter))
 7 FCPATH\index.php(59): CodeIgniter\Boot::bootWeb(Object(Config\Paths))
CRITICAL - 2026-06-20 00:47:13 --> ErrorException: Undefined variable $routes
[Method: POST, Route: employee/login]
in APPPATH\Controllers\Auth.php on line 60.
 1 APPPATH\Controllers\Auth.php(60): CodeIgniter\Debug\Exceptions->errorHandler(2, 'Undefined variable $routes', 'D:\\xampp\\htdocs\\gbinsurance\\app\\Controllers\\Auth.php', 60)
 2 SYSTEMPATH\CodeIgniter.php(974): App\Controllers\Auth->login()
 3 SYSTEMPATH\CodeIgniter.php(520): CodeIgniter\CodeIgniter->runController(Object(App\Controllers\Auth))
 4 SYSTEMPATH\CodeIgniter.php(363): CodeIgniter\CodeIgniter->handleRequest(null, Object(Config\Cache), false)
 5 SYSTEMPATH\Boot.php(417): CodeIgniter\CodeIgniter->run()
 6 SYSTEMPATH\Boot.php(68): CodeIgniter\Boot::runCodeIgniter(Object(CodeIgniter\CodeIgniter))
 7 FCPATH\index.php(59): CodeIgniter\Boot::bootWeb(Object(Config\Paths))
CRITICAL - 2026-06-20 00:57:46 --> ErrorException: Undefined variable $session
[Method: POST, Route: employee/login]
in APPPATH\Controllers\Auth.php on line 54.
 1 APPPATH\Controllers\Auth.php(54): CodeIgniter\Debug\Exceptions->errorHandler(2, 'Undefined variable $session', 'D:\\xampp\\htdocs\\gbinsurance\\app\\Controllers\\Auth.php', 54)
 2 SYSTEMPATH\CodeIgniter.php(974): App\Controllers\Auth->login()
 3 SYSTEMPATH\CodeIgniter.php(520): CodeIgniter\CodeIgniter->runController(Object(App\Controllers\Auth))
 4 SYSTEMPATH\CodeIgniter.php(363): CodeIgniter\CodeIgniter->handleRequest(null, Object(Config\Cache), false)
 5 SYSTEMPATH\Boot.php(417): CodeIgniter\CodeIgniter->run()
 6 SYSTEMPATH\Boot.php(68): CodeIgniter\Boot::runCodeIgniter(Object(CodeIgniter\CodeIgniter))
 7 FCPATH\index.php(59): CodeIgniter\Boot::bootWeb(Object(Config\Paths))
CRITICAL - 2026-06-20 01:01:25 --> ErrorException: Undefined variable $session
[Method: GET, Route: employee/dashboard/E1E6542B750D2815]
in APPPATH\Controllers\Employee.php on line 24.
 1 APPPATH\Controllers\Employee.php(24): CodeIgniter\Debug\Exceptions->errorHandler(2, 'Undefined variable $session', 'D:\\xampp\\htdocs\\gbinsurance\\app\\Controllers\\Employee.php', 24)
 2 SYSTEMPATH\CodeIgniter.php(974): App\Controllers\Employee->dashboard('E1E6542B750D2815')
 3 SYSTEMPATH\CodeIgniter.php(520): CodeIgniter\CodeIgniter->runController(Object(App\Controllers\Employee))
 4 SYSTEMPATH\CodeIgniter.php(363): CodeIgniter\CodeIgniter->handleRequest(null, Object(Config\Cache), false)
 5 SYSTEMPATH\Boot.php(417): CodeIgniter\CodeIgniter->run()
 6 SYSTEMPATH\Boot.php(68): CodeIgniter\Boot::runCodeIgniter(Object(CodeIgniter\CodeIgniter))
 7 FCPATH\index.php(59): CodeIgniter\Boot::bootWeb(Object(Config\Paths))
CRITICAL - 2026-06-20 01:03:58 --> ErrorException: Undefined variable $session
[Method: GET, Route: employee/dashboard/E1E6542B750D2815]
in APPPATH\Controllers\Employee.php on line 24.
 1 APPPATH\Controllers\Employee.php(24): CodeIgniter\Debug\Exceptions->errorHandler(2, 'Undefined variable $session', 'D:\\xampp\\htdocs\\gbinsurance\\app\\Controllers\\Employee.php', 24)
 2 SYSTEMPATH\CodeIgniter.php(974): App\Controllers\Employee->dashboard('E1E6542B750D2815')
 3 SYSTEMPATH\CodeIgniter.php(520): CodeIgniter\CodeIgniter->runController(Object(App\Controllers\Employee))
 4 SYSTEMPATH\CodeIgniter.php(363): CodeIgniter\CodeIgniter->handleRequest(null, Object(Config\Cache), false)
 5 SYSTEMPATH\Boot.php(417): CodeIgniter\CodeIgniter->run()
 6 SYSTEMPATH\Boot.php(68): CodeIgniter\Boot::runCodeIgniter(Object(CodeIgniter\CodeIgniter))
 7 FCPATH\index.php(59): CodeIgniter\Boot::bootWeb(Object(Config\Paths))
CRITICAL - 2026-06-20 01:16:32 --> ErrorException: Undefined variable $session
[Method: GET, Route: employee/dashboard/E1E6542B750D2815]
in APPPATH\Controllers\Employee.php on line 16.
 1 APPPATH\Controllers\Employee.php(16): CodeIgniter\Debug\Exceptions->errorHandler(2, 'Undefined variable $session', 'D:\\xampp\\htdocs\\gbinsurance\\app\\Controllers\\Employee.php', 16)
 2 SYSTEMPATH\CodeIgniter.php(974): App\Controllers\Employee->dashboard('E1E6542B750D2815')
 3 SYSTEMPATH\CodeIgniter.php(520): CodeIgniter\CodeIgniter->runController(Object(App\Controllers\Employee))
 4 SYSTEMPATH\CodeIgniter.php(363): CodeIgniter\CodeIgniter->handleRequest(null, Object(Config\Cache), false)
 5 SYSTEMPATH\Boot.php(417): CodeIgniter\CodeIgniter->run()
 6 SYSTEMPATH\Boot.php(68): CodeIgniter\Boot::runCodeIgniter(Object(CodeIgniter\CodeIgniter))
 7 FCPATH\index.php(59): CodeIgniter\Boot::bootWeb(Object(Config\Paths))
CRITICAL - 2026-06-20 01:16:35 --> ErrorException: Undefined variable $session
[Method: GET, Route: employee/dashboard/E1E6542B750D2815]
in APPPATH\Controllers\Employee.php on line 16.
 1 APPPATH\Controllers\Employee.php(16): CodeIgniter\Debug\Exceptions->errorHandler(2, 'Undefined variable $session', 'D:\\xampp\\htdocs\\gbinsurance\\app\\Controllers\\Employee.php', 16)
 2 SYSTEMPATH\CodeIgniter.php(974): App\Controllers\Employee->dashboard('E1E6542B750D2815')
 3 SYSTEMPATH\CodeIgniter.php(520): CodeIgniter\CodeIgniter->runController(Object(App\Controllers\Employee))
 4 SYSTEMPATH\CodeIgniter.php(363): CodeIgniter\CodeIgniter->handleRequest(null, Object(Config\Cache), false)
 5 SYSTEMPATH\Boot.php(417): CodeIgniter\CodeIgniter->run()
 6 SYSTEMPATH\Boot.php(68): CodeIgniter\Boot::runCodeIgniter(Object(CodeIgniter\CodeIgniter))
 7 FCPATH\index.php(59): CodeIgniter\Boot::bootWeb(Object(Config\Paths))
CRITICAL - 2026-06-20 01:17:03 --> ErrorException: Undefined variable $session
[Method: GET, Route: employee/dashboard/E1E6542B750D2815]
in APPPATH\Controllers\Employee.php on line 15.
 1 APPPATH\Controllers\Employee.php(15): CodeIgniter\Debug\Exceptions->errorHandler(2, 'Undefined variable $session', 'D:\\xampp\\htdocs\\gbinsurance\\app\\Controllers\\Employee.php', 15)
 2 SYSTEMPATH\CodeIgniter.php(974): App\Controllers\Employee->dashboard('E1E6542B750D2815')
 3 SYSTEMPATH\CodeIgniter.php(520): CodeIgniter\CodeIgniter->runController(Object(App\Controllers\Employee))
 4 SYSTEMPATH\CodeIgniter.php(363): CodeIgniter\CodeIgniter->handleRequest(null, Object(Config\Cache), false)
 5 SYSTEMPATH\Boot.php(417): CodeIgniter\CodeIgniter->run()
 6 SYSTEMPATH\Boot.php(68): CodeIgniter\Boot::runCodeIgniter(Object(CodeIgniter\CodeIgniter))
 7 FCPATH\index.php(59): CodeIgniter\Boot::bootWeb(Object(Config\Paths))
CRITICAL - 2026-06-20 01:18:32 --> ErrorException: Undefined variable $session
[Method: GET, Route: employee/dashboard/E1E6542B750D2815]
in APPPATH\Controllers\Employee.php on line 16.
 1 APPPATH\Controllers\Employee.php(16): CodeIgniter\Debug\Exceptions->errorHandler(2, 'Undefined variable $session', 'D:\\xampp\\htdocs\\gbinsurance\\app\\Controllers\\Employee.php', 16)
 2 SYSTEMPATH\CodeIgniter.php(974): App\Controllers\Employee->dashboard('E1E6542B750D2815')
 3 SYSTEMPATH\CodeIgniter.php(520): CodeIgniter\CodeIgniter->runController(Object(App\Controllers\Employee))
 4 SYSTEMPATH\CodeIgniter.php(363): CodeIgniter\CodeIgniter->handleRequest(null, Object(Config\Cache), false)
 5 SYSTEMPATH\Boot.php(417): CodeIgniter\CodeIgniter->run()
 6 SYSTEMPATH\Boot.php(68): CodeIgniter\Boot::runCodeIgniter(Object(CodeIgniter\CodeIgniter))
 7 FCPATH\index.php(59): CodeIgniter\Boot::bootWeb(Object(Config\Paths))
CRITICAL - 2026-06-20 01:25:11 --> ErrorException: Undefined variable $actionTaken
[Method: GET, Route: employee/dashboard/E1E6542B750D2815]
in APPPATH\Views\employee\dashboard.php on line 60.
 1 APPPATH\Views\employee\dashboard.php(60): CodeIgniter\Debug\Exceptions->errorHandler(2, 'Undefined variable $actionTaken', 'D:\\xampp\\htdocs\\gbinsurance\\app\\Views\\employee\\dashboard.php', 60)
 2 SYSTEMPATH\View\View.php(240): include('D:\\xampp\\htdocs\\gbinsurance\\app\\Views\\employee\\dashboard.php')
 3 SYSTEMPATH\View\View.php(243): CodeIgniter\View\View->CodeIgniter\View\{closure}()
 4 SYSTEMPATH\Common.php(1254): CodeIgniter\View\View->render('employee/dashboard', [], true)
 5 APPPATH\Controllers\Employee.php(28): view('employee/dashboard', [...])
 6 SYSTEMPATH\CodeIgniter.php(974): App\Controllers\Employee->dashboard('E1E6542B750D2815')
 7 SYSTEMPATH\CodeIgniter.php(520): CodeIgniter\CodeIgniter->runController(Object(App\Controllers\Employee))
 8 SYSTEMPATH\CodeIgniter.php(363): CodeIgniter\CodeIgniter->handleRequest(null, Object(Config\Cache), false)
 9 SYSTEMPATH\Boot.php(417): CodeIgniter\CodeIgniter->run()
10 SYSTEMPATH\Boot.php(68): CodeIgniter\Boot::runCodeIgniter(Object(CodeIgniter\CodeIgniter))
11 FCPATH\index.php(59): CodeIgniter\Boot::bootWeb(Object(Config\Paths))
CRITICAL - 2026-06-20 01:29:51 --> ErrorException: Undefined variable $alreadySale
[Method: GET, Route: employee/dashboard/E1E6542B750D2815]
in APPPATH\Views\employee\dashboard.php on line 60.
 1 APPPATH\Views\employee\dashboard.php(60): CodeIgniter\Debug\Exceptions->errorHandler(2, 'Undefined variable $alreadySale', 'D:\\xampp\\htdocs\\gbinsurance\\app\\Views\\employee\\dashboard.php', 60)
 2 SYSTEMPATH\View\View.php(240): include('D:\\xampp\\htdocs\\gbinsurance\\app\\Views\\employee\\dashboard.php')
 3 SYSTEMPATH\View\View.php(243): CodeIgniter\View\View->CodeIgniter\View\{closure}()
 4 SYSTEMPATH\Common.php(1254): CodeIgniter\View\View->render('employee/dashboard', [], true)
 5 APPPATH\Controllers\Employee.php(53): view('employee/dashboard', [...])
 6 SYSTEMPATH\CodeIgniter.php(974): App\Controllers\Employee->dashboard('E1E6542B750D2815')
 7 SYSTEMPATH\CodeIgniter.php(520): CodeIgniter\CodeIgniter->runController(Object(App\Controllers\Employee))
 8 SYSTEMPATH\CodeIgniter.php(363): CodeIgniter\CodeIgniter->handleRequest(null, Object(Config\Cache), false)
 9 SYSTEMPATH\Boot.php(417): CodeIgniter\CodeIgniter->run()
10 SYSTEMPATH\Boot.php(68): CodeIgniter\Boot::runCodeIgniter(Object(CodeIgniter\CodeIgniter))
11 FCPATH\index.php(59): CodeIgniter\Boot::bootWeb(Object(Config\Paths))
CRITICAL - 2026-06-20 01:30:28 --> ErrorException: Undefined variable $alreadySale
[Method: GET, Route: employee/dashboard/E1E6542B750D2815]
in APPPATH\Views\employee\dashboard.php on line 60.
 1 APPPATH\Views\employee\dashboard.php(60): CodeIgniter\Debug\Exceptions->errorHandler(2, 'Undefined variable $alreadySale', 'D:\\xampp\\htdocs\\gbinsurance\\app\\Views\\employee\\dashboard.php', 60)
 2 SYSTEMPATH\View\View.php(240): include('D:\\xampp\\htdocs\\gbinsurance\\app\\Views\\employee\\dashboard.php')
 3 SYSTEMPATH\View\View.php(243): CodeIgniter\View\View->CodeIgniter\View\{closure}()
 4 SYSTEMPATH\Common.php(1254): CodeIgniter\View\View->render('employee/dashboard', [], true)
 5 APPPATH\Controllers\Employee.php(53): view('employee/dashboard', [...])
 6 SYSTEMPATH\CodeIgniter.php(974): App\Controllers\Employee->dashboard('E1E6542B750D2815')
 7 SYSTEMPATH\CodeIgniter.php(520): CodeIgniter\CodeIgniter->runController(Object(App\Controllers\Employee))
 8 SYSTEMPATH\CodeIgniter.php(363): CodeIgniter\CodeIgniter->handleRequest(null, Object(Config\Cache), false)
 9 SYSTEMPATH\Boot.php(417): CodeIgniter\CodeIgniter->run()
10 SYSTEMPATH\Boot.php(68): CodeIgniter\Boot::runCodeIgniter(Object(CodeIgniter\CodeIgniter))
11 FCPATH\index.php(59): CodeIgniter\Boot::bootWeb(Object(Config\Paths))
CRITICAL - 2026-06-20 01:32:04 --> ErrorException: Undefined variable $alreadySale
[Method: GET, Route: employee/dashboard/E1E6542B750D2815]
in APPPATH\Views\employee\dashboard.php on line 60.
 1 APPPATH\Views\employee\dashboard.php(60): CodeIgniter\Debug\Exceptions->errorHandler(2, 'Undefined variable $alreadySale', 'D:\\xampp\\htdocs\\gbinsurance\\app\\Views\\employee\\dashboard.php', 60)
 2 SYSTEMPATH\View\View.php(240): include('D:\\xampp\\htdocs\\gbinsurance\\app\\Views\\employee\\dashboard.php')
 3 SYSTEMPATH\View\View.php(243): CodeIgniter\View\View->CodeIgniter\View\{closure}()
 4 SYSTEMPATH\Common.php(1254): CodeIgniter\View\View->render('employee/dashboard', [], true)
 5 APPPATH\Controllers\Employee.php(54): view('employee/dashboard', [...])
 6 SYSTEMPATH\CodeIgniter.php(974): App\Controllers\Employee->dashboard('E1E6542B750D2815')
 7 SYSTEMPATH\CodeIgniter.php(520): CodeIgniter\CodeIgniter->runController(Object(App\Controllers\Employee))
 8 SYSTEMPATH\CodeIgniter.php(363): CodeIgniter\CodeIgniter->handleRequest(null, Object(Config\Cache), false)
 9 SYSTEMPATH\Boot.php(417): CodeIgniter\CodeIgniter->run()
10 SYSTEMPATH\Boot.php(68): CodeIgniter\Boot::runCodeIgniter(Object(CodeIgniter\CodeIgniter))
11 FCPATH\index.php(59): CodeIgniter\Boot::bootWeb(Object(Config\Paths))
CRITICAL - 2026-06-20 01:59:52 --> ErrorException: Undefined variable $historyModel
[Method: GET, Route: employee/dashboard/E1E6542B750D2815]
in APPPATH\Controllers\Employee.php on line 58.
 1 APPPATH\Controllers\Employee.php(58): CodeIgniter\Debug\Exceptions->errorHandler(2, 'Undefined variable $historyModel', 'D:\\xampp\\htdocs\\gbinsurance\\app\\Controllers\\Employee.php', 58)
 2 SYSTEMPATH\CodeIgniter.php(974): App\Controllers\Employee->dashboard('E1E6542B750D2815')
 3 SYSTEMPATH\CodeIgniter.php(520): CodeIgniter\CodeIgniter->runController(Object(App\Controllers\Employee))
 4 SYSTEMPATH\CodeIgniter.php(363): CodeIgniter\CodeIgniter->handleRequest(null, Object(Config\Cache), false)
 5 SYSTEMPATH\Boot.php(417): CodeIgniter\CodeIgniter->run()
 6 SYSTEMPATH\Boot.php(68): CodeIgniter\Boot::runCodeIgniter(Object(CodeIgniter\CodeIgniter))
 7 FCPATH\index.php(59): CodeIgniter\Boot::bootWeb(Object(Config\Paths))
ERROR - 2026-06-20 02:16:13 --> Column 'recordId' cannot be null
in SYSTEMPATH\Database\MySQLi\Connection.php on line 300.
 1 SYSTEMPATH\Database\MySQLi\Connection.php(300): mysqli->query('INSERT INTO `history` (`status`, `remark`, `recordId`) VALUES (\'Already Sale\', \'\', NULL)', 0)
 2 SYSTEMPATH\Database\BaseConnection.php(908): CodeIgniter\Database\MySQLi\Connection->execute('INSERT INTO `history` (`status`, `remark`, `recordId`) VALUES (\'Already Sale\', \'\', NULL)')
 3 SYSTEMPATH\Database\BaseConnection.php(825): CodeIgniter\Database\BaseConnection->simpleQuery('INSERT INTO `history` (`status`, `remark`, `recordId`) VALUES (\'Already Sale\', \'\', NULL)')
 4 SYSTEMPATH\Database\BaseBuilder.php(2343): CodeIgniter\Database\BaseConnection->query('INSERT INTO `history` (`status`, `remark`, `recordId`) VALUES (:status:, :remark:, :recordId:)', [...], false)
 5 SYSTEMPATH\Model.php(357): CodeIgniter\Database\BaseBuilder->insert()
 6 SYSTEMPATH\BaseModel.php(899): CodeIgniter\Model->doInsert([...])
 7 SYSTEMPATH\Model.php(670): CodeIgniter\BaseModel->insert([...], false)
 8 SYSTEMPATH\BaseModel.php(752): CodeIgniter\Model->insert([...], false)
 9 APPPATH\Controllers\Employee.php(158): CodeIgniter\BaseModel->save([...])
10 SYSTEMPATH\CodeIgniter.php(974): App\Controllers\Employee->save()
11 SYSTEMPATH\CodeIgniter.php(520): CodeIgniter\CodeIgniter->runController(Object(App\Controllers\Employee))
12 SYSTEMPATH\CodeIgniter.php(363): CodeIgniter\CodeIgniter->handleRequest(null, Object(Config\Cache), false)
13 SYSTEMPATH\Boot.php(417): CodeIgniter\CodeIgniter->run()
14 SYSTEMPATH\Boot.php(68): CodeIgniter\Boot::runCodeIgniter(Object(CodeIgniter\CodeIgniter))
15 FCPATH\index.php(59): CodeIgniter\Boot::bootWeb(Object(Config\Paths))
CRITICAL - 2026-06-20 02:16:13 --> CodeIgniter\Database\Exceptions\DatabaseException: Column 'recordId' cannot be null
[Method: POST, Route: employee/save]
in SYSTEMPATH\Database\BaseConnection.php on line 863.
 1 SYSTEMPATH\Database\BaseBuilder.php(2343): CodeIgniter\Database\BaseConnection->query('INSERT INTO `history` (`status`, `remark`, `recordId`) VALUES (:status:, :remark:, :recordId:)', [...], false)
 2 SYSTEMPATH\Model.php(357): CodeIgniter\Database\BaseBuilder->insert()
 3 SYSTEMPATH\BaseModel.php(899): CodeIgniter\Model->doInsert([...])
 4 SYSTEMPATH\Model.php(670): CodeIgniter\BaseModel->insert([...], false)
 5 SYSTEMPATH\BaseModel.php(752): CodeIgniter\Model->insert([...], false)
 6 APPPATH\Controllers\Employee.php(158): CodeIgniter\BaseModel->save([...])
 7 SYSTEMPATH\CodeIgniter.php(974): App\Controllers\Employee->save()
 8 SYSTEMPATH\CodeIgniter.php(520): CodeIgniter\CodeIgniter->runController(Object(App\Controllers\Employee))
 9 SYSTEMPATH\CodeIgniter.php(363): CodeIgniter\CodeIgniter->handleRequest(null, Object(Config\Cache), false)
10 SYSTEMPATH\Boot.php(417): CodeIgniter\CodeIgniter->run()
11 SYSTEMPATH\Boot.php(68): CodeIgniter\Boot::runCodeIgniter(Object(CodeIgniter\CodeIgniter))
12 FCPATH\index.php(59): CodeIgniter\Boot::bootWeb(Object(Config\Paths))
CRITICAL - 2026-06-20 02:16:13 --> [Caused by] CodeIgniter\Database\Exceptions\DatabaseException: Column 'recordId' cannot be null
in SYSTEMPATH\Database\MySQLi\Connection.php on line 310.
 1 SYSTEMPATH\Database\BaseConnection.php(908): CodeIgniter\Database\MySQLi\Connection->execute('INSERT INTO `history` (`status`, `remark`, `recordId`) VALUES (\'Already Sale\', \'\', NULL)')
 2 SYSTEMPATH\Database\BaseConnection.php(825): CodeIgniter\Database\BaseConnection->simpleQuery('INSERT INTO `history` (`status`, `remark`, `recordId`) VALUES (\'Already Sale\', \'\', NULL)')
 3 SYSTEMPATH\Database\BaseBuilder.php(2343): CodeIgniter\Database\BaseConnection->query('INSERT INTO `history` (`status`, `remark`, `recordId`) VALUES (:status:, :remark:, :recordId:)', [...], false)
 4 SYSTEMPATH\Model.php(357): CodeIgniter\Database\BaseBuilder->insert()
 5 SYSTEMPATH\BaseModel.php(899): CodeIgniter\Model->doInsert([...])
 6 SYSTEMPATH\Model.php(670): CodeIgniter\BaseModel->insert([...], false)
 7 SYSTEMPATH\BaseModel.php(752): CodeIgniter\Model->insert([...], false)
 8 APPPATH\Controllers\Employee.php(158): CodeIgniter\BaseModel->save([...])
 9 SYSTEMPATH\CodeIgniter.php(974): App\Controllers\Employee->save()
10 SYSTEMPATH\CodeIgniter.php(520): CodeIgniter\CodeIgniter->runController(Object(App\Controllers\Employee))
11 SYSTEMPATH\CodeIgniter.php(363): CodeIgniter\CodeIgniter->handleRequest(null, Object(Config\Cache), false)
12 SYSTEMPATH\Boot.php(417): CodeIgniter\CodeIgniter->run()
13 SYSTEMPATH\Boot.php(68): CodeIgniter\Boot::runCodeIgniter(Object(CodeIgniter\CodeIgniter))
14 FCPATH\index.php(59): CodeIgniter\Boot::bootWeb(Object(Config\Paths))
CRITICAL - 2026-06-20 02:16:13 --> [Caused by] mysqli_sql_exception: Column 'recordId' cannot be null
in SYSTEMPATH\Database\MySQLi\Connection.php on line 300.
 1 SYSTEMPATH\Database\MySQLi\Connection.php(300): mysqli->query('INSERT INTO `history` (`status`, `remark`, `recordId`) VALUES (\'Already Sale\', \'\', NULL)', 0)
 2 SYSTEMPATH\Database\BaseConnection.php(908): CodeIgniter\Database\MySQLi\Connection->execute('INSERT INTO `history` (`status`, `remark`, `recordId`) VALUES (\'Already Sale\', \'\', NULL)')
 3 SYSTEMPATH\Database\BaseConnection.php(825): CodeIgniter\Database\BaseConnection->simpleQuery('INSERT INTO `history` (`status`, `remark`, `recordId`) VALUES (\'Already Sale\', \'\', NULL)')
 4 SYSTEMPATH\Database\BaseBuilder.php(2343): CodeIgniter\Database\BaseConnection->query('INSERT INTO `history` (`status`, `remark`, `recordId`) VALUES (:status:, :remark:, :recordId:)', [...], false)
 5 SYSTEMPATH\Model.php(357): CodeIgniter\Database\BaseBuilder->insert()
 6 SYSTEMPATH\BaseModel.php(899): CodeIgniter\Model->doInsert([...])
 7 SYSTEMPATH\Model.php(670): CodeIgniter\BaseModel->insert([...], false)
 8 SYSTEMPATH\BaseModel.php(752): CodeIgniter\Model->insert([...], false)
 9 APPPATH\Controllers\Employee.php(158): CodeIgniter\BaseModel->save([...])
10 SYSTEMPATH\CodeIgniter.php(974): App\Controllers\Employee->save()
11 SYSTEMPATH\CodeIgniter.php(520): CodeIgniter\CodeIgniter->runController(Object(App\Controllers\Employee))
12 SYSTEMPATH\CodeIgniter.php(363): CodeIgniter\CodeIgniter->handleRequest(null, Object(Config\Cache), false)
13 SYSTEMPATH\Boot.php(417): CodeIgniter\CodeIgniter->run()
14 SYSTEMPATH\Boot.php(68): CodeIgniter\Boot::runCodeIgniter(Object(CodeIgniter\CodeIgniter))
15 FCPATH\index.php(59): CodeIgniter\Boot::bootWeb(Object(Config\Paths))
ERROR - 2026-06-20 02:20:17 --> Column 'recordId' cannot be null
in SYSTEMPATH\Database\MySQLi\Connection.php on line 300.
 1 SYSTEMPATH\Database\MySQLi\Connection.php(300): mysqli->query('INSERT INTO `history` (`status`, `remark`, `recordId`) VALUES (\'Already Sale\', \'\', NULL)', 0)
 2 SYSTEMPATH\Database\BaseConnection.php(908): CodeIgniter\Database\MySQLi\Connection->execute('INSERT INTO `history` (`status`, `remark`, `recordId`) VALUES (\'Already Sale\', \'\', NULL)')
 3 SYSTEMPATH\Database\BaseConnection.php(825): CodeIgniter\Database\BaseConnection->simpleQuery('INSERT INTO `history` (`status`, `remark`, `recordId`) VALUES (\'Already Sale\', \'\', NULL)')
 4 SYSTEMPATH\Database\BaseBuilder.php(2343): CodeIgniter\Database\BaseConnection->query('INSERT INTO `history` (`status`, `remark`, `recordId`) VALUES (:status:, :remark:, :recordId:)', [...], false)
 5 SYSTEMPATH\Model.php(357): CodeIgniter\Database\BaseBuilder->insert()
 6 SYSTEMPATH\BaseModel.php(899): CodeIgniter\Model->doInsert([...])
 7 SYSTEMPATH\Model.php(670): CodeIgniter\BaseModel->insert([...], false)
 8 SYSTEMPATH\BaseModel.php(752): CodeIgniter\Model->insert([...], false)
 9 APPPATH\Controllers\Employee.php(167): CodeIgniter\BaseModel->save([...])
10 SYSTEMPATH\CodeIgniter.php(974): App\Controllers\Employee->save()
11 SYSTEMPATH\CodeIgniter.php(520): CodeIgniter\CodeIgniter->runController(Object(App\Controllers\Employee))
12 SYSTEMPATH\CodeIgniter.php(363): CodeIgniter\CodeIgniter->handleRequest(null, Object(Config\Cache), false)
13 SYSTEMPATH\Boot.php(417): CodeIgniter\CodeIgniter->run()
14 SYSTEMPATH\Boot.php(68): CodeIgniter\Boot::runCodeIgniter(Object(CodeIgniter\CodeIgniter))
15 FCPATH\index.php(59): CodeIgniter\Boot::bootWeb(Object(Config\Paths))
CRITICAL - 2026-06-20 02:20:17 --> CodeIgniter\Database\Exceptions\DatabaseException: Column 'recordId' cannot be null
[Method: POST, Route: employee/save]
in SYSTEMPATH\Database\BaseConnection.php on line 863.
 1 SYSTEMPATH\Database\BaseBuilder.php(2343): CodeIgniter\Database\BaseConnection->query('INSERT INTO `history` (`status`, `remark`, `recordId`) VALUES (:status:, :remark:, :recordId:)', [...], false)
 2 SYSTEMPATH\Model.php(357): CodeIgniter\Database\BaseBuilder->insert()
 3 SYSTEMPATH\BaseModel.php(899): CodeIgniter\Model->doInsert([...])
 4 SYSTEMPATH\Model.php(670): CodeIgniter\BaseModel->insert([...], false)
 5 SYSTEMPATH\BaseModel.php(752): CodeIgniter\Model->insert([...], false)
 6 APPPATH\Controllers\Employee.php(167): CodeIgniter\BaseModel->save([...])
 7 SYSTEMPATH\CodeIgniter.php(974): App\Controllers\Employee->save()
 8 SYSTEMPATH\CodeIgniter.php(520): CodeIgniter\CodeIgniter->runController(Object(App\Controllers\Employee))
 9 SYSTEMPATH\CodeIgniter.php(363): CodeIgniter\CodeIgniter->handleRequest(null, Object(Config\Cache), false)
10 SYSTEMPATH\Boot.php(417): CodeIgniter\CodeIgniter->run()
11 SYSTEMPATH\Boot.php(68): CodeIgniter\Boot::runCodeIgniter(Object(CodeIgniter\CodeIgniter))
12 FCPATH\index.php(59): CodeIgniter\Boot::bootWeb(Object(Config\Paths))
CRITICAL - 2026-06-20 02:20:17 --> [Caused by] CodeIgniter\Database\Exceptions\DatabaseException: Column 'recordId' cannot be null
in SYSTEMPATH\Database\MySQLi\Connection.php on line 310.
 1 SYSTEMPATH\Database\BaseConnection.php(908): CodeIgniter\Database\MySQLi\Connection->execute('INSERT INTO `history` (`status`, `remark`, `recordId`) VALUES (\'Already Sale\', \'\', NULL)')
 2 SYSTEMPATH\Database\BaseConnection.php(825): CodeIgniter\Database\BaseConnection->simpleQuery('INSERT INTO `history` (`status`, `remark`, `recordId`) VALUES (\'Already Sale\', \'\', NULL)')
 3 SYSTEMPATH\Database\BaseBuilder.php(2343): CodeIgniter\Database\BaseConnection->query('INSERT INTO `history` (`status`, `remark`, `recordId`) VALUES (:status:, :remark:, :recordId:)', [...], false)
 4 SYSTEMPATH\Model.php(357): CodeIgniter\Database\BaseBuilder->insert()
 5 SYSTEMPATH\BaseModel.php(899): CodeIgniter\Model->doInsert([...])
 6 SYSTEMPATH\Model.php(670): CodeIgniter\BaseModel->insert([...], false)
 7 SYSTEMPATH\BaseModel.php(752): CodeIgniter\Model->insert([...], false)
 8 APPPATH\Controllers\Employee.php(167): CodeIgniter\BaseModel->save([...])
 9 SYSTEMPATH\CodeIgniter.php(974): App\Controllers\Employee->save()
10 SYSTEMPATH\CodeIgniter.php(520): CodeIgniter\CodeIgniter->runController(Object(App\Controllers\Employee))
11 SYSTEMPATH\CodeIgniter.php(363): CodeIgniter\CodeIgniter->handleRequest(null, Object(Config\Cache), false)
12 SYSTEMPATH\Boot.php(417): CodeIgniter\CodeIgniter->run()
13 SYSTEMPATH\Boot.php(68): CodeIgniter\Boot::runCodeIgniter(Object(CodeIgniter\CodeIgniter))
14 FCPATH\index.php(59): CodeIgniter\Boot::bootWeb(Object(Config\Paths))
CRITICAL - 2026-06-20 02:20:17 --> [Caused by] mysqli_sql_exception: Column 'recordId' cannot be null
in SYSTEMPATH\Database\MySQLi\Connection.php on line 300.
 1 SYSTEMPATH\Database\MySQLi\Connection.php(300): mysqli->query('INSERT INTO `history` (`status`, `remark`, `recordId`) VALUES (\'Already Sale\', \'\', NULL)', 0)
 2 SYSTEMPATH\Database\BaseConnection.php(908): CodeIgniter\Database\MySQLi\Connection->execute('INSERT INTO `history` (`status`, `remark`, `recordId`) VALUES (\'Already Sale\', \'\', NULL)')
 3 SYSTEMPATH\Database\BaseConnection.php(825): CodeIgniter\Database\BaseConnection->simpleQuery('INSERT INTO `history` (`status`, `remark`, `recordId`) VALUES (\'Already Sale\', \'\', NULL)')
 4 SYSTEMPATH\Database\BaseBuilder.php(2343): CodeIgniter\Database\BaseConnection->query('INSERT INTO `history` (`status`, `remark`, `recordId`) VALUES (:status:, :remark:, :recordId:)', [...], false)
 5 SYSTEMPATH\Model.php(357): CodeIgniter\Database\BaseBuilder->insert()
 6 SYSTEMPATH\BaseModel.php(899): CodeIgniter\Model->doInsert([...])
 7 SYSTEMPATH\Model.php(670): CodeIgniter\BaseModel->insert([...], false)
 8 SYSTEMPATH\BaseModel.php(752): CodeIgniter\Model->insert([...], false)
 9 APPPATH\Controllers\Employee.php(167): CodeIgniter\BaseModel->save([...])
10 SYSTEMPATH\CodeIgniter.php(974): App\Controllers\Employee->save()
11 SYSTEMPATH\CodeIgniter.php(520): CodeIgniter\CodeIgniter->runController(Object(App\Controllers\Employee))
12 SYSTEMPATH\CodeIgniter.php(363): CodeIgniter\CodeIgniter->handleRequest(null, Object(Config\Cache), false)
13 SYSTEMPATH\Boot.php(417): CodeIgniter\CodeIgniter->run()
14 SYSTEMPATH\Boot.php(68): CodeIgniter\Boot::runCodeIgniter(Object(CodeIgniter\CodeIgniter))
15 FCPATH\index.php(59): CodeIgniter\Boot::bootWeb(Object(Config\Paths))
ERROR - 2026-06-20 02:21:58 --> Column 'recordId' cannot be null
in SYSTEMPATH\Database\MySQLi\Connection.php on line 300.
 1 SYSTEMPATH\Database\MySQLi\Connection.php(300): mysqli->query('INSERT INTO `history` (`status`, `remark`, `recordId`) VALUES (\'Already Sale\', \'\', NULL)', 0)
 2 SYSTEMPATH\Database\BaseConnection.php(908): CodeIgniter\Database\MySQLi\Connection->execute('INSERT INTO `history` (`status`, `remark`, `recordId`) VALUES (\'Already Sale\', \'\', NULL)')
 3 SYSTEMPATH\Database\BaseConnection.php(825): CodeIgniter\Database\BaseConnection->simpleQuery('INSERT INTO `history` (`status`, `remark`, `recordId`) VALUES (\'Already Sale\', \'\', NULL)')
 4 SYSTEMPATH\Database\BaseBuilder.php(2343): CodeIgniter\Database\BaseConnection->query('INSERT INTO `history` (`status`, `remark`, `recordId`) VALUES (:status:, :remark:, :recordId:)', [...], false)
 5 SYSTEMPATH\Model.php(357): CodeIgniter\Database\BaseBuilder->insert()
 6 SYSTEMPATH\BaseModel.php(899): CodeIgniter\Model->doInsert([...])
 7 SYSTEMPATH\Model.php(670): CodeIgniter\BaseModel->insert([...], false)
 8 SYSTEMPATH\BaseModel.php(752): CodeIgniter\Model->insert([...], false)
 9 APPPATH\Controllers\Employee.php(167): CodeIgniter\BaseModel->save([...])
10 SYSTEMPATH\CodeIgniter.php(974): App\Controllers\Employee->save()
11 SYSTEMPATH\CodeIgniter.php(520): CodeIgniter\CodeIgniter->runController(Object(App\Controllers\Employee))
12 SYSTEMPATH\CodeIgniter.php(363): CodeIgniter\CodeIgniter->handleRequest(null, Object(Config\Cache), false)
13 SYSTEMPATH\Boot.php(417): CodeIgniter\CodeIgniter->run()
14 SYSTEMPATH\Boot.php(68): CodeIgniter\Boot::runCodeIgniter(Object(CodeIgniter\CodeIgniter))
15 FCPATH\index.php(59): CodeIgniter\Boot::bootWeb(Object(Config\Paths))
CRITICAL - 2026-06-20 02:21:58 --> CodeIgniter\Database\Exceptions\DatabaseException: Column 'recordId' cannot be null
[Method: POST, Route: employee/save]
in SYSTEMPATH\Database\BaseConnection.php on line 863.
 1 SYSTEMPATH\Database\BaseBuilder.php(2343): CodeIgniter\Database\BaseConnection->query('INSERT INTO `history` (`status`, `remark`, `recordId`) VALUES (:status:, :remark:, :recordId:)', [...], false)
 2 SYSTEMPATH\Model.php(357): CodeIgniter\Database\BaseBuilder->insert()
 3 SYSTEMPATH\BaseModel.php(899): CodeIgniter\Model->doInsert([...])
 4 SYSTEMPATH\Model.php(670): CodeIgniter\BaseModel->insert([...], false)
 5 SYSTEMPATH\BaseModel.php(752): CodeIgniter\Model->insert([...], false)
 6 APPPATH\Controllers\Employee.php(167): CodeIgniter\BaseModel->save([...])
 7 SYSTEMPATH\CodeIgniter.php(974): App\Controllers\Employee->save()
 8 SYSTEMPATH\CodeIgniter.php(520): CodeIgniter\CodeIgniter->runController(Object(App\Controllers\Employee))
 9 SYSTEMPATH\CodeIgniter.php(363): CodeIgniter\CodeIgniter->handleRequest(null, Object(Config\Cache), false)
10 SYSTEMPATH\Boot.php(417): CodeIgniter\CodeIgniter->run()
11 SYSTEMPATH\Boot.php(68): CodeIgniter\Boot::runCodeIgniter(Object(CodeIgniter\CodeIgniter))
12 FCPATH\index.php(59): CodeIgniter\Boot::bootWeb(Object(Config\Paths))
CRITICAL - 2026-06-20 02:21:58 --> [Caused by] CodeIgniter\Database\Exceptions\DatabaseException: Column 'recordId' cannot be null
in SYSTEMPATH\Database\MySQLi\Connection.php on line 310.
 1 SYSTEMPATH\Database\BaseConnection.php(908): CodeIgniter\Database\MySQLi\Connection->execute('INSERT INTO `history` (`status`, `remark`, `recordId`) VALUES (\'Already Sale\', \'\', NULL)')
 2 SYSTEMPATH\Database\BaseConnection.php(825): CodeIgniter\Database\BaseConnection->simpleQuery('INSERT INTO `history` (`status`, `remark`, `recordId`) VALUES (\'Already Sale\', \'\', NULL)')
 3 SYSTEMPATH\Database\BaseBuilder.php(2343): CodeIgniter\Database\BaseConnection->query('INSERT INTO `history` (`status`, `remark`, `recordId`) VALUES (:status:, :remark:, :recordId:)', [...], false)
 4 SYSTEMPATH\Model.php(357): CodeIgniter\Database\BaseBuilder->insert()
 5 SYSTEMPATH\BaseModel.php(899): CodeIgniter\Model->doInsert([...])
 6 SYSTEMPATH\Model.php(670): CodeIgniter\BaseModel->insert([...], false)
 7 SYSTEMPATH\BaseModel.php(752): CodeIgniter\Model->insert([...], false)
 8 APPPATH\Controllers\Employee.php(167): CodeIgniter\BaseModel->save([...])
 9 SYSTEMPATH\CodeIgniter.php(974): App\Controllers\Employee->save()
10 SYSTEMPATH\CodeIgniter.php(520): CodeIgniter\CodeIgniter->runController(Object(App\Controllers\Employee))
11 SYSTEMPATH\CodeIgniter.php(363): CodeIgniter\CodeIgniter->handleRequest(null, Object(Config\Cache), false)
12 SYSTEMPATH\Boot.php(417): CodeIgniter\CodeIgniter->run()
13 SYSTEMPATH\Boot.php(68): CodeIgniter\Boot::runCodeIgniter(Object(CodeIgniter\CodeIgniter))
14 FCPATH\index.php(59): CodeIgniter\Boot::bootWeb(Object(Config\Paths))
CRITICAL - 2026-06-20 02:21:58 --> [Caused by] mysqli_sql_exception: Column 'recordId' cannot be null
in SYSTEMPATH\Database\MySQLi\Connection.php on line 300.
 1 SYSTEMPATH\Database\MySQLi\Connection.php(300): mysqli->query('INSERT INTO `history` (`status`, `remark`, `recordId`) VALUES (\'Already Sale\', \'\', NULL)', 0)
 2 SYSTEMPATH\Database\BaseConnection.php(908): CodeIgniter\Database\MySQLi\Connection->execute('INSERT INTO `history` (`status`, `remark`, `recordId`) VALUES (\'Already Sale\', \'\', NULL)')
 3 SYSTEMPATH\Database\BaseConnection.php(825): CodeIgniter\Database\BaseConnection->simpleQuery('INSERT INTO `history` (`status`, `remark`, `recordId`) VALUES (\'Already Sale\', \'\', NULL)')
 4 SYSTEMPATH\Database\BaseBuilder.php(2343): CodeIgniter\Database\BaseConnection->query('INSERT INTO `history` (`status`, `remark`, `recordId`) VALUES (:status:, :remark:, :recordId:)', [...], false)
 5 SYSTEMPATH\Model.php(357): CodeIgniter\Database\BaseBuilder->insert()
 6 SYSTEMPATH\BaseModel.php(899): CodeIgniter\Model->doInsert([...])
 7 SYSTEMPATH\Model.php(670): CodeIgniter\BaseModel->insert([...], false)
 8 SYSTEMPATH\BaseModel.php(752): CodeIgniter\Model->insert([...], false)
 9 APPPATH\Controllers\Employee.php(167): CodeIgniter\BaseModel->save([...])
10 SYSTEMPATH\CodeIgniter.php(974): App\Controllers\Employee->save()
11 SYSTEMPATH\CodeIgniter.php(520): CodeIgniter\CodeIgniter->runController(Object(App\Controllers\Employee))
12 SYSTEMPATH\CodeIgniter.php(363): CodeIgniter\CodeIgniter->handleRequest(null, Object(Config\Cache), false)
13 SYSTEMPATH\Boot.php(417): CodeIgniter\CodeIgniter->run()
14 SYSTEMPATH\Boot.php(68): CodeIgniter\Boot::runCodeIgniter(Object(CodeIgniter\CodeIgniter))
15 FCPATH\index.php(59): CodeIgniter\Boot::bootWeb(Object(Config\Paths))
CRITICAL - 2026-06-20 06:03:50 --> ParseError: syntax error, unexpected token "="
[Method: POST, Route: admin/remove-all-data]
in APPPATH\Controllers\Admin.php on line 34.
 1 SYSTEMPATH\Autoloader\Autoloader.php(320): CodeIgniter\Autoloader\Autoloader->includeFile('D:\\xampp\\htdocs\\gbinsurance\\app\\Controllers\\Admin.php')
 2 SYSTEMPATH\Autoloader\Autoloader.php(296): CodeIgniter\Autoloader\Autoloader->loadInNamespace('App\\Controllers\\Admin')
 3 [internal function]: CodeIgniter\Autoloader\Autoloader->loadClass('App\\Controllers\\Admin')
 4 SYSTEMPATH\Router\Router.php(790): class_exists('\\App\\Controllers\\Admin')
 5 SYSTEMPATH\Router\Router.php(228): CodeIgniter\Router\Router->processRouteAttributes()
 6 SYSTEMPATH\CodeIgniter.php(852): CodeIgniter\Router\Router->handle('admin/remove-all-data')
 7 SYSTEMPATH\CodeIgniter.php(464): CodeIgniter\CodeIgniter->tryToRouteIt(Object(CodeIgniter\Router\RouteCollection))
 8 SYSTEMPATH\CodeIgniter.php(363): CodeIgniter\CodeIgniter->handleRequest(null, Object(Config\Cache), false)
 9 SYSTEMPATH\Boot.php(417): CodeIgniter\CodeIgniter->run()
10 SYSTEMPATH\Boot.php(68): CodeIgniter\Boot::runCodeIgniter(Object(CodeIgniter\CodeIgniter))
11 FCPATH\index.php(59): CodeIgniter\Boot::bootWeb(Object(Config\Paths))
CRITICAL - 2026-06-20 06:03:57 --> ParseError: syntax error, unexpected token "="
[Method: POST, Route: admin/remove-all-data]
in APPPATH\Controllers\Admin.php on line 34.
 1 SYSTEMPATH\Autoloader\Autoloader.php(320): CodeIgniter\Autoloader\Autoloader->includeFile('D:\\xampp\\htdocs\\gbinsurance\\app\\Controllers\\Admin.php')
 2 SYSTEMPATH\Autoloader\Autoloader.php(296): CodeIgniter\Autoloader\Autoloader->loadInNamespace('App\\Controllers\\Admin')
 3 [internal function]: CodeIgniter\Autoloader\Autoloader->loadClass('App\\Controllers\\Admin')
 4 SYSTEMPATH\Router\Router.php(790): class_exists('\\App\\Controllers\\Admin')
 5 SYSTEMPATH\Router\Router.php(228): CodeIgniter\Router\Router->processRouteAttributes()
 6 SYSTEMPATH\CodeIgniter.php(852): CodeIgniter\Router\Router->handle('admin/remove-all-data')
 7 SYSTEMPATH\CodeIgniter.php(464): CodeIgniter\CodeIgniter->tryToRouteIt(Object(CodeIgniter\Router\RouteCollection))
 8 SYSTEMPATH\CodeIgniter.php(363): CodeIgniter\CodeIgniter->handleRequest(null, Object(Config\Cache), false)
 9 SYSTEMPATH\Boot.php(417): CodeIgniter\CodeIgniter->run()
10 SYSTEMPATH\Boot.php(68): CodeIgniter\Boot::runCodeIgniter(Object(CodeIgniter\CodeIgniter))
11 FCPATH\index.php(59): CodeIgniter\Boot::bootWeb(Object(Config\Paths))
CRITICAL - 2026-06-20 06:04:02 --> ParseError: syntax error, unexpected token "="
[Method: POST, Route: admin/remove-all-data]
in APPPATH\Controllers\Admin.php on line 34.
 1 SYSTEMPATH\Autoloader\Autoloader.php(320): CodeIgniter\Autoloader\Autoloader->includeFile('D:\\xampp\\htdocs\\gbinsurance\\app\\Controllers\\Admin.php')
 2 SYSTEMPATH\Autoloader\Autoloader.php(296): CodeIgniter\Autoloader\Autoloader->loadInNamespace('App\\Controllers\\Admin')
 3 [internal function]: CodeIgniter\Autoloader\Autoloader->loadClass('App\\Controllers\\Admin')
 4 SYSTEMPATH\Router\Router.php(790): class_exists('\\App\\Controllers\\Admin')
 5 SYSTEMPATH\Router\Router.php(228): CodeIgniter\Router\Router->processRouteAttributes()
 6 SYSTEMPATH\CodeIgniter.php(852): CodeIgniter\Router\Router->handle('admin/remove-all-data')
 7 SYSTEMPATH\CodeIgniter.php(464): CodeIgniter\CodeIgniter->tryToRouteIt(Object(CodeIgniter\Router\RouteCollection))
 8 SYSTEMPATH\CodeIgniter.php(363): CodeIgniter\CodeIgniter->handleRequest(null, Object(Config\Cache), false)
 9 SYSTEMPATH\Boot.php(417): CodeIgniter\CodeIgniter->run()
10 SYSTEMPATH\Boot.php(68): CodeIgniter\Boot::runCodeIgniter(Object(CodeIgniter\CodeIgniter))
11 FCPATH\index.php(59): CodeIgniter\Boot::bootWeb(Object(Config\Paths))
CRITICAL - 2026-06-20 06:04:04 --> ParseError: syntax error, unexpected token "="
[Method: POST, Route: admin/remove-all-data]
in APPPATH\Controllers\Admin.php on line 34.
 1 SYSTEMPATH\Autoloader\Autoloader.php(320): CodeIgniter\Autoloader\Autoloader->includeFile('D:\\xampp\\htdocs\\gbinsurance\\app\\Controllers\\Admin.php')
 2 SYSTEMPATH\Autoloader\Autoloader.php(296): CodeIgniter\Autoloader\Autoloader->loadInNamespace('App\\Controllers\\Admin')
 3 [internal function]: CodeIgniter\Autoloader\Autoloader->loadClass('App\\Controllers\\Admin')
 4 SYSTEMPATH\Router\Router.php(790): class_exists('\\App\\Controllers\\Admin')
 5 SYSTEMPATH\Router\Router.php(228): CodeIgniter\Router\Router->processRouteAttributes()
 6 SYSTEMPATH\CodeIgniter.php(852): CodeIgniter\Router\Router->handle('admin/remove-all-data')
 7 SYSTEMPATH\CodeIgniter.php(464): CodeIgniter\CodeIgniter->tryToRouteIt(Object(CodeIgniter\Router\RouteCollection))
 8 SYSTEMPATH\CodeIgniter.php(363): CodeIgniter\CodeIgniter->handleRequest(null, Object(Config\Cache), false)
 9 SYSTEMPATH\Boot.php(417): CodeIgniter\CodeIgniter->run()
10 SYSTEMPATH\Boot.php(68): CodeIgniter\Boot::runCodeIgniter(Object(CodeIgniter\CodeIgniter))
11 FCPATH\index.php(59): CodeIgniter\Boot::bootWeb(Object(Config\Paths))
CRITICAL - 2026-06-20 06:04:05 --> ParseError: syntax error, unexpected token "="
[Method: POST, Route: admin/remove-all-data]
in APPPATH\Controllers\Admin.php on line 34.
 1 SYSTEMPATH\Autoloader\Autoloader.php(320): CodeIgniter\Autoloader\Autoloader->includeFile('D:\\xampp\\htdocs\\gbinsurance\\app\\Controllers\\Admin.php')
 2 SYSTEMPATH\Autoloader\Autoloader.php(296): CodeIgniter\Autoloader\Autoloader->loadInNamespace('App\\Controllers\\Admin')
 3 [internal function]: CodeIgniter\Autoloader\Autoloader->loadClass('App\\Controllers\\Admin')
 4 SYSTEMPATH\Router\Router.php(790): class_exists('\\App\\Controllers\\Admin')
 5 SYSTEMPATH\Router\Router.php(228): CodeIgniter\Router\Router->processRouteAttributes()
 6 SYSTEMPATH\CodeIgniter.php(852): CodeIgniter\Router\Router->handle('admin/remove-all-data')
 7 SYSTEMPATH\CodeIgniter.php(464): CodeIgniter\CodeIgniter->tryToRouteIt(Object(CodeIgniter\Router\RouteCollection))
 8 SYSTEMPATH\CodeIgniter.php(363): CodeIgniter\CodeIgniter->handleRequest(null, Object(Config\Cache), false)
 9 SYSTEMPATH\Boot.php(417): CodeIgniter\CodeIgniter->run()
10 SYSTEMPATH\Boot.php(68): CodeIgniter\Boot::runCodeIgniter(Object(CodeIgniter\CodeIgniter))
11 FCPATH\index.php(59): CodeIgniter\Boot::bootWeb(Object(Config\Paths))
CRITICAL - 2026-06-20 06:33:20 --> Error: Undefined constant "isDataAvailable"
[Method: GET, Route: employee/dashboard/CEF4C208E1AF1098]
in APPPATH\Views\employee\dashboard.php on line 55.
 1 SYSTEMPATH\View\View.php(240): include()
 2 SYSTEMPATH\View\View.php(243): CodeIgniter\View\View->CodeIgniter\View\{closure}()
 3 SYSTEMPATH\Common.php(1254): CodeIgniter\View\View->render('employee/dashboard', [], true)
 4 APPPATH\Controllers\Employee.php(68): view('employee/dashboard', [...])
 5 SYSTEMPATH\CodeIgniter.php(974): App\Controllers\Employee->dashboard('CEF4C208E1AF1098')
 6 SYSTEMPATH\CodeIgniter.php(520): CodeIgniter\CodeIgniter->runController(Object(App\Controllers\Employee))
 7 SYSTEMPATH\CodeIgniter.php(363): CodeIgniter\CodeIgniter->handleRequest(null, Object(Config\Cache), false)
 8 SYSTEMPATH\Boot.php(417): CodeIgniter\CodeIgniter->run()
 9 SYSTEMPATH\Boot.php(68): CodeIgniter\Boot::runCodeIgniter(Object(CodeIgniter\CodeIgniter))
10 FCPATH\index.php(59): CodeIgniter\Boot::bootWeb(Object(Config\Paths))
CRITICAL - 2026-06-20 06:41:13 --> ErrorException: Trying to access array offset on value of type null
[Method: POST, Route: employee/login]
in APPPATH\Controllers\Auth.php on line 58.
 1 APPPATH\Controllers\Auth.php(58): CodeIgniter\Debug\Exceptions->errorHandler(2, 'Trying to access array offset on value of type null', 'D:\\xampp\\htdocs\\gbinsurance\\app\\Controllers\\Auth.php', 58)
 2 SYSTEMPATH\CodeIgniter.php(974): App\Controllers\Auth->login()
 3 SYSTEMPATH\CodeIgniter.php(520): CodeIgniter\CodeIgniter->runController(Object(App\Controllers\Auth))
 4 SYSTEMPATH\CodeIgniter.php(363): CodeIgniter\CodeIgniter->handleRequest(null, Object(Config\Cache), false)
 5 SYSTEMPATH\Boot.php(417): CodeIgniter\CodeIgniter->run()
 6 SYSTEMPATH\Boot.php(68): CodeIgniter\Boot::runCodeIgniter(Object(CodeIgniter\CodeIgniter))
 7 FCPATH\index.php(59): CodeIgniter\Boot::bootWeb(Object(Config\Paths))
CRITICAL - 2026-06-20 06:46:27 --> Error: Undefined constant "isDataAvailable"
[Method: GET, Route: employee/dashboard]
in APPPATH\Views\employee\dashboard.php on line 55.
 1 SYSTEMPATH\View\View.php(240): include()
 2 SYSTEMPATH\View\View.php(243): CodeIgniter\View\View->CodeIgniter\View\{closure}()
 3 SYSTEMPATH\Common.php(1254): CodeIgniter\View\View->render('employee/dashboard', [], true)
 4 APPPATH\Controllers\Employee.php(76): view('employee/dashboard', [...])
 5 SYSTEMPATH\CodeIgniter.php(974): App\Controllers\Employee->dashboard()
 6 SYSTEMPATH\CodeIgniter.php(520): CodeIgniter\CodeIgniter->runController(Object(App\Controllers\Employee))
 7 SYSTEMPATH\CodeIgniter.php(363): CodeIgniter\CodeIgniter->handleRequest(null, Object(Config\Cache), false)
 8 SYSTEMPATH\Boot.php(417): CodeIgniter\CodeIgniter->run()
 9 SYSTEMPATH\Boot.php(68): CodeIgniter\Boot::runCodeIgniter(Object(CodeIgniter\CodeIgniter))
10 FCPATH\index.php(59): CodeIgniter\Boot::bootWeb(Object(Config\Paths))
CRITICAL - 2026-06-20 06:46:37 --> Error: Undefined constant "isDataAvailable"
[Method: GET, Route: employee/dashboard]
in APPPATH\Views\employee\dashboard.php on line 55.
 1 SYSTEMPATH\View\View.php(240): include()
 2 SYSTEMPATH\View\View.php(243): CodeIgniter\View\View->CodeIgniter\View\{closure}()
 3 SYSTEMPATH\Common.php(1254): CodeIgniter\View\View->render('employee/dashboard', [], true)
 4 APPPATH\Controllers\Employee.php(76): view('employee/dashboard', [...])
 5 SYSTEMPATH\CodeIgniter.php(974): App\Controllers\Employee->dashboard()
 6 SYSTEMPATH\CodeIgniter.php(520): CodeIgniter\CodeIgniter->runController(Object(App\Controllers\Employee))
 7 SYSTEMPATH\CodeIgniter.php(363): CodeIgniter\CodeIgniter->handleRequest(null, Object(Config\Cache), false)
 8 SYSTEMPATH\Boot.php(417): CodeIgniter\CodeIgniter->run()
 9 SYSTEMPATH\Boot.php(68): CodeIgniter\Boot::runCodeIgniter(Object(CodeIgniter\CodeIgniter))
10 FCPATH\index.php(59): CodeIgniter\Boot::bootWeb(Object(Config\Paths))
CRITICAL - 2026-06-20 06:47:00 --> Error: Undefined constant "isDataAvailable"
[Method: GET, Route: employee/dashboard]
in APPPATH\Views\employee\dashboard.php on line 55.
 1 SYSTEMPATH\View\View.php(240): include()
 2 SYSTEMPATH\View\View.php(243): CodeIgniter\View\View->CodeIgniter\View\{closure}()
 3 SYSTEMPATH\Common.php(1254): CodeIgniter\View\View->render('employee/dashboard', [], true)
 4 APPPATH\Controllers\Employee.php(76): view('employee/dashboard', [...])
 5 SYSTEMPATH\CodeIgniter.php(974): App\Controllers\Employee->dashboard()
 6 SYSTEMPATH\CodeIgniter.php(520): CodeIgniter\CodeIgniter->runController(Object(App\Controllers\Employee))
 7 SYSTEMPATH\CodeIgniter.php(363): CodeIgniter\CodeIgniter->handleRequest(null, Object(Config\Cache), false)
 8 SYSTEMPATH\Boot.php(417): CodeIgniter\CodeIgniter->run()
 9 SYSTEMPATH\Boot.php(68): CodeIgniter\Boot::runCodeIgniter(Object(CodeIgniter\CodeIgniter))
10 FCPATH\index.php(59): CodeIgniter\Boot::bootWeb(Object(Config\Paths))
CRITICAL - 2026-06-20 06:49:15 --> Error: Undefined constant "isDataAvailable"
[Method: GET, Route: employee/dashboard]
in APPPATH\Views\employee\dashboard.php on line 55.
 1 SYSTEMPATH\View\View.php(240): include()
 2 SYSTEMPATH\View\View.php(243): CodeIgniter\View\View->CodeIgniter\View\{closure}()
 3 SYSTEMPATH\Common.php(1254): CodeIgniter\View\View->render('employee/dashboard', [], true)
 4 APPPATH\Controllers\Employee.php(17): view('employee/dashboard', [...])
 5 SYSTEMPATH\CodeIgniter.php(974): App\Controllers\Employee->dashboard()
 6 SYSTEMPATH\CodeIgniter.php(520): CodeIgniter\CodeIgniter->runController(Object(App\Controllers\Employee))
 7 SYSTEMPATH\CodeIgniter.php(363): CodeIgniter\CodeIgniter->handleRequest(null, Object(Config\Cache), false)
 8 SYSTEMPATH\Boot.php(417): CodeIgniter\CodeIgniter->run()
 9 SYSTEMPATH\Boot.php(68): CodeIgniter\Boot::runCodeIgniter(Object(CodeIgniter\CodeIgniter))
10 FCPATH\index.php(59): CodeIgniter\Boot::bootWeb(Object(Config\Paths))
CRITICAL - 2026-06-20 07:04:49 --> CodeIgniter\View\Exceptions\ViewException: Invalid file: "employee/allData.php"
[Method: GET, Route: employee/add-data]
in SYSTEMPATH\Exceptions\FrameworkException.php on line 39.
 1 SYSTEMPATH\View\View.php(228): CodeIgniter\Exceptions\FrameworkException::forInvalidFile('employee/allData.php')
 2 SYSTEMPATH\Common.php(1254): CodeIgniter\View\View->render('employee/allData', [], true)
 3 APPPATH\Controllers\Employee.php(192): view('employee/allData', [...])
 4 SYSTEMPATH\CodeIgniter.php(974): App\Controllers\Employee->allData()
 5 SYSTEMPATH\CodeIgniter.php(520): CodeIgniter\CodeIgniter->runController(Object(App\Controllers\Employee))
 6 SYSTEMPATH\CodeIgniter.php(363): CodeIgniter\CodeIgniter->handleRequest(null, Object(Config\Cache), false)
 7 SYSTEMPATH\Boot.php(417): CodeIgniter\CodeIgniter->run()
 8 SYSTEMPATH\Boot.php(68): CodeIgniter\Boot::runCodeIgniter(Object(CodeIgniter\CodeIgniter))
 9 FCPATH\index.php(59): CodeIgniter\Boot::bootWeb(Object(Config\Paths))
CRITICAL - 2026-06-20 07:28:30 --> ParseError: syntax error, unexpected token "else", expecting end of file
[Method: GET, Route: employee/dashboard/2f6d5d4953e97222]
in APPPATH\Views\employee\dashboard.php on line 285.
 1 SYSTEMPATH\View\View.php(243): CodeIgniter\View\View->CodeIgniter\View\{closure}()
 2 SYSTEMPATH\Common.php(1254): CodeIgniter\View\View->render('employee/dashboard', [], true)
 3 APPPATH\Controllers\Employee.php(72): view('employee/dashboard', [...])
 4 SYSTEMPATH\CodeIgniter.php(974): App\Controllers\Employee->dashboard('2f6d5d4953e97222')
 5 SYSTEMPATH\CodeIgniter.php(520): CodeIgniter\CodeIgniter->runController(Object(App\Controllers\Employee))
 6 SYSTEMPATH\CodeIgniter.php(363): CodeIgniter\CodeIgniter->handleRequest(null, Object(Config\Cache), false)
 7 SYSTEMPATH\Boot.php(417): CodeIgniter\CodeIgniter->run()
 8 SYSTEMPATH\Boot.php(68): CodeIgniter\Boot::runCodeIgniter(Object(CodeIgniter\CodeIgniter))
 9 FCPATH\index.php(59): CodeIgniter\Boot::bootWeb(Object(Config\Paths))
CRITICAL - 2026-06-20 09:01:14 --> ErrorException: Undefined variable $row
[Method: GET, Route: employee/all-data]
in APPPATH\Views\employee\allData.php on line 351.
 1 APPPATH\Views\employee\allData.php(351): CodeIgniter\Debug\Exceptions->errorHandler(2, 'Undefined variable $row', 'D:\\xampp\\htdocs\\gbinsurance\\app\\Views\\employee\\allData.php', 351)
 2 SYSTEMPATH\View\View.php(240): include('D:\\xampp\\htdocs\\gbinsurance\\app\\Views\\employee\\allData.php')
 3 SYSTEMPATH\View\View.php(243): CodeIgniter\View\View->CodeIgniter\View\{closure}()
 4 SYSTEMPATH\Common.php(1254): CodeIgniter\View\View->render('employee/allData', [], true)
 5 APPPATH\Controllers\Employee.php(224): view('employee/allData', [...])
 6 SYSTEMPATH\CodeIgniter.php(974): App\Controllers\Employee->allData()
 7 SYSTEMPATH\CodeIgniter.php(520): CodeIgniter\CodeIgniter->runController(Object(App\Controllers\Employee))
 8 SYSTEMPATH\CodeIgniter.php(363): CodeIgniter\CodeIgniter->handleRequest(null, Object(Config\Cache), false)
 9 SYSTEMPATH\Boot.php(417): CodeIgniter\CodeIgniter->run()
10 SYSTEMPATH\Boot.php(68): CodeIgniter\Boot::runCodeIgniter(Object(CodeIgniter\CodeIgniter))
11 FCPATH\index.php(59): CodeIgniter\Boot::bootWeb(Object(Config\Paths))
CRITICAL - 2026-06-20 09:12:10 --> ParseError: syntax error, unexpected token "endforeach", expecting end of file
[Method: GET, Route: employee/all-data]
in APPPATH\Views\employee\allData.php on line 387.
 1 SYSTEMPATH\View\View.php(243): CodeIgniter\View\View->CodeIgniter\View\{closure}()
 2 SYSTEMPATH\Common.php(1254): CodeIgniter\View\View->render('employee/allData', [], true)
 3 APPPATH\Controllers\Employee.php(224): view('employee/allData', [...])
 4 SYSTEMPATH\CodeIgniter.php(974): App\Controllers\Employee->allData()
 5 SYSTEMPATH\CodeIgniter.php(520): CodeIgniter\CodeIgniter->runController(Object(App\Controllers\Employee))
 6 SYSTEMPATH\CodeIgniter.php(363): CodeIgniter\CodeIgniter->handleRequest(null, Object(Config\Cache), false)
 7 SYSTEMPATH\Boot.php(417): CodeIgniter\CodeIgniter->run()
 8 SYSTEMPATH\Boot.php(68): CodeIgniter\Boot::runCodeIgniter(Object(CodeIgniter\CodeIgniter))
 9 FCPATH\index.php(59): CodeIgniter\Boot::bootWeb(Object(Config\Paths))
CRITICAL - 2026-06-20 10:56:20 --> ErrorException: Undefined array key "isActive"
[Method: GET, Route: admin/subscription]
in APPPATH\Views\admin\subscription\employee_subscriptions.php on line 361.
 1 APPPATH\Views\admin\subscription\employee_subscriptions.php(361): CodeIgniter\Debug\Exceptions->errorHandler(2, 'Undefined array key "isActive"', 'D:\\xampp\\htdocs\\gbinsurance\\app\\Views\\admin\\subscription\\employee_subscriptions.php', 361)
 2 SYSTEMPATH\View\View.php(240): include('D:\\xampp\\htdocs\\gbinsurance\\app\\Views\\admin\\subscription\\employee_subscriptions.php')
 3 SYSTEMPATH\View\View.php(243): CodeIgniter\View\View->CodeIgniter\View\{closure}()
 4 SYSTEMPATH\Common.php(1254): CodeIgniter\View\View->render('admin/subscription/employee_subscriptions', [], true)
 5 APPPATH\Controllers\Admin.php(1573): view('admin/subscription/employee_subscriptions', [...])
 6 SYSTEMPATH\CodeIgniter.php(974): App\Controllers\Admin->subscriptionDetails()
 7 SYSTEMPATH\CodeIgniter.php(520): CodeIgniter\CodeIgniter->runController(Object(App\Controllers\Admin))
 8 SYSTEMPATH\CodeIgniter.php(363): CodeIgniter\CodeIgniter->handleRequest(null, Object(Config\Cache), false)
 9 SYSTEMPATH\Boot.php(417): CodeIgniter\CodeIgniter->run()
10 SYSTEMPATH\Boot.php(68): CodeIgniter\Boot::runCodeIgniter(Object(CodeIgniter\CodeIgniter))
11 FCPATH\index.php(59): CodeIgniter\Boot::bootWeb(Object(Config\Paths))
CRITICAL - 2026-06-20 18:08:19 --> ErrorException: Undefined variable $employeeData
[Method: POST, Route: auth/employee-add]
in APPPATH\Controllers\Auth.php on line 156.
 1 APPPATH\Controllers\Auth.php(156): CodeIgniter\Debug\Exceptions->errorHandler(2, 'Undefined variable $employeeData', 'D:\\xampp\\htdocs\\gbinsurance\\app\\Controllers\\Auth.php', 156)
 2 SYSTEMPATH\CodeIgniter.php(974): App\Controllers\Auth->employeeAdd()
 3 SYSTEMPATH\CodeIgniter.php(520): CodeIgniter\CodeIgniter->runController(Object(App\Controllers\Auth))
 4 SYSTEMPATH\CodeIgniter.php(363): CodeIgniter\CodeIgniter->handleRequest(null, Object(Config\Cache), false)
 5 SYSTEMPATH\Boot.php(417): CodeIgniter\CodeIgniter->run()
 6 SYSTEMPATH\Boot.php(68): CodeIgniter\Boot::runCodeIgniter(Object(CodeIgniter\CodeIgniter))
 7 FCPATH\index.php(59): CodeIgniter\Boot::bootWeb(Object(Config\Paths))
CRITICAL - 2026-06-20 18:10:36 --> ErrorException: Undefined variable $employeeData
[Method: POST, Route: auth/employee-add]
in APPPATH\Controllers\Auth.php on line 157.
 1 APPPATH\Controllers\Auth.php(157): CodeIgniter\Debug\Exceptions->errorHandler(2, 'Undefined variable $employeeData', 'D:\\xampp\\htdocs\\gbinsurance\\app\\Controllers\\Auth.php', 157)
 2 SYSTEMPATH\CodeIgniter.php(974): App\Controllers\Auth->employeeAdd()
 3 SYSTEMPATH\CodeIgniter.php(520): CodeIgniter\CodeIgniter->runController(Object(App\Controllers\Auth))
 4 SYSTEMPATH\CodeIgniter.php(363): CodeIgniter\CodeIgniter->handleRequest(null, Object(Config\Cache), false)
 5 SYSTEMPATH\Boot.php(417): CodeIgniter\CodeIgniter->run()
 6 SYSTEMPATH\Boot.php(68): CodeIgniter\Boot::runCodeIgniter(Object(CodeIgniter\CodeIgniter))
 7 FCPATH\index.php(59): CodeIgniter\Boot::bootWeb(Object(Config\Paths))
CRITICAL - 2026-06-20 18:13:44 --> Error: Class "App\Controllers\DateTime" not found
[Method: POST, Route: auth/employee-add]
in APPPATH\Controllers\Auth.php on line 149.
 1 SYSTEMPATH\CodeIgniter.php(974): App\Controllers\Auth->employeeAdd()
 2 SYSTEMPATH\CodeIgniter.php(520): CodeIgniter\CodeIgniter->runController(Object(App\Controllers\Auth))
 3 SYSTEMPATH\CodeIgniter.php(363): CodeIgniter\CodeIgniter->handleRequest(null, Object(Config\Cache), false)
 4 SYSTEMPATH\Boot.php(417): CodeIgniter\CodeIgniter->run()
 5 SYSTEMPATH\Boot.php(68): CodeIgniter\Boot::runCodeIgniter(Object(CodeIgniter\CodeIgniter))
 6 FCPATH\index.php(59): CodeIgniter\Boot::bootWeb(Object(Config\Paths))
CRITICAL - 2026-06-20 18:14:34 --> Error: Class "App\Controllers\DateTime" not found
[Method: POST, Route: auth/employee-add]
in APPPATH\Controllers\Auth.php on line 150.
 1 SYSTEMPATH\CodeIgniter.php(974): App\Controllers\Auth->employeeAdd()
 2 SYSTEMPATH\CodeIgniter.php(520): CodeIgniter\CodeIgniter->runController(Object(App\Controllers\Auth))
 3 SYSTEMPATH\CodeIgniter.php(363): CodeIgniter\CodeIgniter->handleRequest(null, Object(Config\Cache), false)
 4 SYSTEMPATH\Boot.php(417): CodeIgniter\CodeIgniter->run()
 5 SYSTEMPATH\Boot.php(68): CodeIgniter\Boot::runCodeIgniter(Object(CodeIgniter\CodeIgniter))
 6 FCPATH\index.php(59): CodeIgniter\Boot::bootWeb(Object(Config\Paths))
CRITICAL - 2026-06-20 18:16:03 --> ErrorException: Undefined variable $employeeData
[Method: POST, Route: auth/employee-add]
in APPPATH\Controllers\Auth.php on line 159.
 1 APPPATH\Controllers\Auth.php(159): CodeIgniter\Debug\Exceptions->errorHandler(2, 'Undefined variable $employeeData', 'D:\\xampp\\htdocs\\gbinsurance\\app\\Controllers\\Auth.php', 159)
 2 SYSTEMPATH\CodeIgniter.php(974): App\Controllers\Auth->employeeAdd()
 3 SYSTEMPATH\CodeIgniter.php(520): CodeIgniter\CodeIgniter->runController(Object(App\Controllers\Auth))
 4 SYSTEMPATH\CodeIgniter.php(363): CodeIgniter\CodeIgniter->handleRequest(null, Object(Config\Cache), false)
 5 SYSTEMPATH\Boot.php(417): CodeIgniter\CodeIgniter->run()
 6 SYSTEMPATH\Boot.php(68): CodeIgniter\Boot::runCodeIgniter(Object(CodeIgniter\CodeIgniter))
 7 FCPATH\index.php(59): CodeIgniter\Boot::bootWeb(Object(Config\Paths))
CRITICAL - 2026-06-20 18:17:00 --> ErrorException: Undefined variable $employeeData
[Method: POST, Route: auth/employee-add]
in APPPATH\Controllers\Auth.php on line 168.
 1 APPPATH\Controllers\Auth.php(168): CodeIgniter\Debug\Exceptions->errorHandler(2, 'Undefined variable $employeeData', 'D:\\xampp\\htdocs\\gbinsurance\\app\\Controllers\\Auth.php', 168)
 2 SYSTEMPATH\CodeIgniter.php(974): App\Controllers\Auth->employeeAdd()
 3 SYSTEMPATH\CodeIgniter.php(520): CodeIgniter\CodeIgniter->runController(Object(App\Controllers\Auth))
 4 SYSTEMPATH\CodeIgniter.php(363): CodeIgniter\CodeIgniter->handleRequest(null, Object(Config\Cache), false)
 5 SYSTEMPATH\Boot.php(417): CodeIgniter\CodeIgniter->run()
 6 SYSTEMPATH\Boot.php(68): CodeIgniter\Boot::runCodeIgniter(Object(CodeIgniter\CodeIgniter))
 7 FCPATH\index.php(59): CodeIgniter\Boot::bootWeb(Object(Config\Paths))
