CRITICAL - 2026-07-02 01:49:54 --> ErrorException: Undefined variable $earnings
[Method: GET, Route: admin]
in APPPATH\Views\admin\dashboard.php on line 41.
 1 APPPATH\Views\admin\dashboard.php(41): CodeIgniter\Debug\Exceptions->errorHandler(2, 'Undefined variable $earnings', 'D:\\xampp\\htdocs\\gbinsurance\\app\\Views\\admin\\dashboard.php', 41)
 2 SYSTEMPATH\View\View.php(240): include('D:\\xampp\\htdocs\\gbinsurance\\app\\Views\\admin\\dashboard.php')
 3 SYSTEMPATH\View\View.php(243): CodeIgniter\View\View->CodeIgniter\View\{closure}()
 4 SYSTEMPATH\Common.php(1254): CodeIgniter\View\View->render('admin/dashboard', [], true)
 5 APPPATH\Controllers\Admin.php(86): view('admin/dashboard', [...])
 6 SYSTEMPATH\CodeIgniter.php(974): App\Controllers\Admin->index()
 7 SYSTEMPATH\CodeIgniter.php(520): CodeIgniter\CodeIgniter->runController(Object(App\Controllers\Admin))
 8 SYSTEMPATH\CodeIgniter.php(363): CodeIgniter\CodeIgniter->handleRequest(null, Object(Config\Cache), false)
 9 SYSTEMPATH\Boot.php(417): CodeIgniter\CodeIgniter->run()
10 SYSTEMPATH\Boot.php(68): CodeIgniter\Boot::runCodeIgniter(Object(CodeIgniter\CodeIgniter))
11 FCPATH\index.php(59): CodeIgniter\Boot::bootWeb(Object(Config\Paths))
ERROR - 2026-07-02 01:51:42 --> Unknown column 'premium_amount' in 'field list'
in SYSTEMPATH\Database\MySQLi\Connection.php on line 300.
 1 SYSTEMPATH\Database\MySQLi\Connection.php(300): mysqli->query('SELECT SUM(premium_amount) AS total FROM policies', 0)
 2 SYSTEMPATH\Database\BaseConnection.php(908): CodeIgniter\Database\MySQLi\Connection->execute('SELECT SUM(premium_amount) AS total FROM policies')
 3 SYSTEMPATH\Database\BaseConnection.php(825): CodeIgniter\Database\BaseConnection->simpleQuery('SELECT SUM(premium_amount) AS total FROM policies')
 4 APPPATH\Controllers\Admin.php(71): CodeIgniter\Database\BaseConnection->query('SELECT SUM(premium_amount) AS total FROM policies')
 5 SYSTEMPATH\CodeIgniter.php(974): App\Controllers\Admin->index()
 6 SYSTEMPATH\CodeIgniter.php(520): CodeIgniter\CodeIgniter->runController(Object(App\Controllers\Admin))
 7 SYSTEMPATH\CodeIgniter.php(363): CodeIgniter\CodeIgniter->handleRequest(null, Object(Config\Cache), false)
 8 SYSTEMPATH\Boot.php(417): CodeIgniter\CodeIgniter->run()
 9 SYSTEMPATH\Boot.php(68): CodeIgniter\Boot::runCodeIgniter(Object(CodeIgniter\CodeIgniter))
10 FCPATH\index.php(59): CodeIgniter\Boot::bootWeb(Object(Config\Paths))
CRITICAL - 2026-07-02 01:51:42 --> CodeIgniter\Database\Exceptions\DatabaseException: Unknown column 'premium_amount' in 'field list'
[Method: GET, Route: admin]
in SYSTEMPATH\Database\BaseConnection.php on line 863.
 1 APPPATH\Controllers\Admin.php(71): CodeIgniter\Database\BaseConnection->query('SELECT SUM(premium_amount) AS total FROM policies')
 2 SYSTEMPATH\CodeIgniter.php(974): App\Controllers\Admin->index()
 3 SYSTEMPATH\CodeIgniter.php(520): CodeIgniter\CodeIgniter->runController(Object(App\Controllers\Admin))
 4 SYSTEMPATH\CodeIgniter.php(363): CodeIgniter\CodeIgniter->handleRequest(null, Object(Config\Cache), false)
 5 SYSTEMPATH\Boot.php(417): CodeIgniter\CodeIgniter->run()
 6 SYSTEMPATH\Boot.php(68): CodeIgniter\Boot::runCodeIgniter(Object(CodeIgniter\CodeIgniter))
 7 FCPATH\index.php(59): CodeIgniter\Boot::bootWeb(Object(Config\Paths))
CRITICAL - 2026-07-02 01:51:42 --> [Caused by] CodeIgniter\Database\Exceptions\DatabaseException: Unknown column 'premium_amount' in 'field list'
in SYSTEMPATH\Database\MySQLi\Connection.php on line 310.
 1 SYSTEMPATH\Database\BaseConnection.php(908): CodeIgniter\Database\MySQLi\Connection->execute('SELECT SUM(premium_amount) AS total FROM policies')
 2 SYSTEMPATH\Database\BaseConnection.php(825): CodeIgniter\Database\BaseConnection->simpleQuery('SELECT SUM(premium_amount) AS total FROM policies')
 3 APPPATH\Controllers\Admin.php(71): CodeIgniter\Database\BaseConnection->query('SELECT SUM(premium_amount) AS total FROM policies')
 4 SYSTEMPATH\CodeIgniter.php(974): App\Controllers\Admin->index()
 5 SYSTEMPATH\CodeIgniter.php(520): CodeIgniter\CodeIgniter->runController(Object(App\Controllers\Admin))
 6 SYSTEMPATH\CodeIgniter.php(363): CodeIgniter\CodeIgniter->handleRequest(null, Object(Config\Cache), false)
 7 SYSTEMPATH\Boot.php(417): CodeIgniter\CodeIgniter->run()
 8 SYSTEMPATH\Boot.php(68): CodeIgniter\Boot::runCodeIgniter(Object(CodeIgniter\CodeIgniter))
 9 FCPATH\index.php(59): CodeIgniter\Boot::bootWeb(Object(Config\Paths))
CRITICAL - 2026-07-02 01:51:42 --> [Caused by] mysqli_sql_exception: Unknown column 'premium_amount' in 'field list'
in SYSTEMPATH\Database\MySQLi\Connection.php on line 300.
 1 SYSTEMPATH\Database\MySQLi\Connection.php(300): mysqli->query('SELECT SUM(premium_amount) AS total FROM policies', 0)
 2 SYSTEMPATH\Database\BaseConnection.php(908): CodeIgniter\Database\MySQLi\Connection->execute('SELECT SUM(premium_amount) AS total FROM policies')
 3 SYSTEMPATH\Database\BaseConnection.php(825): CodeIgniter\Database\BaseConnection->simpleQuery('SELECT SUM(premium_amount) AS total FROM policies')
 4 APPPATH\Controllers\Admin.php(71): CodeIgniter\Database\BaseConnection->query('SELECT SUM(premium_amount) AS total FROM policies')
 5 SYSTEMPATH\CodeIgniter.php(974): App\Controllers\Admin->index()
 6 SYSTEMPATH\CodeIgniter.php(520): CodeIgniter\CodeIgniter->runController(Object(App\Controllers\Admin))
 7 SYSTEMPATH\CodeIgniter.php(363): CodeIgniter\CodeIgniter->handleRequest(null, Object(Config\Cache), false)
 8 SYSTEMPATH\Boot.php(417): CodeIgniter\CodeIgniter->run()
 9 SYSTEMPATH\Boot.php(68): CodeIgniter\Boot::runCodeIgniter(Object(CodeIgniter\CodeIgniter))
10 FCPATH\index.php(59): CodeIgniter\Boot::bootWeb(Object(Config\Paths))
ERROR - 2026-07-02 01:51:52 --> Unknown column 'premium_amount' in 'field list'
in SYSTEMPATH\Database\MySQLi\Connection.php on line 300.
 1 SYSTEMPATH\Database\MySQLi\Connection.php(300): mysqli->query('SELECT SUM(premium_amount) AS total FROM policies', 0)
 2 SYSTEMPATH\Database\BaseConnection.php(908): CodeIgniter\Database\MySQLi\Connection->execute('SELECT SUM(premium_amount) AS total FROM policies')
 3 SYSTEMPATH\Database\BaseConnection.php(825): CodeIgniter\Database\BaseConnection->simpleQuery('SELECT SUM(premium_amount) AS total FROM policies')
 4 APPPATH\Controllers\Admin.php(71): CodeIgniter\Database\BaseConnection->query('SELECT SUM(premium_amount) AS total FROM policies')
 5 SYSTEMPATH\CodeIgniter.php(974): App\Controllers\Admin->index()
 6 SYSTEMPATH\CodeIgniter.php(520): CodeIgniter\CodeIgniter->runController(Object(App\Controllers\Admin))
 7 SYSTEMPATH\CodeIgniter.php(363): CodeIgniter\CodeIgniter->handleRequest(null, Object(Config\Cache), false)
 8 SYSTEMPATH\Boot.php(417): CodeIgniter\CodeIgniter->run()
 9 SYSTEMPATH\Boot.php(68): CodeIgniter\Boot::runCodeIgniter(Object(CodeIgniter\CodeIgniter))
10 FCPATH\index.php(59): CodeIgniter\Boot::bootWeb(Object(Config\Paths))
CRITICAL - 2026-07-02 01:51:52 --> CodeIgniter\Database\Exceptions\DatabaseException: Unknown column 'premium_amount' in 'field list'
[Method: GET, Route: admin]
in SYSTEMPATH\Database\BaseConnection.php on line 863.
 1 APPPATH\Controllers\Admin.php(71): CodeIgniter\Database\BaseConnection->query('SELECT SUM(premium_amount) AS total FROM policies')
 2 SYSTEMPATH\CodeIgniter.php(974): App\Controllers\Admin->index()
 3 SYSTEMPATH\CodeIgniter.php(520): CodeIgniter\CodeIgniter->runController(Object(App\Controllers\Admin))
 4 SYSTEMPATH\CodeIgniter.php(363): CodeIgniter\CodeIgniter->handleRequest(null, Object(Config\Cache), false)
 5 SYSTEMPATH\Boot.php(417): CodeIgniter\CodeIgniter->run()
 6 SYSTEMPATH\Boot.php(68): CodeIgniter\Boot::runCodeIgniter(Object(CodeIgniter\CodeIgniter))
 7 FCPATH\index.php(59): CodeIgniter\Boot::bootWeb(Object(Config\Paths))
CRITICAL - 2026-07-02 01:51:52 --> [Caused by] CodeIgniter\Database\Exceptions\DatabaseException: Unknown column 'premium_amount' in 'field list'
in SYSTEMPATH\Database\MySQLi\Connection.php on line 310.
 1 SYSTEMPATH\Database\BaseConnection.php(908): CodeIgniter\Database\MySQLi\Connection->execute('SELECT SUM(premium_amount) AS total FROM policies')
 2 SYSTEMPATH\Database\BaseConnection.php(825): CodeIgniter\Database\BaseConnection->simpleQuery('SELECT SUM(premium_amount) AS total FROM policies')
 3 APPPATH\Controllers\Admin.php(71): CodeIgniter\Database\BaseConnection->query('SELECT SUM(premium_amount) AS total FROM policies')
 4 SYSTEMPATH\CodeIgniter.php(974): App\Controllers\Admin->index()
 5 SYSTEMPATH\CodeIgniter.php(520): CodeIgniter\CodeIgniter->runController(Object(App\Controllers\Admin))
 6 SYSTEMPATH\CodeIgniter.php(363): CodeIgniter\CodeIgniter->handleRequest(null, Object(Config\Cache), false)
 7 SYSTEMPATH\Boot.php(417): CodeIgniter\CodeIgniter->run()
 8 SYSTEMPATH\Boot.php(68): CodeIgniter\Boot::runCodeIgniter(Object(CodeIgniter\CodeIgniter))
 9 FCPATH\index.php(59): CodeIgniter\Boot::bootWeb(Object(Config\Paths))
CRITICAL - 2026-07-02 01:51:52 --> [Caused by] mysqli_sql_exception: Unknown column 'premium_amount' in 'field list'
in SYSTEMPATH\Database\MySQLi\Connection.php on line 300.
 1 SYSTEMPATH\Database\MySQLi\Connection.php(300): mysqli->query('SELECT SUM(premium_amount) AS total FROM policies', 0)
 2 SYSTEMPATH\Database\BaseConnection.php(908): CodeIgniter\Database\MySQLi\Connection->execute('SELECT SUM(premium_amount) AS total FROM policies')
 3 SYSTEMPATH\Database\BaseConnection.php(825): CodeIgniter\Database\BaseConnection->simpleQuery('SELECT SUM(premium_amount) AS total FROM policies')
 4 APPPATH\Controllers\Admin.php(71): CodeIgniter\Database\BaseConnection->query('SELECT SUM(premium_amount) AS total FROM policies')
 5 SYSTEMPATH\CodeIgniter.php(974): App\Controllers\Admin->index()
 6 SYSTEMPATH\CodeIgniter.php(520): CodeIgniter\CodeIgniter->runController(Object(App\Controllers\Admin))
 7 SYSTEMPATH\CodeIgniter.php(363): CodeIgniter\CodeIgniter->handleRequest(null, Object(Config\Cache), false)
 8 SYSTEMPATH\Boot.php(417): CodeIgniter\CodeIgniter->run()
 9 SYSTEMPATH\Boot.php(68): CodeIgniter\Boot::runCodeIgniter(Object(CodeIgniter\CodeIgniter))
10 FCPATH\index.php(59): CodeIgniter\Boot::bootWeb(Object(Config\Paths))
ERROR - 2026-07-02 01:52:22 --> Unknown column 'premium_amount' in 'field list'
in SYSTEMPATH\Database\MySQLi\Connection.php on line 300.
 1 SYSTEMPATH\Database\MySQLi\Connection.php(300): mysqli->query('SELECT SUM(premium_amount) AS total FROM policies', 0)
 2 SYSTEMPATH\Database\BaseConnection.php(908): CodeIgniter\Database\MySQLi\Connection->execute('SELECT SUM(premium_amount) AS total FROM policies')
 3 SYSTEMPATH\Database\BaseConnection.php(825): CodeIgniter\Database\BaseConnection->simpleQuery('SELECT SUM(premium_amount) AS total FROM policies')
 4 APPPATH\Controllers\Admin.php(71): CodeIgniter\Database\BaseConnection->query('SELECT SUM(premium_amount) AS total FROM policies')
 5 SYSTEMPATH\CodeIgniter.php(974): App\Controllers\Admin->index()
 6 SYSTEMPATH\CodeIgniter.php(520): CodeIgniter\CodeIgniter->runController(Object(App\Controllers\Admin))
 7 SYSTEMPATH\CodeIgniter.php(363): CodeIgniter\CodeIgniter->handleRequest(null, Object(Config\Cache), false)
 8 SYSTEMPATH\Boot.php(417): CodeIgniter\CodeIgniter->run()
 9 SYSTEMPATH\Boot.php(68): CodeIgniter\Boot::runCodeIgniter(Object(CodeIgniter\CodeIgniter))
10 FCPATH\index.php(59): CodeIgniter\Boot::bootWeb(Object(Config\Paths))
CRITICAL - 2026-07-02 01:52:22 --> CodeIgniter\Database\Exceptions\DatabaseException: Unknown column 'premium_amount' in 'field list'
[Method: GET, Route: admin]
in SYSTEMPATH\Database\BaseConnection.php on line 863.
 1 APPPATH\Controllers\Admin.php(71): CodeIgniter\Database\BaseConnection->query('SELECT SUM(premium_amount) AS total FROM policies')
 2 SYSTEMPATH\CodeIgniter.php(974): App\Controllers\Admin->index()
 3 SYSTEMPATH\CodeIgniter.php(520): CodeIgniter\CodeIgniter->runController(Object(App\Controllers\Admin))
 4 SYSTEMPATH\CodeIgniter.php(363): CodeIgniter\CodeIgniter->handleRequest(null, Object(Config\Cache), false)
 5 SYSTEMPATH\Boot.php(417): CodeIgniter\CodeIgniter->run()
 6 SYSTEMPATH\Boot.php(68): CodeIgniter\Boot::runCodeIgniter(Object(CodeIgniter\CodeIgniter))
 7 FCPATH\index.php(59): CodeIgniter\Boot::bootWeb(Object(Config\Paths))
CRITICAL - 2026-07-02 01:52:22 --> [Caused by] CodeIgniter\Database\Exceptions\DatabaseException: Unknown column 'premium_amount' in 'field list'
in SYSTEMPATH\Database\MySQLi\Connection.php on line 310.
 1 SYSTEMPATH\Database\BaseConnection.php(908): CodeIgniter\Database\MySQLi\Connection->execute('SELECT SUM(premium_amount) AS total FROM policies')
 2 SYSTEMPATH\Database\BaseConnection.php(825): CodeIgniter\Database\BaseConnection->simpleQuery('SELECT SUM(premium_amount) AS total FROM policies')
 3 APPPATH\Controllers\Admin.php(71): CodeIgniter\Database\BaseConnection->query('SELECT SUM(premium_amount) AS total FROM policies')
 4 SYSTEMPATH\CodeIgniter.php(974): App\Controllers\Admin->index()
 5 SYSTEMPATH\CodeIgniter.php(520): CodeIgniter\CodeIgniter->runController(Object(App\Controllers\Admin))
 6 SYSTEMPATH\CodeIgniter.php(363): CodeIgniter\CodeIgniter->handleRequest(null, Object(Config\Cache), false)
 7 SYSTEMPATH\Boot.php(417): CodeIgniter\CodeIgniter->run()
 8 SYSTEMPATH\Boot.php(68): CodeIgniter\Boot::runCodeIgniter(Object(CodeIgniter\CodeIgniter))
 9 FCPATH\index.php(59): CodeIgniter\Boot::bootWeb(Object(Config\Paths))
CRITICAL - 2026-07-02 01:52:22 --> [Caused by] mysqli_sql_exception: Unknown column 'premium_amount' in 'field list'
in SYSTEMPATH\Database\MySQLi\Connection.php on line 300.
 1 SYSTEMPATH\Database\MySQLi\Connection.php(300): mysqli->query('SELECT SUM(premium_amount) AS total FROM policies', 0)
 2 SYSTEMPATH\Database\BaseConnection.php(908): CodeIgniter\Database\MySQLi\Connection->execute('SELECT SUM(premium_amount) AS total FROM policies')
 3 SYSTEMPATH\Database\BaseConnection.php(825): CodeIgniter\Database\BaseConnection->simpleQuery('SELECT SUM(premium_amount) AS total FROM policies')
 4 APPPATH\Controllers\Admin.php(71): CodeIgniter\Database\BaseConnection->query('SELECT SUM(premium_amount) AS total FROM policies')
 5 SYSTEMPATH\CodeIgniter.php(974): App\Controllers\Admin->index()
 6 SYSTEMPATH\CodeIgniter.php(520): CodeIgniter\CodeIgniter->runController(Object(App\Controllers\Admin))
 7 SYSTEMPATH\CodeIgniter.php(363): CodeIgniter\CodeIgniter->handleRequest(null, Object(Config\Cache), false)
 8 SYSTEMPATH\Boot.php(417): CodeIgniter\CodeIgniter->run()
 9 SYSTEMPATH\Boot.php(68): CodeIgniter\Boot::runCodeIgniter(Object(CodeIgniter\CodeIgniter))
10 FCPATH\index.php(59): CodeIgniter\Boot::bootWeb(Object(Config\Paths))
ERROR - 2026-07-02 01:52:28 --> Unknown column 'premium_amount' in 'field list'
in SYSTEMPATH\Database\MySQLi\Connection.php on line 300.
 1 SYSTEMPATH\Database\MySQLi\Connection.php(300): mysqli->query('SELECT SUM(premium_amount) AS total FROM policies', 0)
 2 SYSTEMPATH\Database\BaseConnection.php(908): CodeIgniter\Database\MySQLi\Connection->execute('SELECT SUM(premium_amount) AS total FROM policies')
 3 SYSTEMPATH\Database\BaseConnection.php(825): CodeIgniter\Database\BaseConnection->simpleQuery('SELECT SUM(premium_amount) AS total FROM policies')
 4 APPPATH\Controllers\Admin.php(71): CodeIgniter\Database\BaseConnection->query('SELECT SUM(premium_amount) AS total FROM policies')
 5 SYSTEMPATH\CodeIgniter.php(974): App\Controllers\Admin->index()
 6 SYSTEMPATH\CodeIgniter.php(520): CodeIgniter\CodeIgniter->runController(Object(App\Controllers\Admin))
 7 SYSTEMPATH\CodeIgniter.php(363): CodeIgniter\CodeIgniter->handleRequest(null, Object(Config\Cache), false)
 8 SYSTEMPATH\Boot.php(417): CodeIgniter\CodeIgniter->run()
 9 SYSTEMPATH\Boot.php(68): CodeIgniter\Boot::runCodeIgniter(Object(CodeIgniter\CodeIgniter))
10 FCPATH\index.php(59): CodeIgniter\Boot::bootWeb(Object(Config\Paths))
CRITICAL - 2026-07-02 01:52:28 --> CodeIgniter\Database\Exceptions\DatabaseException: Unknown column 'premium_amount' in 'field list'
[Method: GET, Route: admin]
in SYSTEMPATH\Database\BaseConnection.php on line 863.
 1 APPPATH\Controllers\Admin.php(71): CodeIgniter\Database\BaseConnection->query('SELECT SUM(premium_amount) AS total FROM policies')
 2 SYSTEMPATH\CodeIgniter.php(974): App\Controllers\Admin->index()
 3 SYSTEMPATH\CodeIgniter.php(520): CodeIgniter\CodeIgniter->runController(Object(App\Controllers\Admin))
 4 SYSTEMPATH\CodeIgniter.php(363): CodeIgniter\CodeIgniter->handleRequest(null, Object(Config\Cache), false)
 5 SYSTEMPATH\Boot.php(417): CodeIgniter\CodeIgniter->run()
 6 SYSTEMPATH\Boot.php(68): CodeIgniter\Boot::runCodeIgniter(Object(CodeIgniter\CodeIgniter))
 7 FCPATH\index.php(59): CodeIgniter\Boot::bootWeb(Object(Config\Paths))
CRITICAL - 2026-07-02 01:52:28 --> [Caused by] CodeIgniter\Database\Exceptions\DatabaseException: Unknown column 'premium_amount' in 'field list'
in SYSTEMPATH\Database\MySQLi\Connection.php on line 310.
 1 SYSTEMPATH\Database\BaseConnection.php(908): CodeIgniter\Database\MySQLi\Connection->execute('SELECT SUM(premium_amount) AS total FROM policies')
 2 SYSTEMPATH\Database\BaseConnection.php(825): CodeIgniter\Database\BaseConnection->simpleQuery('SELECT SUM(premium_amount) AS total FROM policies')
 3 APPPATH\Controllers\Admin.php(71): CodeIgniter\Database\BaseConnection->query('SELECT SUM(premium_amount) AS total FROM policies')
 4 SYSTEMPATH\CodeIgniter.php(974): App\Controllers\Admin->index()
 5 SYSTEMPATH\CodeIgniter.php(520): CodeIgniter\CodeIgniter->runController(Object(App\Controllers\Admin))
 6 SYSTEMPATH\CodeIgniter.php(363): CodeIgniter\CodeIgniter->handleRequest(null, Object(Config\Cache), false)
 7 SYSTEMPATH\Boot.php(417): CodeIgniter\CodeIgniter->run()
 8 SYSTEMPATH\Boot.php(68): CodeIgniter\Boot::runCodeIgniter(Object(CodeIgniter\CodeIgniter))
 9 FCPATH\index.php(59): CodeIgniter\Boot::bootWeb(Object(Config\Paths))
CRITICAL - 2026-07-02 01:52:28 --> [Caused by] mysqli_sql_exception: Unknown column 'premium_amount' in 'field list'
in SYSTEMPATH\Database\MySQLi\Connection.php on line 300.
 1 SYSTEMPATH\Database\MySQLi\Connection.php(300): mysqli->query('SELECT SUM(premium_amount) AS total FROM policies', 0)
 2 SYSTEMPATH\Database\BaseConnection.php(908): CodeIgniter\Database\MySQLi\Connection->execute('SELECT SUM(premium_amount) AS total FROM policies')
 3 SYSTEMPATH\Database\BaseConnection.php(825): CodeIgniter\Database\BaseConnection->simpleQuery('SELECT SUM(premium_amount) AS total FROM policies')
 4 APPPATH\Controllers\Admin.php(71): CodeIgniter\Database\BaseConnection->query('SELECT SUM(premium_amount) AS total FROM policies')
 5 SYSTEMPATH\CodeIgniter.php(974): App\Controllers\Admin->index()
 6 SYSTEMPATH\CodeIgniter.php(520): CodeIgniter\CodeIgniter->runController(Object(App\Controllers\Admin))
 7 SYSTEMPATH\CodeIgniter.php(363): CodeIgniter\CodeIgniter->handleRequest(null, Object(Config\Cache), false)
 8 SYSTEMPATH\Boot.php(417): CodeIgniter\CodeIgniter->run()
 9 SYSTEMPATH\Boot.php(68): CodeIgniter\Boot::runCodeIgniter(Object(CodeIgniter\CodeIgniter))
10 FCPATH\index.php(59): CodeIgniter\Boot::bootWeb(Object(Config\Paths))
CRITICAL - 2026-07-02 01:53:05 --> ErrorException: Undefined variable $earnings
[Method: GET, Route: admin]
in APPPATH\Views\admin\dashboard.php on line 41.
 1 APPPATH\Views\admin\dashboard.php(41): CodeIgniter\Debug\Exceptions->errorHandler(2, 'Undefined variable $earnings', 'D:\\xampp\\htdocs\\gbinsurance\\app\\Views\\admin\\dashboard.php', 41)
 2 SYSTEMPATH\View\View.php(240): include('D:\\xampp\\htdocs\\gbinsurance\\app\\Views\\admin\\dashboard.php')
 3 SYSTEMPATH\View\View.php(243): CodeIgniter\View\View->CodeIgniter\View\{closure}()
 4 SYSTEMPATH\Common.php(1254): CodeIgniter\View\View->render('admin/dashboard', [], true)
 5 APPPATH\Controllers\Admin.php(86): view('admin/dashboard', [...])
 6 SYSTEMPATH\CodeIgniter.php(974): App\Controllers\Admin->index()
 7 SYSTEMPATH\CodeIgniter.php(520): CodeIgniter\CodeIgniter->runController(Object(App\Controllers\Admin))
 8 SYSTEMPATH\CodeIgniter.php(363): CodeIgniter\CodeIgniter->handleRequest(null, Object(Config\Cache), false)
 9 SYSTEMPATH\Boot.php(417): CodeIgniter\CodeIgniter->run()
10 SYSTEMPATH\Boot.php(68): CodeIgniter\Boot::runCodeIgniter(Object(CodeIgniter\CodeIgniter))
11 FCPATH\index.php(59): CodeIgniter\Boot::bootWeb(Object(Config\Paths))
CRITICAL - 2026-07-02 01:53:35 --> ErrorException: Undefined variable $earnings
[Method: GET, Route: admin]
in APPPATH\Views\admin\dashboard.php on line 41.
 1 APPPATH\Views\admin\dashboard.php(41): CodeIgniter\Debug\Exceptions->errorHandler(2, 'Undefined variable $earnings', 'D:\\xampp\\htdocs\\gbinsurance\\app\\Views\\admin\\dashboard.php', 41)
 2 SYSTEMPATH\View\View.php(240): include('D:\\xampp\\htdocs\\gbinsurance\\app\\Views\\admin\\dashboard.php')
 3 SYSTEMPATH\View\View.php(243): CodeIgniter\View\View->CodeIgniter\View\{closure}()
 4 SYSTEMPATH\Common.php(1254): CodeIgniter\View\View->render('admin/dashboard', [], true)
 5 APPPATH\Controllers\Admin.php(86): view('admin/dashboard', [...])
 6 SYSTEMPATH\CodeIgniter.php(974): App\Controllers\Admin->index()
 7 SYSTEMPATH\CodeIgniter.php(520): CodeIgniter\CodeIgniter->runController(Object(App\Controllers\Admin))
 8 SYSTEMPATH\CodeIgniter.php(363): CodeIgniter\CodeIgniter->handleRequest(null, Object(Config\Cache), false)
 9 SYSTEMPATH\Boot.php(417): CodeIgniter\CodeIgniter->run()
10 SYSTEMPATH\Boot.php(68): CodeIgniter\Boot::runCodeIgniter(Object(CodeIgniter\CodeIgniter))
11 FCPATH\index.php(59): CodeIgniter\Boot::bootWeb(Object(Config\Paths))
CRITICAL - 2026-07-02 01:54:05 --> ErrorException: Undefined variable $earnings
[Method: GET, Route: admin]
in APPPATH\Views\admin\dashboard.php on line 41.
 1 APPPATH\Views\admin\dashboard.php(41): CodeIgniter\Debug\Exceptions->errorHandler(2, 'Undefined variable $earnings', 'D:\\xampp\\htdocs\\gbinsurance\\app\\Views\\admin\\dashboard.php', 41)
 2 SYSTEMPATH\View\View.php(240): include('D:\\xampp\\htdocs\\gbinsurance\\app\\Views\\admin\\dashboard.php')
 3 SYSTEMPATH\View\View.php(243): CodeIgniter\View\View->CodeIgniter\View\{closure}()
 4 SYSTEMPATH\Common.php(1254): CodeIgniter\View\View->render('admin/dashboard', [], true)
 5 APPPATH\Controllers\Admin.php(86): view('admin/dashboard', [...])
 6 SYSTEMPATH\CodeIgniter.php(974): App\Controllers\Admin->index()
 7 SYSTEMPATH\CodeIgniter.php(520): CodeIgniter\CodeIgniter->runController(Object(App\Controllers\Admin))
 8 SYSTEMPATH\CodeIgniter.php(363): CodeIgniter\CodeIgniter->handleRequest(null, Object(Config\Cache), false)
 9 SYSTEMPATH\Boot.php(417): CodeIgniter\CodeIgniter->run()
10 SYSTEMPATH\Boot.php(68): CodeIgniter\Boot::runCodeIgniter(Object(CodeIgniter\CodeIgniter))
11 FCPATH\index.php(59): CodeIgniter\Boot::bootWeb(Object(Config\Paths))
CRITICAL - 2026-07-02 02:41:10 --> ErrorException: include(../sidebar.php): Failed to open stream: No such file or directory
[Method: GET, Route: admin/attendance/history]
in APPPATH\Views\admin\attendance\history.php on line 114.
 1 APPPATH\Views\admin\attendance\history.php(114): CodeIgniter\Debug\Exceptions->errorHandler(2, 'include(../sidebar.php): Failed to open stream: No such file or directory', 'D:\\xampp\\htdocs\\gbinsurance\\app\\Views\\admin\\attendance\\history.php', 114)
 2 APPPATH\Views\admin\attendance\history.php(114): include()
 3 SYSTEMPATH\View\View.php(240): include('D:\\xampp\\htdocs\\gbinsurance\\app\\Views\\admin\\attendance\\history.php')
 4 SYSTEMPATH\View\View.php(243): CodeIgniter\View\View->CodeIgniter\View\{closure}()
 5 SYSTEMPATH\Common.php(1254): CodeIgniter\View\View->render('admin/attendance/history', [], true)
 6 APPPATH\Controllers\Admin.php(1550): view('admin/attendance/history', [...])
 7 SYSTEMPATH\CodeIgniter.php(974): App\Controllers\Admin->employeeAttendanceHistory()
 8 SYSTEMPATH\CodeIgniter.php(520): CodeIgniter\CodeIgniter->runController(Object(App\Controllers\Admin))
 9 SYSTEMPATH\CodeIgniter.php(363): CodeIgniter\CodeIgniter->handleRequest(null, Object(Config\Cache), false)
10 SYSTEMPATH\Boot.php(417): CodeIgniter\CodeIgniter->run()
11 SYSTEMPATH\Boot.php(68): CodeIgniter\Boot::runCodeIgniter(Object(CodeIgniter\CodeIgniter))
12 FCPATH\index.php(59): CodeIgniter\Boot::bootWeb(Object(Config\Paths))
CRITICAL - 2026-07-02 02:41:15 --> ErrorException: include(../sidebar.php): Failed to open stream: No such file or directory
[Method: GET, Route: admin/attendance/history]
in APPPATH\Views\admin\attendance\history.php on line 114.
 1 APPPATH\Views\admin\attendance\history.php(114): CodeIgniter\Debug\Exceptions->errorHandler(2, 'include(../sidebar.php): Failed to open stream: No such file or directory', 'D:\\xampp\\htdocs\\gbinsurance\\app\\Views\\admin\\attendance\\history.php', 114)
 2 APPPATH\Views\admin\attendance\history.php(114): include()
 3 SYSTEMPATH\View\View.php(240): include('D:\\xampp\\htdocs\\gbinsurance\\app\\Views\\admin\\attendance\\history.php')
 4 SYSTEMPATH\View\View.php(243): CodeIgniter\View\View->CodeIgniter\View\{closure}()
 5 SYSTEMPATH\Common.php(1254): CodeIgniter\View\View->render('admin/attendance/history', [], true)
 6 APPPATH\Controllers\Admin.php(1550): view('admin/attendance/history', [...])
 7 SYSTEMPATH\CodeIgniter.php(974): App\Controllers\Admin->employeeAttendanceHistory()
 8 SYSTEMPATH\CodeIgniter.php(520): CodeIgniter\CodeIgniter->runController(Object(App\Controllers\Admin))
 9 SYSTEMPATH\CodeIgniter.php(363): CodeIgniter\CodeIgniter->handleRequest(null, Object(Config\Cache), false)
10 SYSTEMPATH\Boot.php(417): CodeIgniter\CodeIgniter->run()
11 SYSTEMPATH\Boot.php(68): CodeIgniter\Boot::runCodeIgniter(Object(CodeIgniter\CodeIgniter))
12 FCPATH\index.php(59): CodeIgniter\Boot::bootWeb(Object(Config\Paths))
